#
# There is insufficient memory for the Java Runtime Environment to continue.
# Native memory allocation (mmap) failed to map 65011712 bytes for G1 virtual space
# Possible reasons:
#   The system is out of physical RAM or swap space
#   The process is running with CompressedOops enabled, and the Java Heap may be blocking the growth of the native heap
# Possible solutions:
#   Reduce memory load on the system
#   Increase physical memory or swap space
#   Check if swap backing store is full
#   Decrease Java heap size (-Xmx/-Xms)
#   Decrease number of Java threads
#   Decrease Java thread stack sizes (-Xss)
#   Set larger code cache with -XX:ReservedCodeCacheSize=
#   JVM is running with Unscaled Compressed Oops mode in which the Java heap is
#     placed in the first 4GB address space. The Java Heap base address is the
#     maximum limit for the native heap growth. Please use -XX:HeapBaseMinAddress
#     to set the Java Heap base and to place the Java Heap above 4GB virtual address.
# This output file may be truncated or incomplete.
#
#  Out of Memory Error (os_windows.cpp:3603), pid=25100, tid=17720
#
# JRE version: Java(TM) SE Runtime Environment (21.0.9+7) (build 21.0.9+7-LTS-338)
# Java VM: Java HotSpot(TM) 64-Bit Server VM (21.0.9+7-LTS-338, mixed mode, sharing, tiered, compressed oops, compressed class ptrs, g1 gc, windows-amd64)
# No core dump will be written. Minidumps are not enabled by default on client versions of Windows
#

---------------  S U M M A R Y ------------

Command Line: -Djdk.attach.allowAttachSelf=true -Dorg.gradle.internal.worker.tmpdir=C:\TheCareer\NextEnterBack\build\tmp\test\work -Xmx512m -Dfile.encoding=UTF-8 -Duser.country=KR -Duser.language=ko -Duser.variant -ea worker.org.gradle.process.internal.worker.GradleWorkerMain 'Gradle Test Executor 1'

Host: 12th Gen Intel(R) Core(TM) i5-12400F, 12 cores, 15G,  Windows 10 , 64 bit Build 19041 (10.0.19041.2546)
Time: Sat Jan 31 07:38:41 2026 elapsed time: 4.873202 seconds (0d 0h 0m 4s)

---------------  T H R E A D  ---------------

Current thread (0x00000257fe3950b0):  VMThread "VM Thread"          [id=17720, stack(0x000000fc4dc00000,0x000000fc4dd00000) (1024K)]

Stack: [0x000000fc4dc00000,0x000000fc4dd00000]
Native frames: (J=compiled Java code, j=interpreted, Vv=VM code, C=native code)
V  [jvm.dll+0x6cbf89]
V  [jvm.dll+0x858421]
V  [jvm.dll+0x85a94e]
V  [jvm.dll+0x85b023]
V  [jvm.dll+0x27ebc6]
V  [jvm.dll+0x6c8705]
V  [jvm.dll+0x6bd26a]
V  [jvm.dll+0x354a0a]
V  [jvm.dll+0x35c686]
V  [jvm.dll+0x3af79e]
V  [jvm.dll+0x3afa48]
V  [jvm.dll+0x328d1c]
V  [jvm.dll+0x328da7]
V  [jvm.dll+0x36d6cc]
V  [jvm.dll+0x36bf1e]
V  [jvm.dll+0x3284e1]
V  [jvm.dll+0x36b63a]
V  [jvm.dll+0x860df0]
V  [jvm.dll+0x862174]
V  [jvm.dll+0x8626b0]
V  [jvm.dll+0x862953]
V  [jvm.dll+0x80265b]
V  [jvm.dll+0x6ca66d]
C  [ucrtbase.dll+0x21bb2]
C  [KERNEL32.DLL+0x17614]
C  [ntdll.dll+0x526a1]

VM_Operation (0x000000fc4d5f5860): G1CollectForAllocation, mode: safepoint, requested by thread 0x00000257f014bc40


---------------  P R O C E S S  ---------------

Threads class SMR info:
_java_thread_list=0x00000257d4c0fa80, length=22, elements={
0x00000257f014bc40, 0x00000257fe3b0490, 0x00000257fe3b10f0, 0x00000257fe3b3f60,
0x00000257fe3b49c0, 0x00000257fe3b5780, 0x00000257fe3b61e0, 0x00000257fe3b8f80,
0x00000257fe3bc1e0, 0x00000257fe681160, 0x00000257fe68cb60, 0x00000257fe69c8d0,
0x00000257fe6ad180, 0x00000257d4247c50, 0x00000257d45e4040, 0x00000257d414e6b0,
0x00000257d49605d0, 0x00000257d71771c0, 0x00000257d5e9e950, 0x00000257d4f2be00,
0x00000257d5d51a30, 0x00000257d7149600
}

Java Threads: ( => current thread )
  0x00000257f014bc40 JavaThread "Test worker"                       [_thread_blocked, id=5064, stack(0x000000fc4d500000,0x000000fc4d600000) (1024K)]
  0x00000257fe3b0490 JavaThread "Reference Handler"          daemon [_thread_blocked, id=22780, stack(0x000000fc4dd00000,0x000000fc4de00000) (1024K)]
  0x00000257fe3b10f0 JavaThread "Finalizer"                  daemon [_thread_blocked, id=14804, stack(0x000000fc4de00000,0x000000fc4df00000) (1024K)]
  0x00000257fe3b3f60 JavaThread "Signal Dispatcher"          daemon [_thread_blocked, id=16616, stack(0x000000fc4df00000,0x000000fc4e000000) (1024K)]
  0x00000257fe3b49c0 JavaThread "Attach Listener"            daemon [_thread_blocked, id=7840, stack(0x000000fc4e000000,0x000000fc4e100000) (1024K)]
  0x00000257fe3b5780 JavaThread "Service Thread"             daemon [_thread_blocked, id=6408, stack(0x000000fc4e100000,0x000000fc4e200000) (1024K)]
  0x00000257fe3b61e0 JavaThread "Monitor Deflation Thread"   daemon [_thread_blocked, id=11960, stack(0x000000fc4e200000,0x000000fc4e300000) (1024K)]
  0x00000257fe3b8f80 JavaThread "C2 CompilerThread0"         daemon [_thread_blocked, id=16752, stack(0x000000fc4e300000,0x000000fc4e400000) (1024K)]
  0x00000257fe3bc1e0 JavaThread "C1 CompilerThread0"         daemon [_thread_blocked, id=16436, stack(0x000000fc4e400000,0x000000fc4e500000) (1024K)]
  0x00000257fe681160 JavaThread "Notification Thread"        daemon [_thread_blocked, id=21328, stack(0x000000fc4e500000,0x000000fc4e600000) (1024K)]
  0x00000257fe68cb60 JavaThread "Common-Cleaner"             daemon [_thread_blocked, id=8804, stack(0x000000fc4e600000,0x000000fc4e700000) (1024K)]
  0x00000257fe69c8d0 JavaThread "C2 CompilerThread1"         daemon [_thread_blocked, id=6284, stack(0x000000fc4e700000,0x000000fc4e800000) (1024K)]
  0x00000257fe6ad180 JavaThread "C2 CompilerThread2"         daemon [_thread_blocked, id=2784, stack(0x000000fc4e800000,0x000000fc4e900000) (1024K)]
  0x00000257d4247c50 JavaThread "/127.0.0.1:11080 to /127.0.0.1:11078 workers"        [_thread_blocked, id=18388, stack(0x000000fc4ea00000,0x000000fc4eb00000) (1024K)]
  0x00000257d45e4040 JavaThread "/127.0.0.1:11080 to /127.0.0.1:11078 workers Thread 2"        [_thread_blocked, id=13420, stack(0x000000fc4eb00000,0x000000fc4ec00000) (1024K)]
  0x00000257d414e6b0 JavaThread "/127.0.0.1:11080 to /127.0.0.1:11078 workers Thread 3"        [_thread_in_native, id=10368, stack(0x000000fc4ec00000,0x000000fc4ed00000) (1024K)]
  0x00000257d49605d0 JavaThread "mysql-cj-abandoned-connection-cleanup" daemon [_thread_blocked, id=24096, stack(0x000000fc4f600000,0x000000fc4f700000) (1024K)]
  0x00000257d71771c0 JavaThread "MVStore background writer C:/TheCareer/NextEnterBack/data/codequery.mv.db" daemon [_thread_blocked, id=20392, stack(0x000000fc4f900000,0x000000fc4fa00000) (1024K)]
  0x00000257d5e9e950 JavaThread "HikariPool-1:housekeeper"   daemon [_thread_blocked, id=5052, stack(0x000000fc4fa00000,0x000000fc4fb00000) (1024K)]
  0x00000257d4f2be00 JavaThread "HikariPool-1:connection-adder" daemon [_thread_blocked, id=15120, stack(0x000000fc4fb00000,0x000000fc4fc00000) (1024K)]
  0x00000257d5d51a30 JavaThread "H2-serialization"           daemon [_thread_blocked, id=12736, stack(0x000000fc4fc00000,0x000000fc4fd00000) (1024K)]
  0x00000257d7149600 JavaThread "H2-save"                    daemon [_thread_blocked, id=23156, stack(0x000000fc4fd00000,0x000000fc4fe00000) (1024K)]
Total: 22

Other Threads:
=>0x00000257fe3950b0 VMThread "VM Thread"                           [id=17720, stack(0x000000fc4dc00000,0x000000fc4dd00000) (1024K)]
  0x00000257fe382e20 WatcherThread "VM Periodic Task Thread"        [id=16400, stack(0x000000fc4db00000,0x000000fc4dc00000) (1024K)]
  0x00000257f2351610 WorkerThread "GC Thread#0"                     [id=4652, stack(0x000000fc4d600000,0x000000fc4d700000) (1024K)]
  0x00000257d441b690 WorkerThread "GC Thread#1"                     [id=17180, stack(0x000000fc4ed00000,0x000000fc4ee00000) (1024K)]
  0x00000257d441ba40 WorkerThread "GC Thread#2"                     [id=19012, stack(0x000000fc4ee00000,0x000000fc4ef00000) (1024K)]
  0x00000257d441bdf0 WorkerThread "GC Thread#3"                     [id=16280, stack(0x000000fc4ef00000,0x000000fc4f000000) (1024K)]
  0x00000257d4414900 WorkerThread "GC Thread#4"                     [id=3944, stack(0x000000fc4f000000,0x000000fc4f100000) (1024K)]
  0x00000257d44158d0 WorkerThread "GC Thread#5"                     [id=8844, stack(0x000000fc4f100000,0x000000fc4f200000) (1024K)]
  0x00000257fef80da0 WorkerThread "GC Thread#6"                     [id=14524, stack(0x000000fc4f200000,0x000000fc4f300000) (1024K)]
  0x00000257fef81970 WorkerThread "GC Thread#7"                     [id=19580, stack(0x000000fc4f300000,0x000000fc4f400000) (1024K)]
  0x00000257d41e3950 WorkerThread "GC Thread#8"                     [id=2404, stack(0x000000fc4f400000,0x000000fc4f500000) (1024K)]
  0x00000257d41e3d00 WorkerThread "GC Thread#9"                     [id=23260, stack(0x000000fc4f500000,0x000000fc4f600000) (1024K)]
  0x00000257f2356650 ConcurrentGCThread "G1 Main Marker"            [id=2728, stack(0x000000fc4d700000,0x000000fc4d800000) (1024K)]
  0x00000257f2357000 WorkerThread "G1 Conc#0"                       [id=11624, stack(0x000000fc4d800000,0x000000fc4d900000) (1024K)]
  0x00000257d4a83400 WorkerThread "G1 Conc#1"                       [id=21304, stack(0x000000fc4f700000,0x000000fc4f800000) (1024K)]
  0x00000257d4a828f0 WorkerThread "G1 Conc#2"                       [id=16428, stack(0x000000fc4f800000,0x000000fc4f900000) (1024K)]
  0x00000257fe2549d0 ConcurrentGCThread "G1 Refine#0"               [id=2040, stack(0x000000fc4d900000,0x000000fc4da00000) (1024K)]
  0x00000257fe257210 ConcurrentGCThread "G1 Service"                [id=6216, stack(0x000000fc4da00000,0x000000fc4db00000) (1024K)]
Total: 18

Threads with active compile tasks:
Total: 0

VM state: at safepoint (normal execution)

VM Mutex/Monitor currently owned by a thread:  ([mutex/lock_event])
[0x00007fff1a9c0df0] Threads_lock - owner thread: 0x00000257fe3950b0
[0x00007fff1a9c0ef0] Heap_lock - owner thread: 0x00000257f014bc40

Heap address: 0x00000000e0000000, size: 512 MB, Compressed Oops mode: 32-bit

CDS archive(s) mapped at: [0x000002578f000000-0x000002578fc90000-0x000002578fc90000), size 13172736, SharedBaseAddress: 0x000002578f000000, ArchiveRelocationMode: 1.
Compressed class space mapped at: 0x0000025790000000-0x00000257d0000000, reserved size: 1073741824
Narrow klass base: 0x000002578f000000, Narrow klass shift: 0, Narrow klass range: 0x100000000

GC Precious Log:
 CardTable entry size: 512
 Card Set container configuration: InlinePtr #cards 5 size 8 Array Of Cards #cards 12 size 40 Howl #buckets 4 coarsen threshold 1843 Howl Bitmap #cards 512 size 80 coarsen threshold 460 Card regions per heap region 1 cards per card region 2048
 CPUs: 12 total, 12 available
 Memory: 16225M
 Large Page Support: Disabled
 NUMA Support: Disabled
 Compressed Oops: Enabled (32-bit)
 Heap Region Size: 1M
 Heap Min Capacity: 8M
 Heap Initial Capacity: 254M
 Heap Max Capacity: 512M
 Pre-touch: Disabled
 Parallel Workers: 10
 Concurrent Workers: 3
 Concurrent Refinement Workers: 10
 Periodic GC: Disabled

Heap:
 garbage-first heap   total 157696K, used 89183K [0x00000000e0000000, 0x0000000100000000)
  region size 1024K, 6 young (6144K), 6 survivors (6144K)
 Metaspace       used 80599K, committed 81344K, reserved 1179648K
  class space    used 10973K, committed 11328K, reserved 1048576K

Heap Regions: E=young(eden), S=young(survivor), O=old, HS=humongous(starts), HC=humongous(continues), CS=collection set, F=free, TAMS=top-at-mark-start, PB=parsable bottom
|   0|0x00000000e0000000, 0x00000000e0100000, 0x00000000e0100000|100%|HS|  |TAMS 0x00000000e0100000| PB 0x00000000e0000000| Complete 
|   1|0x00000000e0100000, 0x00000000e0200000, 0x00000000e0200000|100%|HS|  |TAMS 0x00000000e0200000| PB 0x00000000e0100000| Complete 
|   2|0x00000000e0200000, 0x00000000e0300000, 0x00000000e0300000|100%| O|  |TAMS 0x00000000e0300000| PB 0x00000000e0200000| Untracked 
|   3|0x00000000e0300000, 0x00000000e0400000, 0x00000000e0400000|100%| O|  |TAMS 0x00000000e0400000| PB 0x00000000e0300000| Untracked 
|   4|0x00000000e0400000, 0x00000000e0500000, 0x00000000e0500000|100%| O|  |TAMS 0x00000000e0500000| PB 0x00000000e0400000| Untracked 
|   5|0x00000000e0500000, 0x00000000e0600000, 0x00000000e0600000|100%| O|  |TAMS 0x00000000e0600000| PB 0x00000000e0500000| Untracked 
|   6|0x00000000e0600000, 0x00000000e0700000, 0x00000000e0700000|100%| O|  |TAMS 0x00000000e0700000| PB 0x00000000e0600000| Untracked 
|   7|0x00000000e0700000, 0x00000000e0800000, 0x00000000e0800000|100%| O|  |TAMS 0x00000000e0800000| PB 0x00000000e0700000| Untracked 
|   8|0x00000000e0800000, 0x00000000e0900000, 0x00000000e0900000|100%| O|  |TAMS 0x00000000e0900000| PB 0x00000000e0800000| Untracked 
|   9|0x00000000e0900000, 0x00000000e0a00000, 0x00000000e0a00000|100%| O|  |TAMS 0x00000000e0a00000| PB 0x00000000e0900000| Untracked 
|  10|0x00000000e0a00000, 0x00000000e0b00000, 0x00000000e0b00000|100%| O|  |TAMS 0x00000000e0b00000| PB 0x00000000e0a00000| Untracked 
|  11|0x00000000e0b00000, 0x00000000e0c00000, 0x00000000e0c00000|100%| O|  |TAMS 0x00000000e0c00000| PB 0x00000000e0b00000| Untracked 
|  12|0x00000000e0c00000, 0x00000000e0d00000, 0x00000000e0d00000|100%| O|  |TAMS 0x00000000e0d00000| PB 0x00000000e0c00000| Untracked 
|  13|0x00000000e0d00000, 0x00000000e0e00000, 0x00000000e0e00000|100%| O|  |TAMS 0x00000000e0e00000| PB 0x00000000e0d00000| Untracked 
|  14|0x00000000e0e00000, 0x00000000e0f00000, 0x00000000e0f00000|100%| O|  |TAMS 0x00000000e0f00000| PB 0x00000000e0e00000| Untracked 
|  15|0x00000000e0f00000, 0x00000000e1000000, 0x00000000e1000000|100%| O|  |TAMS 0x00000000e1000000| PB 0x00000000e0f00000| Untracked 
|  16|0x00000000e1000000, 0x00000000e1100000, 0x00000000e1100000|100%| O|  |TAMS 0x00000000e1100000| PB 0x00000000e1000000| Untracked 
|  17|0x00000000e1100000, 0x00000000e1200000, 0x00000000e1200000|100%| O|  |TAMS 0x00000000e1200000| PB 0x00000000e1100000| Untracked 
|  18|0x00000000e1200000, 0x00000000e1300000, 0x00000000e1300000|100%| O|  |TAMS 0x00000000e1300000| PB 0x00000000e1200000| Untracked 
|  19|0x00000000e1300000, 0x00000000e1400000, 0x00000000e1400000|100%| O|  |TAMS 0x00000000e1400000| PB 0x00000000e1300000| Untracked 
|  20|0x00000000e1400000, 0x00000000e1500000, 0x00000000e1500000|100%| O|  |TAMS 0x00000000e1500000| PB 0x00000000e1400000| Untracked 
|  21|0x00000000e1500000, 0x00000000e1600000, 0x00000000e1600000|100%| O|  |TAMS 0x00000000e1600000| PB 0x00000000e1500000| Untracked 
|  22|0x00000000e1600000, 0x00000000e1700000, 0x00000000e1700000|100%| O|  |TAMS 0x00000000e1700000| PB 0x00000000e1600000| Untracked 
|  23|0x00000000e1700000, 0x00000000e1800000, 0x00000000e1800000|100%| O|  |TAMS 0x00000000e1800000| PB 0x00000000e1700000| Untracked 
|  24|0x00000000e1800000, 0x00000000e1900000, 0x00000000e1900000|100%| O|  |TAMS 0x00000000e1900000| PB 0x00000000e1800000| Untracked 
|  25|0x00000000e1900000, 0x00000000e1a00000, 0x00000000e1a00000|100%| O|  |TAMS 0x00000000e1a00000| PB 0x00000000e1900000| Untracked 
|  26|0x00000000e1a00000, 0x00000000e1b00000, 0x00000000e1b00000|100%| O|  |TAMS 0x00000000e1b00000| PB 0x00000000e1a00000| Untracked 
|  27|0x00000000e1b00000, 0x00000000e1c00000, 0x00000000e1c00000|100%| O|  |TAMS 0x00000000e1c00000| PB 0x00000000e1b00000| Untracked 
|  28|0x00000000e1c00000, 0x00000000e1d00000, 0x00000000e1d00000|100%| O|  |TAMS 0x00000000e1d00000| PB 0x00000000e1c00000| Untracked 
|  29|0x00000000e1d00000, 0x00000000e1e00000, 0x00000000e1e00000|100%| O|  |TAMS 0x00000000e1e00000| PB 0x00000000e1d00000| Untracked 
|  30|0x00000000e1e00000, 0x00000000e1f00000, 0x00000000e1f00000|100%| O|  |TAMS 0x00000000e1f00000| PB 0x00000000e1e00000| Untracked 
|  31|0x00000000e1f00000, 0x00000000e2000000, 0x00000000e2000000|100%| O|  |TAMS 0x00000000e2000000| PB 0x00000000e1f00000| Untracked 
|  32|0x00000000e2000000, 0x00000000e2100000, 0x00000000e2100000|100%| O|  |TAMS 0x00000000e2100000| PB 0x00000000e2000000| Untracked 
|  33|0x00000000e2100000, 0x00000000e2200000, 0x00000000e2200000|100%| O|  |TAMS 0x00000000e2200000| PB 0x00000000e2100000| Untracked 
|  34|0x00000000e2200000, 0x00000000e2300000, 0x00000000e2300000|100%|HS|  |TAMS 0x00000000e2300000| PB 0x00000000e2200000| Complete 
|  35|0x00000000e2300000, 0x00000000e2400000, 0x00000000e2400000|100%|HC|  |TAMS 0x00000000e2400000| PB 0x00000000e2300000| Complete 
|  36|0x00000000e2400000, 0x00000000e2500000, 0x00000000e2500000|100%| O|  |TAMS 0x00000000e2500000| PB 0x00000000e2400000| Untracked 
|  37|0x00000000e2500000, 0x00000000e2600000, 0x00000000e2600000|100%| O|  |TAMS 0x00000000e2600000| PB 0x00000000e2500000| Untracked 
|  38|0x00000000e2600000, 0x00000000e2700000, 0x00000000e2700000|100%| O|  |TAMS 0x00000000e2700000| PB 0x00000000e2600000| Untracked 
|  39|0x00000000e2700000, 0x00000000e2800000, 0x00000000e2800000|100%| O|  |TAMS 0x00000000e2800000| PB 0x00000000e2700000| Untracked 
|  40|0x00000000e2800000, 0x00000000e2900000, 0x00000000e2900000|100%| O|  |TAMS 0x00000000e2900000| PB 0x00000000e2800000| Untracked 
|  41|0x00000000e2900000, 0x00000000e2a00000, 0x00000000e2a00000|100%| O|  |TAMS 0x00000000e2a00000| PB 0x00000000e2900000| Untracked 
|  42|0x00000000e2a00000, 0x00000000e2b00000, 0x00000000e2b00000|100%| O|  |TAMS 0x00000000e2b00000| PB 0x00000000e2a00000| Untracked 
|  43|0x00000000e2b00000, 0x00000000e2c00000, 0x00000000e2c00000|100%| O|  |TAMS 0x00000000e2c00000| PB 0x00000000e2b00000| Untracked 
|  44|0x00000000e2c00000, 0x00000000e2d00000, 0x00000000e2d00000|100%| O|  |TAMS 0x00000000e2d00000| PB 0x00000000e2c00000| Untracked 
|  45|0x00000000e2d00000, 0x00000000e2e00000, 0x00000000e2e00000|100%| O|  |TAMS 0x00000000e2e00000| PB 0x00000000e2d00000| Untracked 
|  46|0x00000000e2e00000, 0x00000000e2e00000, 0x00000000e2f00000|  0%| F|  |TAMS 0x00000000e2e00000| PB 0x00000000e2e00000| Untracked 
|  47|0x00000000e2f00000, 0x00000000e3000000, 0x00000000e3000000|100%| O|  |TAMS 0x00000000e3000000| PB 0x00000000e2f00000| Untracked 
|  48|0x00000000e3000000, 0x00000000e3100000, 0x00000000e3100000|100%| O|  |TAMS 0x00000000e3100000| PB 0x00000000e3000000| Untracked 
|  49|0x00000000e3100000, 0x00000000e3200000, 0x00000000e3200000|100%| O|  |TAMS 0x00000000e3200000| PB 0x00000000e3100000| Untracked 
|  50|0x00000000e3200000, 0x00000000e3300000, 0x00000000e3300000|100%| O|  |TAMS 0x00000000e3300000| PB 0x00000000e3200000| Untracked 
|  51|0x00000000e3300000, 0x00000000e3400000, 0x00000000e3400000|100%| O|  |TAMS 0x00000000e3400000| PB 0x00000000e3300000| Untracked 
|  52|0x00000000e3400000, 0x00000000e3500000, 0x00000000e3500000|100%| O|  |TAMS 0x00000000e3500000| PB 0x00000000e3400000| Untracked 
|  53|0x00000000e3500000, 0x00000000e3600000, 0x00000000e3600000|100%| O|  |TAMS 0x00000000e3600000| PB 0x00000000e3500000| Untracked 
|  54|0x00000000e3600000, 0x00000000e3700000, 0x00000000e3700000|100%| O|  |TAMS 0x00000000e3700000| PB 0x00000000e3600000| Untracked 
|  55|0x00000000e3700000, 0x00000000e3800000, 0x00000000e3800000|100%| O|  |TAMS 0x00000000e3800000| PB 0x00000000e3700000| Untracked 
|  56|0x00000000e3800000, 0x00000000e3900000, 0x00000000e3900000|100%| O|  |TAMS 0x00000000e3900000| PB 0x00000000e3800000| Untracked 
|  57|0x00000000e3900000, 0x00000000e3a00000, 0x00000000e3a00000|100%| O|  |TAMS 0x00000000e3a00000| PB 0x00000000e3900000| Untracked 
|  58|0x00000000e3a00000, 0x00000000e3b00000, 0x00000000e3b00000|100%| O|  |TAMS 0x00000000e3b00000| PB 0x00000000e3a00000| Untracked 
|  59|0x00000000e3b00000, 0x00000000e3c00000, 0x00000000e3c00000|100%| O|  |TAMS 0x00000000e3c00000| PB 0x00000000e3b00000| Untracked 
|  60|0x00000000e3c00000, 0x00000000e3d00000, 0x00000000e3d00000|100%| O|  |TAMS 0x00000000e3d00000| PB 0x00000000e3c00000| Untracked 
|  61|0x00000000e3d00000, 0x00000000e3e00000, 0x00000000e3e00000|100%| O|  |TAMS 0x00000000e3e00000| PB 0x00000000e3d00000| Untracked 
|  62|0x00000000e3e00000, 0x00000000e3f00000, 0x00000000e3f00000|100%| O|  |TAMS 0x00000000e3f00000| PB 0x00000000e3e00000| Untracked 
|  63|0x00000000e3f00000, 0x00000000e4000000, 0x00000000e4000000|100%| O|  |TAMS 0x00000000e4000000| PB 0x00000000e3f00000| Untracked 
|  64|0x00000000e4000000, 0x00000000e4100000, 0x00000000e4100000|100%| O|  |TAMS 0x00000000e4100000| PB 0x00000000e4000000| Untracked 
|  65|0x00000000e4100000, 0x00000000e4200000, 0x00000000e4200000|100%| O|  |TAMS 0x00000000e4200000| PB 0x00000000e4100000| Untracked 
|  66|0x00000000e4200000, 0x00000000e4300000, 0x00000000e4300000|100%| O|  |TAMS 0x00000000e4300000| PB 0x00000000e4200000| Untracked 
|  67|0x00000000e4300000, 0x00000000e4400000, 0x00000000e4400000|100%| O|  |TAMS 0x00000000e4400000| PB 0x00000000e4300000| Untracked 
|  68|0x00000000e4400000, 0x00000000e4500000, 0x00000000e4500000|100%| O|  |TAMS 0x00000000e4500000| PB 0x00000000e4400000| Untracked 
|  69|0x00000000e4500000, 0x00000000e4600000, 0x00000000e4600000|100%| O|  |TAMS 0x00000000e4600000| PB 0x00000000e4500000| Untracked 
|  70|0x00000000e4600000, 0x00000000e4700000, 0x00000000e4700000|100%| O|  |TAMS 0x00000000e4700000| PB 0x00000000e4600000| Untracked 
|  71|0x00000000e4700000, 0x00000000e4800000, 0x00000000e4800000|100%| O|  |TAMS 0x00000000e4800000| PB 0x00000000e4700000| Untracked 
|  72|0x00000000e4800000, 0x00000000e4900000, 0x00000000e4900000|100%| O|  |TAMS 0x00000000e4900000| PB 0x00000000e4800000| Untracked 
|  73|0x00000000e4900000, 0x00000000e4a00000, 0x00000000e4a00000|100%| O|  |TAMS 0x00000000e4a00000| PB 0x00000000e4900000| Untracked 
|  74|0x00000000e4a00000, 0x00000000e4ae95e0, 0x00000000e4b00000| 91%| O|  |TAMS 0x00000000e4ae95e0| PB 0x00000000e4a00000| Untracked 
|  75|0x00000000e4b00000, 0x00000000e4b00000, 0x00000000e4c00000|  0%| F|  |TAMS 0x00000000e4b00000| PB 0x00000000e4b00000| Untracked 
|  76|0x00000000e4c00000, 0x00000000e4c00000, 0x00000000e4d00000|  0%| F|  |TAMS 0x00000000e4c00000| PB 0x00000000e4c00000| Untracked 
|  77|0x00000000e4d00000, 0x00000000e4d00000, 0x00000000e4e00000|  0%| F|  |TAMS 0x00000000e4d00000| PB 0x00000000e4d00000| Untracked 
|  78|0x00000000e4e00000, 0x00000000e4e00000, 0x00000000e4f00000|  0%| F|  |TAMS 0x00000000e4e00000| PB 0x00000000e4e00000| Untracked 
|  79|0x00000000e4f00000, 0x00000000e4f00000, 0x00000000e5000000|  0%| F|  |TAMS 0x00000000e4f00000| PB 0x00000000e4f00000| Untracked 
|  80|0x00000000e5000000, 0x00000000e5000000, 0x00000000e5100000|  0%| F|  |TAMS 0x00000000e5000000| PB 0x00000000e5000000| Untracked 
|  81|0x00000000e5100000, 0x00000000e5100000, 0x00000000e5200000|  0%| F|  |TAMS 0x00000000e5100000| PB 0x00000000e5100000| Untracked 
|  82|0x00000000e5200000, 0x00000000e5200000, 0x00000000e5300000|  0%| F|  |TAMS 0x00000000e5200000| PB 0x00000000e5200000| Untracked 
|  83|0x00000000e5300000, 0x00000000e5300000, 0x00000000e5400000|  0%| F|  |TAMS 0x00000000e5300000| PB 0x00000000e5300000| Untracked 
|  84|0x00000000e5400000, 0x00000000e5400000, 0x00000000e5500000|  0%| F|  |TAMS 0x00000000e5400000| PB 0x00000000e5400000| Untracked 
|  85|0x00000000e5500000, 0x00000000e5500000, 0x00000000e5600000|  0%| F|  |TAMS 0x00000000e5500000| PB 0x00000000e5500000| Untracked 
|  86|0x00000000e5600000, 0x00000000e5600000, 0x00000000e5700000|  0%| F|  |TAMS 0x00000000e5600000| PB 0x00000000e5600000| Untracked 
|  87|0x00000000e5700000, 0x00000000e5700000, 0x00000000e5800000|  0%| F|  |TAMS 0x00000000e5700000| PB 0x00000000e5700000| Untracked 
|  88|0x00000000e5800000, 0x00000000e5800000, 0x00000000e5900000|  0%| F|  |TAMS 0x00000000e5800000| PB 0x00000000e5800000| Untracked 
|  89|0x00000000e5900000, 0x00000000e5900000, 0x00000000e5a00000|  0%| F|  |TAMS 0x00000000e5900000| PB 0x00000000e5900000| Untracked 
|  90|0x00000000e5a00000, 0x00000000e5a00000, 0x00000000e5b00000|  0%| F|  |TAMS 0x00000000e5a00000| PB 0x00000000e5a00000| Untracked 
|  91|0x00000000e5b00000, 0x00000000e5b2e6a0, 0x00000000e5c00000| 18%| S|CS|TAMS 0x00000000e5b00000| PB 0x00000000e5b00000| Complete 
|  92|0x00000000e5c00000, 0x00000000e5d00000, 0x00000000e5d00000|100%| S|CS|TAMS 0x00000000e5c00000| PB 0x00000000e5c00000| Complete 
|  93|0x00000000e5d00000, 0x00000000e5e00000, 0x00000000e5e00000|100%| S|CS|TAMS 0x00000000e5d00000| PB 0x00000000e5d00000| Complete 
|  94|0x00000000e5e00000, 0x00000000e5f00000, 0x00000000e5f00000|100%| S|CS|TAMS 0x00000000e5e00000| PB 0x00000000e5e00000| Complete 
|  95|0x00000000e5f00000, 0x00000000e6000000, 0x00000000e6000000|100%| S|CS|TAMS 0x00000000e5f00000| PB 0x00000000e5f00000| Complete 
|  96|0x00000000e6000000, 0x00000000e6100000, 0x00000000e6100000|100%| S|CS|TAMS 0x00000000e6000000| PB 0x00000000e6000000| Complete 
|  97|0x00000000e6100000, 0x00000000e6100000, 0x00000000e6200000|  0%| F|  |TAMS 0x00000000e6100000| PB 0x00000000e6100000| Untracked 
|  98|0x00000000e6200000, 0x00000000e6200000, 0x00000000e6300000|  0%| F|  |TAMS 0x00000000e6200000| PB 0x00000000e6200000| Untracked 
|  99|0x00000000e6300000, 0x00000000e6300000, 0x00000000e6400000|  0%| F|  |TAMS 0x00000000e6300000| PB 0x00000000e6300000| Untracked 
| 100|0x00000000e6400000, 0x00000000e6400000, 0x00000000e6500000|  0%| F|  |TAMS 0x00000000e6400000| PB 0x00000000e6400000| Untracked 
| 101|0x00000000e6500000, 0x00000000e6500000, 0x00000000e6600000|  0%| F|  |TAMS 0x00000000e6500000| PB 0x00000000e6500000| Untracked 
| 102|0x00000000e6600000, 0x00000000e6600000, 0x00000000e6700000|  0%| F|  |TAMS 0x00000000e6600000| PB 0x00000000e6600000| Untracked 
| 103|0x00000000e6700000, 0x00000000e6700000, 0x00000000e6800000|  0%| F|  |TAMS 0x00000000e6700000| PB 0x00000000e6700000| Untracked 
| 104|0x00000000e6800000, 0x00000000e6800000, 0x00000000e6900000|  0%| F|  |TAMS 0x00000000e6800000| PB 0x00000000e6800000| Untracked 
| 105|0x00000000e6900000, 0x00000000e6900000, 0x00000000e6a00000|  0%| F|  |TAMS 0x00000000e6900000| PB 0x00000000e6900000| Untracked 
| 106|0x00000000e6a00000, 0x00000000e6a00000, 0x00000000e6b00000|  0%| F|  |TAMS 0x00000000e6a00000| PB 0x00000000e6a00000| Untracked 
| 107|0x00000000e6b00000, 0x00000000e6b00000, 0x00000000e6c00000|  0%| F|  |TAMS 0x00000000e6b00000| PB 0x00000000e6b00000| Untracked 
| 108|0x00000000e6c00000, 0x00000000e6c00000, 0x00000000e6d00000|  0%| F|  |TAMS 0x00000000e6c00000| PB 0x00000000e6c00000| Untracked 
| 109|0x00000000e6d00000, 0x00000000e6d00000, 0x00000000e6e00000|  0%| F|  |TAMS 0x00000000e6d00000| PB 0x00000000e6d00000| Untracked 
| 110|0x00000000e6e00000, 0x00000000e6e00000, 0x00000000e6f00000|  0%| F|  |TAMS 0x00000000e6e00000| PB 0x00000000e6e00000| Untracked 
| 111|0x00000000e6f00000, 0x00000000e6f00000, 0x00000000e7000000|  0%| F|  |TAMS 0x00000000e6f00000| PB 0x00000000e6f00000| Untracked 
| 112|0x00000000e7000000, 0x00000000e7000000, 0x00000000e7100000|  0%| F|  |TAMS 0x00000000e7000000| PB 0x00000000e7000000| Untracked 
| 113|0x00000000e7100000, 0x00000000e7100000, 0x00000000e7200000|  0%| F|  |TAMS 0x00000000e7100000| PB 0x00000000e7100000| Untracked 
| 114|0x00000000e7200000, 0x00000000e7200000, 0x00000000e7300000|  0%| F|  |TAMS 0x00000000e7200000| PB 0x00000000e7200000| Untracked 
| 115|0x00000000e7300000, 0x00000000e7300000, 0x00000000e7400000|  0%| F|  |TAMS 0x00000000e7300000| PB 0x00000000e7300000| Untracked 
| 116|0x00000000e7400000, 0x00000000e7400000, 0x00000000e7500000|  0%| F|  |TAMS 0x00000000e7400000| PB 0x00000000e7400000| Untracked 
| 117|0x00000000e7500000, 0x00000000e7500000, 0x00000000e7600000|  0%| F|  |TAMS 0x00000000e7500000| PB 0x00000000e7500000| Untracked 
| 118|0x00000000e7600000, 0x00000000e7600000, 0x00000000e7700000|  0%| F|  |TAMS 0x00000000e7600000| PB 0x00000000e7600000| Untracked 
| 119|0x00000000e7700000, 0x00000000e7700000, 0x00000000e7800000|  0%| F|  |TAMS 0x00000000e7700000| PB 0x00000000e7700000| Untracked 
| 120|0x00000000e7800000, 0x00000000e7800000, 0x00000000e7900000|  0%| F|  |TAMS 0x00000000e7800000| PB 0x00000000e7800000| Untracked 
| 121|0x00000000e7900000, 0x00000000e7900000, 0x00000000e7a00000|  0%| F|  |TAMS 0x00000000e7900000| PB 0x00000000e7900000| Untracked 
| 122|0x00000000e7a00000, 0x00000000e7a00000, 0x00000000e7b00000|  0%| F|  |TAMS 0x00000000e7a00000| PB 0x00000000e7a00000| Untracked 
| 123|0x00000000e7b00000, 0x00000000e7b00000, 0x00000000e7c00000|  0%| F|  |TAMS 0x00000000e7b00000| PB 0x00000000e7b00000| Untracked 
| 124|0x00000000e7c00000, 0x00000000e7c00000, 0x00000000e7d00000|  0%| F|  |TAMS 0x00000000e7c00000| PB 0x00000000e7c00000| Untracked 
| 125|0x00000000e7d00000, 0x00000000e7d00000, 0x00000000e7e00000|  0%| F|  |TAMS 0x00000000e7d00000| PB 0x00000000e7d00000| Untracked 
| 126|0x00000000e7e00000, 0x00000000e7e00000, 0x00000000e7f00000|  0%| F|  |TAMS 0x00000000e7e00000| PB 0x00000000e7e00000| Untracked 
| 127|0x00000000e7f00000, 0x00000000e7f00000, 0x00000000e8000000|  0%| F|  |TAMS 0x00000000e7f00000| PB 0x00000000e7f00000| Untracked 
| 128|0x00000000e8000000, 0x00000000e8000000, 0x00000000e8100000|  0%| F|  |TAMS 0x00000000e8000000| PB 0x00000000e8000000| Untracked 
| 129|0x00000000e8100000, 0x00000000e8100000, 0x00000000e8200000|  0%| F|  |TAMS 0x00000000e8100000| PB 0x00000000e8100000| Untracked 
| 130|0x00000000e8200000, 0x00000000e8200000, 0x00000000e8300000|  0%| F|  |TAMS 0x00000000e8200000| PB 0x00000000e8200000| Untracked 
| 131|0x00000000e8300000, 0x00000000e8300000, 0x00000000e8400000|  0%| F|  |TAMS 0x00000000e8300000| PB 0x00000000e8300000| Untracked 
| 132|0x00000000e8400000, 0x00000000e8400000, 0x00000000e8500000|  0%| F|  |TAMS 0x00000000e8400000| PB 0x00000000e8400000| Untracked 
| 133|0x00000000e8500000, 0x00000000e8500000, 0x00000000e8600000|  0%| F|  |TAMS 0x00000000e8500000| PB 0x00000000e8500000| Untracked 
| 134|0x00000000e8600000, 0x00000000e8600000, 0x00000000e8700000|  0%| F|  |TAMS 0x00000000e8600000| PB 0x00000000e8600000| Untracked 
| 135|0x00000000e8700000, 0x00000000e8700000, 0x00000000e8800000|  0%| F|  |TAMS 0x00000000e8700000| PB 0x00000000e8700000| Untracked 
| 136|0x00000000e8800000, 0x00000000e8800000, 0x00000000e8900000|  0%| F|  |TAMS 0x00000000e8800000| PB 0x00000000e8800000| Untracked 
| 137|0x00000000e8900000, 0x00000000e8900000, 0x00000000e8a00000|  0%| F|  |TAMS 0x00000000e8900000| PB 0x00000000e8900000| Untracked 
| 138|0x00000000e8a00000, 0x00000000e8a00000, 0x00000000e8b00000|  0%| F|  |TAMS 0x00000000e8a00000| PB 0x00000000e8a00000| Untracked 
| 201|0x00000000ec900000, 0x00000000ec900000, 0x00000000eca00000|  0%| F|  |TAMS 0x00000000ec900000| PB 0x00000000ec900000| Untracked 
| 202|0x00000000eca00000, 0x00000000eca00000, 0x00000000ecb00000|  0%| F|  |TAMS 0x00000000eca00000| PB 0x00000000eca00000| Untracked 
| 203|0x00000000ecb00000, 0x00000000ecb00000, 0x00000000ecc00000|  0%| F|  |TAMS 0x00000000ecb00000| PB 0x00000000ecb00000| Untracked 
| 204|0x00000000ecc00000, 0x00000000ecc00000, 0x00000000ecd00000|  0%| F|  |TAMS 0x00000000ecc00000| PB 0x00000000ecc00000| Untracked 
| 205|0x00000000ecd00000, 0x00000000ecd00000, 0x00000000ece00000|  0%| F|  |TAMS 0x00000000ecd00000| PB 0x00000000ecd00000| Untracked 
| 253|0x00000000efd00000, 0x00000000efd00000, 0x00000000efe00000|  0%| F|  |TAMS 0x00000000efd00000| PB 0x00000000efd00000| Untracked 
| 503|0x00000000ff700000, 0x00000000ff800000, 0x00000000ff800000|100%| O|  |TAMS 0x00000000ff800000| PB 0x00000000ff700000| Untracked 
| 504|0x00000000ff800000, 0x00000000ff800000, 0x00000000ff900000|  0%| F|  |TAMS 0x00000000ff800000| PB 0x00000000ff800000| Untracked 
| 505|0x00000000ff900000, 0x00000000ffa00000, 0x00000000ffa00000|100%| O|  |TAMS 0x00000000ffa00000| PB 0x00000000ff900000| Untracked 
| 506|0x00000000ffa00000, 0x00000000ffb00000, 0x00000000ffb00000|100%| O|  |TAMS 0x00000000ffb00000| PB 0x00000000ffa00000| Untracked 
| 507|0x00000000ffb00000, 0x00000000ffc00000, 0x00000000ffc00000|100%| O|  |TAMS 0x00000000ffc00000| PB 0x00000000ffb00000| Untracked 
| 508|0x00000000ffc00000, 0x00000000ffd00000, 0x00000000ffd00000|100%| O|  |TAMS 0x00000000ffd00000| PB 0x00000000ffc00000| Untracked 
| 509|0x00000000ffd00000, 0x00000000ffe00000, 0x00000000ffe00000|100%| O|  |TAMS 0x00000000ffe00000| PB 0x00000000ffd00000| Untracked 
| 510|0x00000000ffe00000, 0x00000000fff00000, 0x00000000fff00000|100%| O|  |TAMS 0x00000000fff00000| PB 0x00000000ffe00000| Untracked 
| 511|0x00000000fff00000, 0x0000000100000000, 0x0000000100000000|100%| O|  |TAMS 0x0000000100000000| PB 0x00000000fff00000| Untracked 

Card table byte_map: [0x00000257fae20000,0x00000257faf20000] _byte_map_base: 0x00000257fa720000

Marking Bits: (CMBitMap*) 0x00000257f2351bc0
 Bits: [0x00000257faf20000, 0x00000257fb720000)

Polling page: 0x00000257f1af0000

Metaspace:

Usage:
  Non-class:     67.99 MB used.
      Class:     10.72 MB used.
       Both:     78.71 MB used.

Virtual space:
  Non-class space:      128.00 MB reserved,      68.38 MB ( 53%) committed,  2 nodes.
      Class space:        1.00 GB reserved,      11.06 MB (  1%) committed,  1 nodes.
             Both:        1.12 GB reserved,      79.44 MB (  7%) committed. 

Chunk freelists:
   Non-Class:  11.58 MB
       Class:  4.92 MB
        Both:  16.51 MB

MaxMetaspaceSize: unlimited
CompressedClassSpaceSize: 1.00 GB
Initial GC threshold: 21.00 MB
Current GC threshold: 131.81 MB
CDS: on
 - commit_granule_bytes: 65536.
 - commit_granule_words: 8192.
 - virtual_space_node_default_size: 8388608.
 - enlarge_chunks_in_place: 1.
 - use_allocation_guard: 0.


Internal statistics:

num_allocs_failed_limit: 6.
num_arena_births: 916.
num_arena_deaths: 0.
num_vsnodes_births: 3.
num_vsnodes_deaths: 0.
num_space_committed: 1271.
num_space_uncommitted: 0.
num_chunks_returned_to_freelist: 6.
num_chunks_taken_from_freelist: 3886.
num_chunk_merges: 6.
num_chunk_splits: 2867.
num_chunks_enlarged: 2290.
num_inconsistent_stats: 0.

CodeHeap 'non-profiled nmethods': size=120000Kb used=4930Kb max_used=4959Kb free=115069Kb
 bounds [0x0000025787ad0000, 0x0000025787fc0000, 0x000002578f000000]
CodeHeap 'profiled nmethods': size=120000Kb used=14533Kb max_used=14617Kb free=105466Kb
 bounds [0x0000025780000000, 0x0000025780e50000, 0x0000025787530000]
CodeHeap 'non-nmethods': size=5760Kb used=1708Kb max_used=1757Kb free=4051Kb
 bounds [0x0000025787530000, 0x00000257877a0000, 0x0000025787ad0000]
 total_blobs=8312 nmethods=7574 adapters=641
 compilation: enabled
              stopped_count=0, restarted_count=0
 full_count=0

Compilation events (20 events):
Event: 4.841 Thread 0x00000257fe3bc1e0 nmethod 9167 0x0000025780da7c90 code [0x0000025780da7e80, 0x0000025780da84d8]
Event: 4.843 Thread 0x00000257fe69c8d0 nmethod 9165% 0x0000025787edad90 code [0x0000025787edaf40, 0x0000025787edb1c8]
Event: 4.843 Thread 0x00000257fe3bc1e0 9169       3       org.h2.mvstore.RootReference::getTotalCount (14 bytes)
Event: 4.843 Thread 0x00000257fe3bc1e0 nmethod 9169 0x0000025780da7790 code [0x0000025780da7940, 0x0000025780da7b90]
Event: 4.855 Thread 0x00000257fe3bc1e0 9170   !   3       org.springframework.data.jpa.repository.query.HqlParser::identifier (291 bytes)
Event: 4.855 Thread 0x00000257fe6ad180 9172       4       org.antlr.v4.runtime.ParserRuleContext::addAnyChild (31 bytes)
Event: 4.855 Thread 0x00000257fe3bc1e0 nmethod 9170 0x0000025780da5590 code [0x0000025780da58e0, 0x0000025780da7088]
Event: 4.855 Thread 0x00000257fe3bc1e0 9171       3       org.springframework.data.jpa.repository.query.HqlParser$IdentifierContext::<init> (7 bytes)
Event: 4.855 Thread 0x00000257fe3bc1e0 nmethod 9171 0x0000025780da5010 code [0x0000025780da51c0, 0x0000025780da5448]
Event: 4.855 Thread 0x00000257fe3bc1e0 9173       3       org.springframework.data.jpa.repository.query.HqlBaseVisitor::visitNakedIdentifier (6 bytes)
Event: 4.855 Thread 0x00000257fe3bc1e0 nmethod 9173 0x0000025780536b10 code [0x0000025780536cc0, 0x0000025780536e80]
Event: 4.855 Thread 0x00000257fe3bc1e0 9174       1       org.hibernate.stat.internal.StatisticsImpl::isStatisticsEnabled (5 bytes)
Event: 4.856 Thread 0x00000257fe3bc1e0 nmethod 9174 0x0000025787b51890 code [0x0000025787b51a20, 0x0000025787b51af0]
Event: 4.859 Thread 0x00000257fe6ad180 nmethod 9172 0x0000025787ed9a90 code [0x0000025787ed9c80, 0x0000025787eda688]
Event: 4.861 Thread 0x00000257fe69c8d0 9175       4       org.antlr.v4.runtime.atn.LexerATNSimulator::consume (49 bytes)
Event: 4.862 Thread 0x00000257fe69c8d0 nmethod 9175 0x0000025787ed9610 code [0x0000025787ed97a0, 0x0000025787ed9910]
Event: 4.865 Thread 0x00000257fe3bc1e0 9176   !   3       org.hibernate.grammars.hql.HqlParser::nakedIdentifier (1062 bytes)
Event: 4.866 Thread 0x00000257fe3bc1e0 nmethod 9176 0x0000025780dea890 code [0x0000025780deac60, 0x0000025780dedc20]
Event: 4.866 Thread 0x00000257fe3bc1e0 9177       3       org.hibernate.grammars.hql.HqlParser$NakedIdentifierContext::<init> (7 bytes)
Event: 4.866 Thread 0x00000257fe3bc1e0 nmethod 9177 0x0000025780da4a90 code [0x0000025780da4c40, 0x0000025780da4ec8]

GC Heap History (20 events):
Event: 4.361 GC heap after
{Heap after GC invocations=29 (full 0):
 garbage-first heap   total 71680K, used 44427K [0x00000000e0000000, 0x0000000100000000)
  region size 1024K, 3 young (3072K), 3 survivors (3072K)
 Metaspace       used 78479K, committed 79168K, reserved 1179648K
  class space    used 10682K, committed 11008K, reserved 1048576K
}
Event: 4.440 GC heap before
{Heap before GC invocations=30 (full 0):
 garbage-first heap   total 87040K, used 60811K [0x00000000e0000000, 0x0000000100000000)
  region size 1024K, 20 young (20480K), 3 survivors (3072K)
 Metaspace       used 79954K, committed 80640K, reserved 1179648K
  class space    used 10894K, committed 11200K, reserved 1048576K
}
Event: 4.442 GC heap after
{Heap after GC invocations=31 (full 0):
 garbage-first heap   total 87040K, used 44822K [0x00000000e0000000, 0x0000000100000000)
  region size 1024K, 2 young (2048K), 2 survivors (2048K)
 Metaspace       used 79954K, committed 80640K, reserved 1179648K
  class space    used 10894K, committed 11200K, reserved 1048576K
}
Event: 4.505 GC heap before
{Heap before GC invocations=31 (full 0):
 garbage-first heap   total 87040K, used 78614K [0x00000000e0000000, 0x0000000100000000)
  region size 1024K, 35 young (35840K), 2 survivors (2048K)
 Metaspace       used 80103K, committed 80832K, reserved 1179648K
  class space    used 10913K, committed 11264K, reserved 1048576K
}
Event: 4.506 GC heap after
{Heap after GC invocations=32 (full 0):
 garbage-first heap   total 87040K, used 45742K [0x00000000e0000000, 0x0000000100000000)
  region size 1024K, 3 young (3072K), 3 survivors (3072K)
 Metaspace       used 80103K, committed 80832K, reserved 1179648K
  class space    used 10913K, committed 11264K, reserved 1048576K
}
Event: 4.566 GC heap before
{Heap before GC invocations=32 (full 0):
 garbage-first heap   total 87040K, used 77486K [0x00000000e0000000, 0x0000000100000000)
  region size 1024K, 34 young (34816K), 3 survivors (3072K)
 Metaspace       used 80313K, committed 80960K, reserved 1179648K
  class space    used 10939K, committed 11264K, reserved 1048576K
}
Event: 4.567 GC heap after
{Heap after GC invocations=33 (full 0):
 garbage-first heap   total 87040K, used 46104K [0x00000000e0000000, 0x0000000100000000)
  region size 1024K, 3 young (3072K), 3 survivors (3072K)
 Metaspace       used 80313K, committed 80960K, reserved 1179648K
  class space    used 10939K, committed 11264K, reserved 1048576K
}
Event: 4.609 GC heap before
{Heap before GC invocations=34 (full 0):
 garbage-first heap   total 109568K, used 77848K [0x00000000e0000000, 0x0000000100000000)
  region size 1024K, 34 young (34816K), 3 survivors (3072K)
 Metaspace       used 80331K, committed 81024K, reserved 1179648K
  class space    used 10944K, committed 11264K, reserved 1048576K
}
Event: 4.612 GC heap after
{Heap after GC invocations=35 (full 0):
 garbage-first heap   total 109568K, used 49852K [0x00000000e0000000, 0x0000000100000000)
  region size 1024K, 5 young (5120K), 5 survivors (5120K)
 Metaspace       used 80331K, committed 81024K, reserved 1179648K
  class space    used 10944K, committed 11264K, reserved 1048576K
}
Event: 4.646 GC heap before
{Heap before GC invocations=35 (full 0):
 garbage-first heap   total 109568K, used 97980K [0x00000000e0000000, 0x0000000100000000)
  region size 1024K, 52 young (53248K), 5 survivors (5120K)
 Metaspace       used 80332K, committed 81024K, reserved 1179648K
  class space    used 10944K, committed 11264K, reserved 1048576K
}
Event: 4.652 GC heap after
{Heap after GC invocations=36 (full 0):
 garbage-first heap   total 118784K, used 63833K [0x00000000e0000000, 0x0000000100000000)
  region size 1024K, 7 young (7168K), 7 survivors (7168K)
 Metaspace       used 80332K, committed 81024K, reserved 1179648K
  class space    used 10944K, committed 11264K, reserved 1048576K
}
Event: 4.689 GC heap before
{Heap before GC invocations=36 (full 0):
 garbage-first heap   total 118784K, used 101721K [0x00000000e0000000, 0x0000000100000000)
  region size 1024K, 44 young (45056K), 7 survivors (7168K)
 Metaspace       used 80385K, committed 81088K, reserved 1179648K
  class space    used 10958K, committed 11264K, reserved 1048576K
}
Event: 4.693 GC heap after
{Heap after GC invocations=37 (full 0):
 garbage-first heap   total 118784K, used 70656K [0x00000000e0000000, 0x0000000100000000)
  region size 1024K, 6 young (6144K), 6 survivors (6144K)
 Metaspace       used 80385K, committed 81088K, reserved 1179648K
  class space    used 10958K, committed 11264K, reserved 1048576K
}
Event: 4.728 GC heap before
{Heap before GC invocations=37 (full 0):
 garbage-first heap   total 157696K, used 102400K [0x00000000e0000000, 0x0000000100000000)
  region size 1024K, 37 young (37888K), 6 survivors (6144K)
 Metaspace       used 80386K, committed 81088K, reserved 1179648K
  class space    used 10958K, committed 11264K, reserved 1048576K
}
Event: 4.732 GC heap after
{Heap after GC invocations=38 (full 0):
 garbage-first heap   total 157696K, used 81658K [0x00000000e0000000, 0x0000000100000000)
  region size 1024K, 5 young (5120K), 5 survivors (5120K)
 Metaspace       used 80386K, committed 81088K, reserved 1179648K
  class space    used 10958K, committed 11264K, reserved 1048576K
}
Event: 4.807 GC heap before
{Heap before GC invocations=39 (full 0):
 garbage-first heap   total 157696K, used 127738K [0x00000000e0000000, 0x0000000100000000)
  region size 1024K, 50 young (51200K), 5 survivors (5120K)
 Metaspace       used 80584K, committed 81344K, reserved 1179648K
  class space    used 10973K, committed 11328K, reserved 1048576K
}
Event: 4.810 GC heap after
{Heap after GC invocations=40 (full 0):
 garbage-first heap   total 157696K, used 89065K [0x00000000e0000000, 0x0000000100000000)
  region size 1024K, 6 young (6144K), 6 survivors (6144K)
 Metaspace       used 80584K, committed 81344K, reserved 1179648K
  class space    used 10973K, committed 11328K, reserved 1048576K
}
Event: 4.838 GC heap before
{Heap before GC invocations=40 (full 0):
 garbage-first heap   total 157696K, used 132073K [0x00000000e0000000, 0x0000000100000000)
  region size 1024K, 48 young (49152K), 6 survivors (6144K)
 Metaspace       used 80586K, committed 81344K, reserved 1179648K
  class space    used 10973K, committed 11328K, reserved 1048576K
}
Event: 4.840 GC heap after
{Heap after GC invocations=41 (full 0):
 garbage-first heap   total 157696K, used 87753K [0x00000000e0000000, 0x0000000100000000)
  region size 1024K, 4 young (4096K), 4 survivors (4096K)
 Metaspace       used 80586K, committed 81344K, reserved 1179648K
  class space    used 10973K, committed 11328K, reserved 1048576K
}
Event: 4.870 GC heap before
{Heap before GC invocations=41 (full 0):
 garbage-first heap   total 157696K, used 133833K [0x00000000e0000000, 0x0000000100000000)
  region size 1024K, 49 young (50176K), 4 survivors (4096K)
 Metaspace       used 80599K, committed 81344K, reserved 1179648K
  class space    used 10973K, committed 11328K, reserved 1048576K
}

Dll operation events (9 events):
Event: 0.002 Loaded shared library C:\Program Files\Java\jdk-21\bin\java.dll
Event: 0.025 Loaded shared library C:\Program Files\Java\jdk-21\bin\jsvml.dll
Event: 0.060 Loaded shared library C:\Program Files\Java\jdk-21\bin\net.dll
Event: 0.060 Loaded shared library C:\Program Files\Java\jdk-21\bin\nio.dll
Event: 0.062 Loaded shared library C:\Program Files\Java\jdk-21\bin\zip.dll
Event: 0.101 Loaded shared library C:\Program Files\Java\jdk-21\bin\jimage.dll
Event: 0.264 Loaded shared library C:\Program Files\Java\jdk-21\bin\extnet.dll
Event: 0.313 Loaded shared library C:\Program Files\Java\jdk-21\bin\sunmscapi.dll
Event: 0.328 Loaded shared library C:\Program Files\Java\jdk-21\bin\verify.dll

Deoptimization events (20 events):
Event: 4.640 Thread 0x00000257f014bc40 DEOPT PACKING pc=0x0000025780def8d8 sp=0x000000fc4d5f7830
Event: 4.640 Thread 0x00000257f014bc40 DEOPT UNPACKING pc=0x0000025787584e42 sp=0x000000fc4d5f6d50 mode 0
Event: 4.641 Thread 0x00000257f014bc40 DEOPT PACKING pc=0x000002578075a85b sp=0x000000fc4d5f6a30
Event: 4.641 Thread 0x00000257f014bc40 DEOPT UNPACKING pc=0x0000025787584e42 sp=0x000000fc4d5f5ed0 mode 0
Event: 4.641 Thread 0x00000257f014bc40 DEOPT PACKING pc=0x0000025780def8d8 sp=0x000000fc4d5f7830
Event: 4.641 Thread 0x00000257f014bc40 DEOPT UNPACKING pc=0x0000025787584e42 sp=0x000000fc4d5f6d50 mode 0
Event: 4.641 Thread 0x00000257f014bc40 DEOPT PACKING pc=0x00000257803da8d6 sp=0x000000fc4d5f7a80
Event: 4.641 Thread 0x00000257f014bc40 DEOPT UNPACKING pc=0x0000025787584e42 sp=0x000000fc4d5f6fb8 mode 0
Event: 4.654 Thread 0x00000257f014bc40 DEOPT PACKING pc=0x000002578075a85b sp=0x000000fc4d5f6490
Event: 4.654 Thread 0x00000257f014bc40 DEOPT UNPACKING pc=0x0000025787584e42 sp=0x000000fc4d5f5930 mode 0
Event: 4.661 Thread 0x00000257f014bc40 DEOPT PACKING pc=0x0000025780def8d8 sp=0x000000fc4d5f79e0
Event: 4.661 Thread 0x00000257f014bc40 DEOPT UNPACKING pc=0x0000025787584e42 sp=0x000000fc4d5f6f00 mode 0
Event: 4.663 Thread 0x00000257f014bc40 DEOPT PACKING pc=0x000002578075a85b sp=0x000000fc4d5f65b0
Event: 4.663 Thread 0x00000257f014bc40 DEOPT UNPACKING pc=0x0000025787584e42 sp=0x000000fc4d5f5a50 mode 0
Event: 4.701 Thread 0x00000257f014bc40 DEOPT PACKING pc=0x0000025780e0c90e sp=0x000000fc4d5f7e00
Event: 4.701 Thread 0x00000257f014bc40 DEOPT UNPACKING pc=0x0000025787584e42 sp=0x000000fc4d5f73a8 mode 0
Event: 4.723 Thread 0x00000257f014bc40 DEOPT PACKING pc=0x0000025780821a2d sp=0x000000fc4d5f7c40
Event: 4.723 Thread 0x00000257f014bc40 DEOPT UNPACKING pc=0x0000025787584e42 sp=0x000000fc4d5f7138 mode 0
Event: 4.740 Thread 0x00000257f014bc40 DEOPT PACKING pc=0x0000025780e0c90e sp=0x000000fc4d5f7b30
Event: 4.740 Thread 0x00000257f014bc40 DEOPT UNPACKING pc=0x0000025787584e42 sp=0x000000fc4d5f70d8 mode 0

Classes loaded (20 events):
Event: 4.014 Loading class sun/reflect/ReflectionFactory$1
Event: 4.014 Loading class sun/reflect/ReflectionFactory$1 done
Event: 4.015 Loading class java/io/OptionalDataException
Event: 4.015 Loading class java/io/OptionalDataException done
Event: 4.057 Loading class java/util/EnumMap$EntrySet
Event: 4.057 Loading class java/util/EnumMap$EntrySet done
Event: 4.057 Loading class java/util/EnumMap$EntryIterator
Event: 4.057 Loading class java/util/EnumMap$EnumMapIterator
Event: 4.057 Loading class java/util/EnumMap$EnumMapIterator done
Event: 4.057 Loading class java/util/EnumMap$EntryIterator done
Event: 4.067 Loading class java/util/LinkedList$LLSpliterator
Event: 4.067 Loading class java/util/LinkedList$LLSpliterator done
Event: 4.109 Loading class java/util/EmptyStackException
Event: 4.109 Loading class java/util/EmptyStackException done
Event: 4.147 Loading class java/util/concurrent/ConcurrentHashMap$TreeNode
Event: 4.147 Loading class java/util/concurrent/ConcurrentHashMap$TreeNode done
Event: 4.147 Loading class java/util/concurrent/ConcurrentHashMap$TreeBin
Event: 4.147 Loading class java/util/concurrent/ConcurrentHashMap$TreeBin done
Event: 4.164 Loading class java/io/InvalidClassException
Event: 4.164 Loading class java/io/InvalidClassException done

Classes unloaded (0 events):
No events

Classes redefined (0 events):
No events

Internal exceptions (20 events):
Event: 3.528 Thread 0x00000257f014bc40 Exception <a 'java/lang/NoSuchMethodError'{0x00000000ecd9e2f8}: 'java.lang.Object java.lang.invoke.Invokers$Holder.linkToTargetMethod(java.lang.Object, java.lang.Object, java.lang.Object, java.lang.Object, java.lang.Object, java.lang.Object, java.lang.Object, java.lang.Object, java.lang.Object, java.lang.Object, java.lang.Object, java.lang.Object)'> (0x00000000ecd9e2f8) 
thrown [s\open\src\hotspot\share\interpreter\linkResolver.cpp, line 773]
Event: 3.536 Thread 0x00000257f014bc40 Implicit null exception at 0x0000025787beae3a to 0x0000025787beae74
Event: 3.554 Thread 0x00000257f014bc40 Exception <a 'java/lang/IncompatibleClassChangeError'{0x00000000eca3a420}: Found class java.lang.Object, but interface was expected> (0x00000000eca3a420) 
thrown [s\open\src\hotspot\share\interpreter\linkResolver.cpp, line 840]
Event: 3.558 Thread 0x00000257f014bc40 Exception <a 'java/lang/NoSuchMethodError'{0x00000000ecab89a0}: 'java.lang.Object java.lang.invoke.DirectMethodHandle$Holder.newInvokeSpecial(java.lang.Object, java.lang.Object, java.lang.Object, java.lang.Object, java.lang.Object, java.lang.Object, java.lang.Object, int)'> (0x00000000ecab89a0) 
thrown [s\open\src\hotspot\share\interpreter\linkResolver.cpp, line 773]
Event: 3.558 Thread 0x00000257f014bc40 Exception <a 'java/lang/NoSuchMethodError'{0x00000000ecabd698}: 'java.lang.Object java.lang.invoke.DirectMethodHandle$Holder.invokeSpecial(java.lang.Object, java.lang.Object, java.lang.Object, java.lang.Object, java.lang.Object, java.lang.Object, java.lang.Object, java.lang.Object, int)'> (0x00000000ecabd698) 
thrown [s\open\src\hotspot\share\interpreter\linkResolver.cpp, line 773]
Event: 3.558 Thread 0x00000257f014bc40 Exception <a 'java/lang/NoSuchMethodError'{0x00000000ecac1e88}: 'java.lang.Object java.lang.invoke.Invokers$Holder.linkToTargetMethod(java.lang.Object, java.lang.Object, java.lang.Object, java.lang.Object, java.lang.Object, java.lang.Object, int, java.lang.Object)'> (0x00000000ecac1e88) 
thrown [s\open\src\hotspot\share\interpreter\linkResolver.cpp, line 773]
Event: 3.570 Thread 0x00000257f014bc40 Exception <a 'java/lang/NoSuchMethodError'{0x00000000ec9d11d8}: 'java.lang.Object java.lang.invoke.DirectMethodHandle$Holder.newInvokeSpecial(java.lang.Object, java.lang.Object, int, java.lang.Object, int, java.lang.Object, java.lang.Object)'> (0x00000000ec9d11d8) 
thrown [s\open\src\hotspot\share\interpreter\linkResolver.cpp, line 773]
Event: 3.630 Thread 0x00000257f014bc40 Exception <a 'sun/nio/fs/WindowsException'{0x00000000e3579e88}> (0x00000000e3579e88) 
thrown [s\open\src\hotspot\share\prims\jni.cpp, line 520]
Event: 3.750 Thread 0x00000257f014bc40 Implicit null exception at 0x0000025787def177 to 0x0000025787def3e0
Event: 3.758 Thread 0x00000257f014bc40 Implicit null exception at 0x0000025787ddd1d1 to 0x0000025787ddd6c4
Event: 3.758 Thread 0x00000257f014bc40 Implicit null exception at 0x0000025787d5aeba to 0x0000025787d5aef4
Event: 3.776 Thread 0x00000257f014bc40 Exception <a 'java/lang/IncompatibleClassChangeError'{0x00000000e2bd1d88}: Found class java.lang.Object, but interface was expected> (0x00000000e2bd1d88) 
thrown [s\open\src\hotspot\share\interpreter\linkResolver.cpp, line 840]
Event: 3.802 Thread 0x00000257f014bc40 Exception <a 'java/lang/IncompatibleClassChangeError'{0x00000000ecc33af0}: Found class java.lang.Object, but interface was expected> (0x00000000ecc33af0) 
thrown [s\open\src\hotspot\share\interpreter\linkResolver.cpp, line 840]
Event: 3.874 Thread 0x00000257f014bc40 Exception <a 'java/lang/IncompatibleClassChangeError'{0x00000000e3a387c8}: Found class java.lang.Object, but interface was expected> (0x00000000e3a387c8) 
thrown [s\open\src\hotspot\share\interpreter\linkResolver.cpp, line 840]
Event: 3.930 Thread 0x00000257f014bc40 Exception <a 'java/lang/IncompatibleClassChangeError'{0x00000000e356d3e0}: Found class java.lang.Object, but interface was expected> (0x00000000e356d3e0) 
thrown [s\open\src\hotspot\share\interpreter\linkResolver.cpp, line 840]
Event: 3.930 Thread 0x00000257f014bc40 Exception <a 'java/lang/IncompatibleClassChangeError'{0x00000000e35730e0}: Found class java.lang.Object, but interface was expected> (0x00000000e35730e0) 
thrown [s\open\src\hotspot\share\interpreter\linkResolver.cpp, line 840]
Event: 3.987 Thread 0x00000257f014bc40 Exception <a 'java/lang/NoSuchMethodError'{0x00000000e30842a8}: 'int java.lang.invoke.DirectMethodHandle$Holder.invokeStaticInit(java.lang.Object)'> (0x00000000e30842a8) 
thrown [s\open\src\hotspot\share\interpreter\linkResolver.cpp, line 773]
Event: 4.001 Thread 0x00000257f014bc40 Exception <a 'java/lang/NoSuchMethodError'{0x00000000e2f89600}: 'int java.lang.invoke.DirectMethodHandle$Holder.invokeStaticInit(java.lang.Object, int, java.lang.Object, java.lang.Object, java.lang.Object, java.lang.Object)'> (0x00000000e2f89600) 
thrown [s\open\src\hotspot\share\interpreter\linkResolver.cpp, line 773]
Event: 4.032 Thread 0x00000257f014bc40 Exception <a 'java/lang/NoSuchMethodError'{0x00000000ecd46c00}: 'void java.lang.invoke.Invokers$Holder.invokeExact_MT(java.lang.Object, java.lang.Object, java.lang.Object, java.lang.Object)'> (0x00000000ecd46c00) 
thrown [s\open\src\hotspot\share\interpreter\linkResolver.cpp, line 773]
Event: 4.668 Thread 0x00000257f014bc40 Exception <a 'java/lang/NoSuchMethodError'{0x00000000e5b17238}: 'int java.lang.invoke.DirectMethodHandle$Holder.invokeSpecialIFC(java.lang.Object, java.lang.Object, java.lang.Object)'> (0x00000000e5b17238) 
thrown [s\open\src\hotspot\share\interpreter\linkResolver.cpp, line 773]

ZGC Phase Switch (0 events):
No events

VM Operations (20 events):
Event: 4.589 Executing VM operation: G1PauseRemark done
Event: 4.597 Executing VM operation: G1PauseCleanup
Event: 4.597 Executing VM operation: G1PauseCleanup done
Event: 4.609 Executing VM operation: G1CollectForAllocation (G1 Evacuation Pause)
Event: 4.612 Executing VM operation: G1CollectForAllocation (G1 Evacuation Pause) done
Event: 4.646 Executing VM operation: G1CollectForAllocation (G1 Evacuation Pause)
Event: 4.652 Executing VM operation: G1CollectForAllocation (G1 Evacuation Pause) done
Event: 4.689 Executing VM operation: G1CollectForAllocation (G1 Evacuation Pause)
Event: 4.693 Executing VM operation: G1CollectForAllocation (G1 Evacuation Pause) done
Event: 4.715 Executing VM operation: G1PauseRemark
Event: 4.717 Executing VM operation: G1PauseRemark done
Event: 4.728 Executing VM operation: G1CollectForAllocation (G1 Evacuation Pause)
Event: 4.732 Executing VM operation: G1CollectForAllocation (G1 Evacuation Pause) done
Event: 4.733 Executing VM operation: G1PauseCleanup
Event: 4.733 Executing VM operation: G1PauseCleanup done
Event: 4.807 Executing VM operation: G1CollectForAllocation (G1 Evacuation Pause)
Event: 4.810 Executing VM operation: G1CollectForAllocation (G1 Evacuation Pause) done
Event: 4.838 Executing VM operation: G1CollectForAllocation (G1 Evacuation Pause)
Event: 4.840 Executing VM operation: G1CollectForAllocation (G1 Evacuation Pause) done
Event: 4.870 Executing VM operation: G1CollectForAllocation (G1 Evacuation Pause)

Events (20 events):
Event: 4.717 Thread 0x00000257fe3950b0 flushing nmethod 0x0000025780dcb490
Event: 4.717 Thread 0x00000257fe3950b0 flushing nmethod 0x0000025780dcc890
Event: 4.717 Thread 0x00000257fe3950b0 flushing nmethod 0x0000025780dce490
Event: 4.717 Thread 0x00000257fe3950b0 flushing nmethod 0x0000025780dcea10
Event: 4.717 Thread 0x00000257fe3950b0 flushing nmethod 0x0000025780dffc10
Event: 4.717 Thread 0x00000257fe3950b0 flushing nmethod 0x0000025787f61f10
Event: 4.717 Thread 0x00000257fe3950b0 flushing nmethod 0x0000025787f63d90
Event: 4.717 Thread 0x00000257fe3950b0 flushing nmethod 0x0000025787f68590
Event: 4.717 Thread 0x00000257fe3950b0 flushing nmethod 0x0000025787f74810
Event: 4.717 Thread 0x00000257fe3950b0 flushing nmethod 0x0000025780387910
Event: 4.717 Thread 0x00000257fe3950b0 flushing nmethod 0x00000257804f6b10
Event: 4.717 Thread 0x00000257fe3950b0 flushing nmethod 0x00000257805dc090
Event: 4.717 Thread 0x00000257fe3950b0 flushing nmethod 0x000002578078c790
Event: 4.717 Thread 0x00000257fe3950b0 flushing nmethod 0x0000025780bd0110
Event: 4.717 Thread 0x00000257fe3950b0 flushing nmethod 0x0000025780ddb810
Event: 4.717 Thread 0x00000257fe3950b0 flushing nmethod 0x0000025780de3d10
Event: 4.717 Thread 0x00000257fe3950b0 flushing nmethod 0x0000025780deb990
Event: 4.717 Thread 0x00000257fe3950b0 flushing nmethod 0x0000025780ded210
Event: 4.717 Thread 0x00000257fe3950b0 flushing nmethod 0x0000025780deda10
Event: 4.717 Thread 0x00000257fe3950b0 flushing nmethod 0x00000257801f3490


Dynamic libraries:
0x00007ff789e90000 - 0x00007ff789ea0000 	C:\Program Files\Java\jdk-21\bin\java.exe
0x00007fff4d2b0000 - 0x00007fff4d4a8000 	C:\windows\SYSTEM32\ntdll.dll
0x00007fff4c940000 - 0x00007fff4c9ff000 	C:\windows\System32\KERNEL32.DLL
0x00007fff4acd0000 - 0x00007fff4afa2000 	C:\windows\System32\KERNELBASE.dll
0x00007fff4ab60000 - 0x00007fff4ac60000 	C:\windows\System32\ucrtbase.dll
0x00007fff471c0000 - 0x00007fff471d9000 	C:\Program Files\Java\jdk-21\bin\jli.dll
0x00007fff471e0000 - 0x00007fff471fb000 	C:\Program Files\Java\jdk-21\bin\VCRUNTIME140.dll
0x00007fff4cab0000 - 0x00007fff4cb5e000 	C:\windows\System32\ADVAPI32.dll
0x00007fff4c410000 - 0x00007fff4c4ae000 	C:\windows\System32\msvcrt.dll
0x00007fff4c120000 - 0x00007fff4c1bc000 	C:\windows\System32\sechost.dll
0x00007fff4c1c0000 - 0x00007fff4c2e5000 	C:\windows\System32\RPCRT4.dll
0x00007fff4bf70000 - 0x00007fff4c111000 	C:\windows\System32\USER32.dll
0x00007fff378d0000 - 0x00007fff37b6a000 	C:\windows\WinSxS\amd64_microsoft.windows.common-controls_6595b64144ccf1df_6.0.19041.1110_none_60b5254171f9507e\COMCTL32.dll
0x00007fff4ca00000 - 0x00007fff4ca2b000 	C:\windows\System32\GDI32.dll
0x00007fff4afb0000 - 0x00007fff4afd2000 	C:\windows\System32\win32u.dll
0x00007fff4b120000 - 0x00007fff4b22f000 	C:\windows\System32\gdi32full.dll
0x00007fff4b260000 - 0x00007fff4b2fd000 	C:\windows\System32\msvcp_win.dll
0x00007fff45190000 - 0x00007fff4519a000 	C:\windows\SYSTEM32\VERSION.dll
0x00007fff4cc10000 - 0x00007fff4cc40000 	C:\windows\System32\IMM32.DLL
0x00007fff47220000 - 0x00007fff4722c000 	C:\Program Files\Java\jdk-21\bin\vcruntime140_1.dll
0x00007fff37000000 - 0x00007fff3708e000 	C:\Program Files\Java\jdk-21\bin\msvcp140.dll
0x00007fff19d80000 - 0x00007fff1aa9d000 	C:\Program Files\Java\jdk-21\bin\server\jvm.dll
0x00007fff4c4b0000 - 0x00007fff4c51b000 	C:\windows\System32\WS2_32.dll
0x00007fff49f30000 - 0x00007fff49f7b000 	C:\windows\SYSTEM32\POWRPROF.dll
0x00007fff44f50000 - 0x00007fff44f77000 	C:\windows\SYSTEM32\WINMM.dll
0x00007fff49df0000 - 0x00007fff49e02000 	C:\windows\SYSTEM32\UMPDC.dll
0x00007fff48890000 - 0x00007fff488a2000 	C:\windows\SYSTEM32\kernel.appcore.dll
0x00007fff471b0000 - 0x00007fff471ba000 	C:\Program Files\Java\jdk-21\bin\jimage.dll
0x00007fff429a0000 - 0x00007fff42b84000 	C:\windows\SYSTEM32\DBGHELP.DLL
0x00007fff352f0000 - 0x00007fff35325000 	C:\windows\SYSTEM32\dbgcore.DLL
0x00007fff4b090000 - 0x00007fff4b112000 	C:\windows\System32\bcryptPrimitives.dll
0x00007fff45f80000 - 0x00007fff45f9f000 	C:\Program Files\Java\jdk-21\bin\java.dll
0x00007fff4b3d0000 - 0x00007fff4bb15000 	C:\windows\System32\SHELL32.dll
0x00007fff48a90000 - 0x00007fff49222000 	C:\windows\SYSTEM32\windows.storage.dll
0x00007fff4bb20000 - 0x00007fff4be75000 	C:\windows\System32\combase.dll
0x00007fff4a410000 - 0x00007fff4a440000 	C:\windows\SYSTEM32\Wldp.dll
0x00007fff4cb60000 - 0x00007fff4cc0d000 	C:\windows\System32\SHCORE.dll
0x00007fff4c5f0000 - 0x00007fff4c645000 	C:\windows\System32\shlwapi.dll
0x00007fff4a8f0000 - 0x00007fff4a90f000 	C:\windows\SYSTEM32\profapi.dll
0x00007fff23320000 - 0x00007fff233f7000 	C:\Program Files\Java\jdk-21\bin\jsvml.dll
0x00007fff45180000 - 0x00007fff45190000 	C:\Program Files\Java\jdk-21\bin\net.dll
0x00007fff44e10000 - 0x00007fff44f1a000 	C:\windows\SYSTEM32\WINHTTP.dll
0x00007fff4a170000 - 0x00007fff4a1da000 	C:\windows\system32\mswsock.dll
0x00007fff45160000 - 0x00007fff45176000 	C:\Program Files\Java\jdk-21\bin\nio.dll
0x00007fff450b0000 - 0x00007fff450c8000 	C:\Program Files\Java\jdk-21\bin\zip.dll
0x00007fff436e0000 - 0x00007fff436e9000 	C:\Program Files\Java\jdk-21\bin\extnet.dll
0x00007fff1b3e0000 - 0x00007fff1b3ee000 	C:\Program Files\Java\jdk-21\bin\sunmscapi.dll
0x00007fff4a9b0000 - 0x00007fff4ab06000 	C:\windows\System32\CRYPT32.dll
0x00007fff4a480000 - 0x00007fff4a4a7000 	C:\windows\SYSTEM32\ncrypt.dll
0x00007fff4a440000 - 0x00007fff4a47b000 	C:\windows\SYSTEM32\NTASN1.dll
0x00007fff20ea0000 - 0x00007fff20ea7000 	C:\windows\system32\wshunix.dll
0x00007fff4a360000 - 0x00007fff4a378000 	C:\windows\SYSTEM32\CRYPTSP.dll
0x00007fff49a20000 - 0x00007fff49a54000 	C:\windows\system32\rsaenh.dll
0x00007fff4b230000 - 0x00007fff4b257000 	C:\windows\System32\bcrypt.dll
0x00007fff4a870000 - 0x00007fff4a89e000 	C:\windows\SYSTEM32\USERENV.dll
0x00007fff4a380000 - 0x00007fff4a38c000 	C:\windows\SYSTEM32\CRYPTBASE.dll
0x00007fff49e10000 - 0x00007fff49e4b000 	C:\windows\SYSTEM32\IPHLPAPI.DLL
0x00007fff4ca90000 - 0x00007fff4ca98000 	C:\windows\System32\NSI.dll
0x00007fff43750000 - 0x00007fff43760000 	C:\Program Files\Java\jdk-21\bin\verify.dll

dbghelp: loaded successfully - version: 4.0.5 - missing functions: none
symbol engine: initialized successfully - sym options: 0x614 - pdb path: .;C:\Program Files\Java\jdk-21\bin;C:\windows\SYSTEM32;C:\windows\WinSxS\amd64_microsoft.windows.common-controls_6595b64144ccf1df_6.0.19041.1110_none_60b5254171f9507e;C:\Program Files\Java\jdk-21\bin\server

VM Arguments:
jvm_args: -Djdk.attach.allowAttachSelf=true -Dorg.gradle.internal.worker.tmpdir=C:\TheCareer\NextEnterBack\build\tmp\test\work -Xmx512m -Dfile.encoding=UTF-8 -Duser.country=KR -Duser.language=ko -Duser.variant -ea 
java_command: worker.org.gradle.process.internal.worker.GradleWorkerMain 'Gradle Test Executor 1'
java_class_path (initial): C:\\Users\\Administrator\\.gradle\\caches\\9.2.1\\workerMain\\gradle-worker.jar;C:\\TheCareer\\NextEnterBack\\build\\classes\\java\\test;C:\\TheCareer\\NextEnterBack\\build\\classes\\java\\main;C:\\TheCareer\\NextEnterBack\\build\\resources\\main;C:\\Users\\Administrator\\.gradle\\caches\\modules-2\\files-2.1\\org.springframework.boot\\spring-boot-starter-websocket\\3.5.6\\f4b8149bfb0edd2580dbb3353bf1be16ba7938fb\\spring-boot-starter-websocket-3.5.6.jar;C:\\Users\\Administrator\\.gradle\\caches\\modules-2\\files-2.1\\org.springframework.boot\\spring-boot-starter-web\\3.5.6\\83d6174983b3d6649525a272222af212728a9892\\spring-boot-starter-web-3.5.6.jar;C:\\Users\\Administrator\\.gradle\\caches\\modules-2\\files-2.1\\org.springframework.boot\\spring-boot-starter-thymeleaf\\3.5.6\\bf2ac97c9df1ffe9449758b680a663c3bb1eeee6\\spring-boot-starter-thymeleaf-3.5.6.jar;C:\\Users\\Administrator\\.gradle\\caches\\modules-2\\files-2.1\\org.springframework.boot\\spring-boot-starter-data-jpa\\3.5.6\\ec77fd4b025ff3401e80be68a8a3dfbe45c7dcfa\\spring-boot-starter-data-jpa-3.5.6.jar;C:\\Users\\Administrator\\.gradle\\caches\\modules-2\\files-2.1\\org.springframework.boot\\spring-boot-starter-security\\3.5.6\\f784752820b4e59f1e144e6d208d04fa27da9\\spring-boot-starter-security-3.5.6.jar;C:\\Users\\Administrator\\.gradle\\caches\\modules-2\\files-2.1\\org.springframework.boot\\spring-boot-starter-validation\\3.5.6\\2ec647ae8e16b09a4aee4a17c0e7736f6214aacc\\spring-boot-starter-validation-3.5.6.jar;C:\\Users\\Administrator\\.gradle\\caches\\modules-2\\files-2.1\\org.springdoc\\springdoc-openapi-starter-webmvc-ui\\2.3.0\\b4af31e9d40539c94f8debbf760134d961333c24\\springdoc-openapi-starter-webmvc-ui-2.3.0.jar;C:\\Users\\Administrator\\.gradle\\caches\\modules-2\\files-2.1\\org.springframework.boot\\spring-boot-starter-oauth2-client\\3.5.6\\67978575443284979cf403638d2bf9b299fe02ec\\spring-boot-starter-oauth2-client-3.5.6.jar;C:\\Users\\Administrator\\.gradle\\caches\\modules-2\\files-2.1\\org.springframework.boot\\spring-boot-starter-aop\\3.5.6\\a4892435751062086f3b204bb6dacc963f65f138\\spring-boot-starter-aop-3.5.6.jar;C:\\Users\\Administrator\\.gradle\\caches\\modules-2\\files-2.1\\org.springframework.boot\\spring-boot-starter-mail\\3.5.6\\3eb538d7fd28516e08908d9b9b912a8d8ec5cc8e\\spring-boot-starter-mail-3.5.6.jar;C:\\Users\\Administrator\\.gradle\\caches\\modules-2\\files-2.1\\io.jsonwebtoken\\jjwt-impl\\0.12.3\\e850d2b3f53bd82355cd9ee1c471054aa602b320\\jjwt-impl-0.12.3.jar;C:\\Users\\Administrator\\.gradle\\caches\\modules-2\\files-2.1\\io.jsonwebtoken\\jjwt-jackson\\0.12.3\\5e6d0e45441547d892d3273a4ce5dd042e91d162\\jjwt-jackson-0.12.3.jar;C:\\Users\\Administrator\\.gradle\\caches\\modules-2\\files-2.1\\io.jsonwebtoken\\jjwt-api\\0.12.3\\30b7de9176d17fa347eef14b85480825dab76b58\\jjwt-api-0.12.3.jar;C:\\Users\\Administrator\\.gradle\\caches\\modules-2\\files-2.1\\com.google.code.gson\\gson\\2.10.1\\b3add478d4382b78ea20b1671390a858002feb6c\\gson-2.10.1.jar;C:\\Users\\Administrator\\.gradle\\caches\\modules-2\\files-2.1\\org.springframework.boot\\spring-boot-starter-json\\3.5.6\\62143e29dbac1e72759da7dd85fb8f85a3d582f7\\spring-boot-starter-json-3.5.6.jar;C:\\Users\\Administrator\\.gradle\\caches\\modules-2\\files-2.1\\org.springdoc\\springdoc-openapi-starter-webmvc-api\\2.3.0\\e8e6e46e2b7875c1789782d3820536bb2d868b17\\springdoc-openapi-starter-webmvc-api-2.3.0.jar;C:\\Users\\Administrator\\.gradle\\caches\\modules-2\\files-2.1\\org.springdoc\\springdoc-openapi-starter-common\\2.3.0\\acf3654082b3e000d5b59cc9733227702aa57f75\\springdoc-openapi-starter-common-2.3.0.jar;C:\\Users\\Administrator\\.gradle\\caches\\modules-2\\files-2.1\\io.swagger.core.v3\\swagger-core-jakarta\\2.2.19\\1bbc09fba4c0ac2375da7563cb03dfd0f3e07100\\swagger-core-jakarta-2.2.19.jar;C:\\Users\\Administrator\\.gradle\\caches\\modules-2\\files-2.1\\com.fasterxml.jackson.datatype\\jackson-datatype-jsr310\\2.19.2\\72e73f048b36d9df82aef146bf8b2ae63b2e28e2\\jackson-datatype-jsr310-2.19.2.jar;C:\\Users\\Administrator\\.gradle\\caches\\modules-2\\files-2.1\\io.swagger.core.v3\\swagger-models-jakarta\\2.2.19\\72b8a8ba29654ba31d951311081c33d464cee138\\swagger-models-jakarta-2.2.19.jar;C:\\Users\\Administrator\\.gradle\\caches\\modules-2\\files-2.1\\com.fasterxml.jackson.core\\jackson-annotations\\2.19.2\\c5381f11988ae3d424b197a26087d86067b6d7d\\jackson-annotations-2.19.2.jar;C:\\Users\\Administrator\\.gradle\\caches\\modules-2\\files-2.1\\com.fasterxml.jackson.datatype\\jackson-datatype-jdk8\\2.19.2\\a720d3946c3a1ab04b780f3b3163d62eee6948a0\\jackson-datatype-jdk8-2.19.2.jar;C:\\Users\\Administrator\\.gradle\\caches\\modules-2\\files-2.1\\com.fasterxml.jackson.module\\jackson-module-parameter-names\\2.19.2\\3c4ce467c11364c72ec4967c570fd5a2d1be1d0b\\jackson-module-parameter-names-2.19.2.jar;C:\\Users\\Administrator\\.gradle\\caches\\modules-2\\files-2.1\\com.fasterxml.jackson.dataformat\\jackson-dataformat-yaml\\2.19.2\\ba1079940daa609061e46c80b72c5546c4718401\\jackson-dataformat-yaml-2.19.2.jar;C:\\Users\\Administrator\\.gradle\\caches\\modules-2\\files-2.1\\com.fasterxml.jackson.core\\jackson-core\\2.19.2\\50f3b4bd59b9ff51a0ed493e7b5abaf5c39709bf\\jackson-core-2.19.2.jar;C:\\Users\\Administrator\\.gradle\\caches\\modules-2\\files-2.1\\com.fasterxml.jackson.core\\jackson-databind\\2.19.2\\46509399d28f57ca32c6bb4b0d4e10e8f062051e\\jackson-databind-2.19.2.jar;C:\\Users\\Administrator\\.gradle\\caches\\modules-2\\files-2.1\\com.mysql\\mysql-connector-j\\9.4.0\\8f6c66269048fbd2316b7b45d75898ebee44986f\\mysql-connector-j-9.4.0.jar;C:\\Users\\Administrator\\.gradle\\caches\\modules-2\\files-2.1\\com.h2database\\h2\\2.3.232\\4fcc05d966ccdb2812ae8b9a718f69226c0cf4e2\\h2-2.3.232.jar;C:\\Users\\Administrator\\.gradle\\caches\\modules-2\\files-2.1\\org.springframework.boot\\spring-boot-starter-test\\3.5.6\\a9d9c8bbd492d33c359a8d5b32a80396b2bc212f\\spring-boot-starter-test-3.5.6.jar;C:\\Users\\Administrator\\.gradle\\caches\\modules-2\\files-2.1\\org.springframework.security\\spring-security-test\\6.5.5\\623eb0a5830e6b07f43481fc765c02fdf9a7de95\\spring-security-test-6.5.5.jar;C:\\Users\\Administrator\\.gradle\\caches\\modules-2\\files-2.1\\org.junit.jupiter\\junit-jupiter\\5.12.2\\64d3ec64ae06517bc14b7faaaec7c996b0d05bea\\junit-jupiter-5.12.2.jar;C:\\Users\\Administrator\\.gradle\\caches\\modules-2\\files-2.1\\org.junit.jupiter\\junit-jupiter-engine\\5.12.2\\b8df7575b8cd3a94dbe27b481d1cd52c57864559\\junit-jupiter-engine-5.12.2.jar;C:\\Users\\Administrator\\.gradle\\caches\\modules-2\\files-2.1\\org.junit.platform\\junit-platform-engine\\1.12.2\\8519ece93f91b8115705d36be2c36d49808935cd\\junit-platform-engine-1.12.2.jar;C:\\Users\\Administrator\\.gradle\\caches\\modules-2\\files-2.1\\org.mockito\\mockito-junit-jupiter\\5.17.0\\4399e19e3fb5b55230027583323e4c883d5da07d\\mockito-junit-jupiter-5.17.0.jar;C:\\Users\\Administrator\\.gradle\\caches\\modules-2\\files-2.1\\org.junit.jupiter\\junit-jupiter-params\\5.12.2\\ff1434a66d1fb84c2c709cde2e2d56d5c8f4fad3\\junit-jupiter-params-5.12.2.jar;C:\\Users\\Administrator\\.gradle\\caches\\modules-2\\files-2.1\\org.junit.jupiter\\junit-jupiter-api\\5.12.2\\6de3a3256c5d90f4a439edcb6c2e8dc5180907b0\\junit-jupiter-api-5.12.2.jar;C:\\Users\\Administrator\\.gradle\\caches\\modules-2\\files-2.1\\org.junit.platform\\junit-platform-commons\\1.12.2\\b89e88a89ee009937374a4c96912e007b34c8e35\\junit-platform-commons-1.12.2.jar;C:\\Users\\Administrator\\.gradle\\caches\\modules-2\\files-2.1\\org.junit.platform\\junit-platform-launcher\\1.12.2\\79d49ad13017c67a8bf76e10ba5ac8937d811772\\junit-platform-launcher-1.12.2.jar;C:\\Users\\Administrator\\.gradle\\caches\\modules-2\\files-2.1\\org.springframework.boot\\spring-boot-starter-jdbc\\3.5.6\\812d2dc9a662d9ab640bea01b383e82d881fc586\\spring-boot-starter-jdbc-3.5.6.jar;C:\\Users\\Administrator\\.gradle\\caches\\modules-2\\files-2.1\\org.springframework.boot\\spring-boot-starter\\3.5.6\\2a2de314809a7c4c9b7303063c1313e03fe31ad3\\spring-boot-starter-3.5.6.jar;C:\\Users\\Administrator\\.gradle\\caches\\modules-2\\files-2.1\\org.springframework.boot\\spring-boot-starter-tomcat\\3.5.6\\9384211e92c82344e23b00a580cc769724ea9a0c\\spring-boot-starter-tomcat-3.5.6.jar;C:\\Users\\Administrator\\.gradle\\caches\\modules-2\\files-2.1\\org.springframework\\spring-webmvc\\6.2.11\\3313fe95e06c1d3c94d00301cbed56ed1a9d2a86\\spring-webmvc-6.2.11.jar;C:\\Users\\Administrator\\.gradle\\caches\\modules-2\\files-2.1\\org.springframework.security\\spring-security-oauth2-client\\6.5.5\\1851fa9a375384beb1ced4ee83d638036428bfe6\\spring-security-oauth2-client-6.5.5.jar;C:\\Users\\Administrator\\.gradle\\caches\\modules-2\\files-2.1\\org.springframework.security\\spring-security-web\\6.5.5\\53362443076c948cf1fbdd078802ef58917b5938\\spring-security-web-6.5.5.jar;C:\\Users\\Administrator\\.gradle\\caches\\modules-2\\files-2.1\\org.springframework\\spring-websocket\\6.2.11\\f0d6ad3b49e734182f3acfa3d535ec557e2e837e\\spring-websocket-6.2.11.jar;C:\\Users\\Administrator\\.gradle\\caches\\modules-2\\files-2.1\\org.springframework.security\\spring-security-oauth2-jose\\6.5.5\\66dd75153e25b4d490badb21acfb11f26c7ac34\\spring-security-oauth2-jose-6.5.5.jar;C:\\Users\\Administrator\\.gradle\\caches\\modules-2\\files-2.1\\org.springframework.security\\spring-security-oauth2-core\\6.5.5\\963e00e9f1b7207ce806a6ddbf67fcbd327a4cd3\\spring-security-oauth2-core-6.5.5.jar;C:\\Users\\Administrator\\.gradle\\caches\\modules-2\\files-2.1\\org.springframework\\spring-web\\6.2.11\\e590ac3e1aaea2d34a5ccb5c25ad84acbada8468\\spring-web-6.2.11.jar;C:\\Users\\Administrator\\.gradle\\caches\\modules-2\\files-2.1\\org.thymeleaf\\thymeleaf-spring6\\3.1.3.RELEASE\\4b276ea2bd536a18e44b40ff1d9f4848965ff59c\\thymeleaf-spring6-3.1.3.RELEASE.jar;C:\\Users\\Administrator\\.gradle\\caches\\modules-2\\files-2.1\\org.hibernate.orm\\hibernate-core\\6.6.29.Final\\d12db68bb867e2fe6e68740b3fba3d1d633f77ff\\hibernate-core-6.6.29.Final.jar;C:\\Users\\Administrator\\.gradle\\caches\\modules-2\\files-2.1\\org.springframework.data\\spring-data-jpa\\3.5.4\\abd37141d1bd52283aac0d962d6efa1d4d72424b\\spring-data-jpa-3.5.4.jar;C:\\Users\\Administrator\\.gradle\\caches\\modules-2\\files-2.1\\org.springframework\\spring-aspects\\6.2.11\\e02d582f1595b101c7fa53778e91ddb71d62974e\\spring-aspects-6.2.11.jar;C:\\Users\\Administrator\\.gradle\\caches\\modules-2\\files-2.1\\org.springframework.security\\spring-security-config\\6.5.5\\e647f8334d2d4578f7b553e705a409017ac37be1\\spring-security-config-6.5.5.jar;C:\\Users\\Administrator\\.gradle\\caches\\modules-2\\files-2.1\\org.springframework.security\\spring-security-core\\6.5.5\\b4010d71d6b53cae574ba3d5c15629ed782f3318\\spring-security-core-6.5.5.jar;C:\\Users\\Administrator\\.gradle\\caches\\modules-2\\files-2.1\\org.springframework\\spring-context-support\\6.2.11\\b092cbb9c21eab6fbbbf57b21eaef8da6d3a96a6\\spring-context-support-6.2.11.jar;C:\\Users\\Administrator\\.gradle\\caches\\modules-2\\files-2.1\\org.springframework.boot\\spring-boot-test-autoconfigure\\3.5.6\\8dfdf84b445d7ad945814be8dcb0034fe2a4444a\\spring-boot-test-autoconfigure-3.5.6.jar;C:\\Users\\Administrator\\.gradle\\caches\\modules-2\\files-2.1\\org.springframework.boot\\spring-boot-test\\3.5.6\\62818d688e88efe1e34b292c39a54b34524d6e04\\spring-boot-test-3.5.6.jar;C:\\Users\\Administrator\\.gradle\\caches\\modules-2\\files-2.1\\org.springframework.boot\\spring-boot-autoconfigure\\3.5.6\\6b8fc2519774de4e82b0dbb5651093ce2ca20836\\spring-boot-autoconfigure-3.5.6.jar;C:\\Users\\Administrator\\.gradle\\caches\\modules-2\\files-2.1\\org.springframework.boot\\spring-boot\\3.5.6\\a02f486ab700dad1f81e54cb37651d92a3f9d700\\spring-boot-3.5.6.jar;C:\\Users\\Administrator\\.gradle\\caches\\modules-2\\files-2.1\\org.springframework\\spring-context\\6.2.11\\bbfb4d55385b2b65ecaf04937d209cf467eaba2f\\spring-context-6.2.11.jar;C:\\Users\\Administrator\\.gradle\\caches\\modules-2\\files-2.1\\org.springframework\\spring-aop\\6.2.11\\1e970383810700506d646c2fa8943725f123f000\\spring-aop-6.2.11.jar;C:\\Users\\Administrator\\.gradle\\caches\\modules-2\\files-2.1\\org.springframework\\spring-messaging\\6.2.11\\74df574d43104cdb0e9bf60bb6bef787ec05c8b6\\spring-messaging-6.2.11.jar;C:\\Users\\Administrator\\.gradle\\caches\\modules-2\\files-2.1\\org.apache.tomcat.embed\\tomcat-embed-el\\10.1.46\\e1fc6986d030e791415535e28fd21c0be11810de\\tomcat-embed-el-10.1.46.jar;C:\\Users\\Administrator\\.gradle\\caches\\modules-2\\files-2.1\\org.hibernate.validator\\hibernate-validator\\8.0.3.Final\\4425f554297a1c5ba03a3f30e559a9fd91048cf8\\hibernate-validator-8.0.3.Final.jar;C:\\Users\\Administrator\\.gradle\\caches\\modules-2\\files-2.1\\org.webjars\\swagger-ui\\5.10.3\\744ae2862cc79c137020f2ce6e07de2f1d6a2657\\swagger-ui-5.10.3.jar;C:\\Users\\Administrator\\.gradle\\caches\\modules-2\\files-2.1\\org.aspectj\\aspectjweaver\\1.9.24\\9b5aeb0cea9f958b9c57fb80e62996e95a3e9379\\aspectjweaver-1.9.24.jar;C:\\Users\\Administrator\\.gradle\\caches\\modules-2\\files-2.1\\org.eclipse.angus\\jakarta.mail\\2.0.4\\c9186aca3267c1ee38ada22acfb12d7ef5c73593\\jakarta.mail-2.0.4.jar;C:\\Users\\Administrator\\.gradle\\caches\\modules-2\\files-2.1\\com.jayway.jsonpath\\json-path\\2.9.0\\37fe2217f577b0b68b18e62c4d17a8858ecf9b69\\json-path-2.9.0.jar;C:\\Users\\Administrator\\.gradle\\caches\\modules-2\\files-2.1\\org.glassfish.jaxb\\jaxb-runtime\\4.0.5\\ca84c2a7169b5293e232b9d00d1e4e36d4c3914a\\jaxb-runtime-4.0.5.jar;C:\\Users\\Administrator\\.gradle\\caches\\modules-2\\files-2.1\\org.glassfish.jaxb\\jaxb-core\\4.0.5\\7b4b11ea5542eea4ad55e1080b23be436795b3\\jaxb-core-4.0.5.jar;C:\\Users\\Administrator\\.gradle\\caches\\modules-2\\files-2.1\\jakarta.xml.bind\\jakarta.xml.bind-api\\4.0.2\\6cd5a999b834b63238005b7144136379dc36cad2\\jakarta.xml.bind-api-4.0.2.jar;C:\\Users\\Administrator\\.gradle\\caches\\modules-2\\files-2.1\\com.nimbusds\\oauth2-oidc-sdk\\9.43.6\\a1842456e236f53e30946b2cb0bdeb17a44cdfd3\\oauth2-oidc-sdk-9.43.6.jar;C:\\Users\\Administrator\\.gradle\\caches\\modules-2\\files-2.1\\net.minidev\\json-smart\\2.5.2\\95d166b18f95907be0f46cdb9e1c0695eed03387\\json-smart-2.5.2.jar;C:\\Users\\Administrator\\.gradle\\caches\\modules-2\\files-2.1\\org.assertj\\assertj-core\\3.27.4\\65e62575f7e422df6d290dc1cb15f3c97108b2b1\\assertj-core-3.27.4.jar;C:\\Users\\Administrator\\.gradle\\caches\\modules-2\\files-2.1\\org.awaitility\\awaitility\\4.2.2\\7336242073ebf83fe034e42b46a403c5501b63c9\\awaitility-4.2.2.jar;C:\\Users\\Administrator\\.gradle\\caches\\modules-2\\files-2.1\\org.hamcrest\\hamcrest\\3.0\\8fd9b78a8e6a6510a078a9e30e9e86a6035cfaf7\\hamcrest-3.0.jar;C:\\Users\\Administrator\\.gradle\\caches\\modules-2\\files-2.1\\org.mockito\\mockito-core\\5.17.0\\f5fe5a2f94eb65f4f83ca0607bfe13ec0d9c6f3b\\mockito-core-5.17.0.jar;C:\\Users\\Administrator\\.gradle\\caches\\modules-2\\files-2.1\\org.skyscreamer\\jsonassert\\1.5.3\\aaa43e0823d2a0e106e8754d6a9c4ab24e05e9bc\\jsonassert-1.5.3.jar;C:\\Users\\Administrator\\.gradle\\caches\\modules-2\\files-2.1\\org.springframework\\spring-test\\6.2.11\\ed6016f9407fff2dd272018e5d5c32105dd929\\spring-test-6.2.11.jar;C:\\Users\\Administrator\\.gradle\\caches\\modules-2\\files-2.1\\org.springframework\\spring-orm\\6.2.11\\d14df2d6ecddd2984ef5590d73c5178d7df25c11\\spring-orm-6.2.11.jar;C:\\Users\\Administrator\\.gradle\\caches\\modules-2\\files-2.1\\org.springframework\\spring-jdbc\\6.2.11\\8aadfc8bed1630563c65bb5628e2175ecd508998\\spring-jdbc-6.2.11.jar;C:\\Users\\Administrator\\.gradle\\caches\\modules-2\\files-2.1\\org.springframework.data\\spring-data-commons\\3.5.4\\b61f6528cb8b39b471775a4b27f0437f6646f1e6\\spring-data-commons-3.5.4.jar;C:\\Users\\Administrator\\.gradle\\caches\\modules-2\\files-2.1\\org.springframework\\spring-tx\\6.2.11\\f2b8bef65f6682019002c12a628886637e596261\\spring-tx-6.2.11.jar;C:\\Users\\Administrator\\.gradle\\caches\\modules-2\\files-2.1\\org.springframework\\spring-beans\\6.2.11\\8d92eb837b70094d7316f6a07770eefd360bc53c\\spring-beans-6.2.11.jar;C:\\Users\\Administrator\\.gradle\\caches\\modules-2\\files-2.1\\org.springframework\\spring-expression\\6.2.11\\7190c1c69576516efef1a061d956dccf17cb0b86\\spring-expression-6.2.11.jar;C:\\Users\\Administrator\\.gradle\\caches\\modules-2\\files-2.1\\org.springframework\\spring-core\\6.2.11\\f4860eb6ea92abb8ae6c5e82e2e7efc395cef8d\\spring-core-6.2.11.jar;C:\\Users\\Administrator\\.gradle\\caches\\modules-2\\files-2.1\\org.xmlunit\\xmlunit-core\\2.10.4\\eff1eddcdb52fdeaa7e28ca68301db49361d8bec\\xmlunit-core-2.10.4.jar;C:\\Users\\Administrator\\.gradle\\caches\\modules-2\\files-2.1\\org.springframework.boot\\spring-boot-starter-logging\\3.5.6\\61717f15cb53d2a0cce6428b29adbdc2ed5f2f25\\spring-boot-starter-logging-3.5.6.jar;C:\\Users\\Administrator\\.gradle\\caches\\modules-2\\files-2.1\\jakarta.annotation\\jakarta.annotation-api\\2.1.1\\48b9bda22b091b1f48b13af03fe36db3be6e1ae3\\jakarta.annotation-api-2.1.1.jar;C:\\Users\\Administrator\\.gradle\\caches\\modules-2\\files-2.1\\org.yaml\\snakeyaml\\2.4\\e0666b825b796f85521f02360e77f4c92c5a7a07\\snakeyaml-2.4.jar;C:\\Users\\Administrator\\.gradle\\caches\\modules-2\\files-2.1\\org.apache.tomcat.embed\\tomcat-embed-websocket\\10.1.46\\e98da6e2f659ec02062d2c84a07b7262e82d8b74\\tomcat-embed-websocket-10.1.46.jar;C:\\Users\\Administrator\\.gradle\\caches\\modules-2\\files-2.1\\org.apache.tomcat.embed\\tomcat-embed-core\\10.1.46\\64d4eee6e42eb61492a7b84d458327bfb1c1d957\\tomcat-embed-core-10.1.46.jar;C:\\Users\\Administrator\\.gradle\\caches\\modules-2\\files-2.1\\io.micrometer\\micrometer-observation\\1.15.4\\8cd0aed0ff098a7937f2f8f81705840f2d60a432\\micrometer-observation-1.15.4.jar;C:\\Users\\Administrator\\.gradle\\caches\\modules-2\\files-2.1\\org.thymeleaf\\thymeleaf\\3.1.3.RELEASE\\51474f2a90b282ee97dabcd159c7faf24790f373\\thymeleaf-3.1.3.RELEASE.jar;C:\\Users\\Administrator\\.gradle\\caches\\modules-2\\files-2.1\\com.zaxxer\\HikariCP\\6.3.3\\7c5aec1e47a97ff40977e0193018865304ea9585\\HikariCP-6.3.3.jar;C:\\Users\\Administrator\\.gradle\\caches\\modules-2\\files-2.1\\ch.qos.logback\\logback-classic\\1.5.18\\fc371f3fc97a639de2d67947cffb7518ec5e3d40\\logback-classic-1.5.18.jar;C:\\Users\\Administrator\\.gradle\\caches\\modules-2\\files-2.1\\org.apache.logging.log4j\\log4j-to-slf4j\\2.24.3\\da1143e2a2531ee1c2d90baa98eb50a28a39d5a7\\log4j-to-slf4j-2.24.3.jar;C:\\Users\\Administrator\\.gradle\\caches\\modules-2\\files-2.1\\org.slf4j\\jul-to-slf4j\\2.0.17\\524cb6ccc2b68a57604750e1ab8b13b5a786a6aa\\jul-to-slf4j-2.0.17.jar;C:\\Users\\Administrator\\.gradle\\caches\\modules-2\\files-2.1\\org.slf4j\\slf4j-api\\2.0.17\\d9e58ac9c7779ba3bf8142aff6c830617a7fe60f\\slf4j-api-2.0.17.jar;C:\\Users\\Administrator\\.gradle\\caches\\modules-2\\files-2.1\\jakarta.persistence\\jakarta.persistence-api\\3.1.0\\66901fa1c373c6aff65c13791cc11da72060a8d6\\jakarta.persistence-api-3.1.0.jar;C:\\Users\\Administrator\\.gradle\\caches\\modules-2\\files-2.1\\jakarta.transaction\\jakarta.transaction-api\\2.0.1\\51a520e3fae406abb84e2e1148e6746ce3f80a1a\\jakarta.transaction-api-2.0.1.jar;C:\\Users\\Administrator\\.gradle\\caches\\modules-2\\files-2.1\\org.jboss.logging\\jboss-logging\\3.6.1.Final\\886afbb445b4016a37c8960a7aef6ebd769ce7e5\\jboss-logging-3.6.1.Final.jar;C:\\Users\\Administrator\\.gradle\\caches\\modules-2\\files-2.1\\org.hibernate.common\\hibernate-commons-annotations\\7.0.3.Final\\e183c4be8bb41d12e9f19b374e00c34a0a85f439\\hibernate-commons-annotations-7.0.3.Final.jar;C:\\Users\\Administrator\\.gradle\\caches\\modules-2\\files-2.1\\io.smallrye\\jandex\\3.2.0\\f17ad860f62a08487b9edabde608f8ac55c62fa7\\jandex-3.2.0.jar;C:\\Users\\Administrator\\.gradle\\caches\\modules-2\\files-2.1\\com.fasterxml\\classmate\\1.7.0\\e98374da1f2143ac8e6e0a95036994bb19137a3\\classmate-1.7.0.jar;C:\\Users\\Administrator\\.gradle\\caches\\modules-2\\files-2.1\\net.bytebuddy\\byte-buddy\\1.17.7\\3856bfab61beb23e099a0d6629f2ba8de4b98ace\\byte-buddy-1.17.7.jar;C:\\Users\\Administrator\\.gradle\\caches\\modules-2\\files-2.1\\jakarta.inject\\jakarta.inject-api\\2.0.1\\4c28afe1991a941d7702fe1362c365f0a8641d1e\\jakarta.inject-api-2.0.1.jar;C:\\Users\\Administrator\\.gradle\\caches\\modules-2\\files-2.1\\org.antlr\\antlr4-runtime\\4.13.0\\5a02e48521624faaf5ff4d99afc88b01686af655\\antlr4-runtime-4.13.0.jar;C:\\Users\\Administrator\\.gradle\\caches\\modules-2\\files-2.1\\jakarta.validation\\jakarta.validation-api\\3.0.2\\92b6631659ba35ca09e44874d3eb936edfeee532\\jakarta.validation-api-3.0.2.jar;C:\\Users\\Administrator\\.gradle\\caches\\modules-2\\files-2.1\\org.springframework.security\\spring-security-crypto\\6.5.5\\83f9ebdd4706d23d697a7012aa946b64b54476f6\\spring-security-crypto-6.5.5.jar;C:\\Users\\Administrator\\.gradle\\caches\\modules-2\\files-2.1\\com.nimbusds\\nimbus-jose-jwt\\9.37.4\\3d680c5ea93472186fda6d0d920d7975d3f4e15c\\nimbus-jose-jwt-9.37.4.jar;C:\\Users\\Administrator\\.gradle\\caches\\modules-2\\files-2.1\\org.eclipse.angus\\angus-activation\\2.0.2\\41f1e0ddd157c856926ed149ab837d110955a9fc\\angus-activation-2.0.2.jar;C:\\Users\\Administrator\\.gradle\\caches\\modules-2\\files-2.1\\jakarta.activation\\jakarta.activation-api\\2.1.4\\9e5c2a0d75dde71a0bedc4dbdbe47b78a5dc50f8\\jakarta.activation-api-2.1.4.jar;C:\\Users\\Administrator\\.gradle\\caches\\modules-2\\files-2.1\\net.minidev\\accessors-smart\\2.5.2\\ce16fd235cfee48e67eda33e684423bba09f7d07\\accessors-smart-2.5.2.jar;C:\\Users\\Administrator\\.gradle\\caches\\modules-2\\files-2.1\\net.bytebuddy\\byte-buddy-agent\\1.17.7\\fbf3d6d649ed37fc9e9c59480a05be0a26e3c2da\\byte-buddy-agent-1.17.7.jar;C:\\Users\\Administrator\\.gradle\\caches\\modules-2\\files-2.1\\org.objenesis\\objenesis\\3.3\\1049c09f1de4331e8193e579448d0916d75b7631\\objenesis-3.3.jar;C:\\Users\\Administrator\\.gradle\\caches\\modules-2\\files-2.1\\com.vaadin.external.google\\android-json\\0.0.20131108.vaadin1\\fa26d351fe62a6a17f5cda1287c1c6110dec413f\\android-json-0.0.20131108.vaadin1.jar;C:\\Users\\Administrator\\.gradle\\caches\\modules-2\\files-2.1\\org.springframework\\spring-jcl\\6.2.11\\819fc7e968ac07d4b042be7cfb8d99c267142ac7\\spring-jcl-6.2.11.jar;C:\\Users\\Administrator\\.gradle\\caches\\modules-2\\files-2.1\\org.opentest4j\\opentest4j\\1.3.0\\152ea56b3a72f655d4fd677fc0ef2596c3dd5e6e\\opentest4j-1.3.0.jar;C:\\Users\\Administrator\\.gradle\\caches\\modules-2\\files-2.1\\io.micrometer\\micrometer-commons\\1.15.4\\f73f10deeee5700b15c2f0f41ae79e2689b39613\\micrometer-commons-1.15.4.jar;C:\\Users\\Administrator\\.gradle\\caches\\modules-2\\files-2.1\\org.attoparser\\attoparser\\2.0.7.RELEASE\\e5d0e988d9124139d645bb5872b24dfa23e283cc\\attoparser-2.0.7.RELEASE.jar;C:\\Users\\Administrator\\.gradle\\caches\\modules-2\\files-2.1\\org.unbescape\\unbescape\\1.1.6.RELEASE\\7b90360afb2b860e09e8347112800d12c12b2a13\\unbescape-1.1.6.RELEASE.jar;C:\\Users\\Administrator\\.gradle\\caches\\modules-2\\files-2.1\\com.github.stephenc.jcip\\jcip-annotations\\1.0-1\\ef31541dd28ae2cefdd17c7ebf352d93e9058c63\\jcip-annotations-1.0-1.jar;C:\\Users\\Administrator\\.gradle\\caches\\modules-2\\files-2.1\\com.nimbusds\\content-type\\2.2\\9a894bce7646dd4086652d85b88013229f23724b\\content-type-2.2.jar;C:\\Users\\Administrator\\.gradle\\caches\\modules-2\\files-2.1\\com.nimbusds\\lang-tag\\1.7\\97c73ecd70bc7e8eefb26c5eea84f251a63f1031\\lang-tag-1.7.jar;C:\\Users\\Administrator\\.gradle\\caches\\modules-2\\files-2.1\\org.ow2.asm\\asm\\9.7.1\\f0ed132a49244b042cd0e15702ab9f2ce3cc8436\\asm-9.7.1.jar;C:\\Users\\Administrator\\.gradle\\caches\\modules-2\\files-2.1\\ch.qos.logback\\logback-core\\1.5.18\\6c0375624f6f36b4e089e2488ba21334a11ef13f\\logback-core-1.5.18.jar;C:\\Users\\Administrator\\.gradle\\caches\\modules-2\\files-2.1\\org.apache.logging.log4j\\log4j-api\\2.24.3\\b02c125db8b6d295adf72ae6e71af5d83bce2370\\log4j-api-2.24.3.jar;C:\\Users\\Administrator\\.gradle\\caches\\modules-2\\files-2.1\\org.glassfish.jaxb\\txw2\\4.0.5\\f36a4ef12120a9bb06d766d6a0e54b144fd7ed98\\txw2-4.0.5.jar;C:\\Users\\Administrator\\.gradle\\caches\\modules-2\\files-2.1\\com.sun.istack\\istack-commons-runtime\\4.1.2\\18ec117c85f3ba0ac65409136afa8e42bc74e739\\istack-commons-runtime-4.1.2.jar;C:\\Users\\Administrator\\.gradle\\caches\\modules-2\\files-2.1\\org.apache.commons\\commons-lang3\\3.17.0\\b17d2136f0460dcc0d2016ceefca8723bdf4ee70\\commons-lang3-3.17.0.jar;C:\\Users\\Administrator\\.gradle\\caches\\modules-2\\files-2.1\\io.swagger.core.v3\\swagger-annotations-jakarta\\2.2.19\\c180d87c78d367771bbd954ebceba1b6c576fb52\\swagger-annotations-jakarta-2.2.19.jar
Launcher Type: SUN_STANDARD

[Global flags]
     intx CICompilerCount                          = 4                                         {product} {ergonomic}
     uint ConcGCThreads                            = 3                                         {product} {ergonomic}
     uint G1ConcRefinementThreads                  = 10                                        {product} {ergonomic}
   size_t G1HeapRegionSize                         = 1048576                                   {product} {ergonomic}
    uintx GCDrainStackTargetSize                   = 64                                        {product} {ergonomic}
   size_t InitialHeapSize                          = 266338304                                 {product} {ergonomic}
   size_t MarkStackSize                            = 4194304                                   {product} {ergonomic}
   size_t MaxHeapSize                              = 536870912                                 {product} {command line}
   size_t MaxNewSize                               = 321912832                                 {product} {ergonomic}
   size_t MinHeapDeltaBytes                        = 1048576                                   {product} {ergonomic}
   size_t MinHeapSize                              = 8388608                                   {product} {ergonomic}
    uintx NonNMethodCodeHeapSize                   = 5839372                                {pd product} {ergonomic}
    uintx NonProfiledCodeHeapSize                  = 122909434                              {pd product} {ergonomic}
    uintx ProfiledCodeHeapSize                     = 122909434                              {pd product} {ergonomic}
    uintx ReservedCodeCacheSize                    = 251658240                              {pd product} {ergonomic}
     bool SegmentedCodeCache                       = true                                      {product} {ergonomic}
   size_t SoftMaxHeapSize                          = 536870912                              {manageable} {ergonomic}
     bool UseCompressedOops                        = true                           {product lp64_product} {ergonomic}
     bool UseG1GC                                  = true                                      {product} {ergonomic}
     bool UseLargePagesIndividualAllocation        = false                                  {pd product} {ergonomic}

Logging:
Log output configuration:
 #0: stdout all=warning uptime,level,tags foldmultilines=false
 #1: stderr all=off uptime,level,tags foldmultilines=false

Environment Variables:
JAVA_HOME=C:\Program Files\Java\jdk-21
PATH=C:\Python\Scripts\;C:\Python\;C:\Program Files\Common Files\Oracle\Java\javapath;C:\windows\system32;C:\windows;C:\windows\System32\Wbem;C:\windows\System32\WindowsPowerShell\v1.0\;C:\windows\System32\OpenSSH\;C:\Program Files\Bandizip\;C:\Program Files\dotnet\;C:\Program Files (x86)\NVIDIA Corporation\PhysX\Common;C:\Program Files\Git\cmd;C:\NodeJS\;C:\Users\Administrator\AppData\Local\Microsoft\WindowsApps;C:\Users\Administrator\AppData\Local\gitkraken\bin;C:\Users\Administrator\AppData\Local\Programs\Antigravity\bin;C:\Users\Administrator\AppData\Roaming\npm;c:\Users\Administrator\.antigravity\extensions\vscjava.vscode-java-debug-0.58.5-universal\bundled\scripts\noConfigScripts;C:\Program Files\Java\jdk-21\bin
USERNAME=Administrator
LANG=en_US.UTF-8
OS=Windows_NT
PROCESSOR_IDENTIFIER=Intel64 Family 6 Model 151 Stepping 5, GenuineIntel
TMP=C:\Users\Administrator\AppData\Local\Temp
TEMP=C:\Users\Administrator\AppData\Local\Temp




Periodic native trim disabled

---------------  S Y S T E M  ---------------

OS:
 Windows 10 , 64 bit Build 19041 (10.0.19041.2546)
OS uptime: 0 days 7:46 hours

CPU: total 12 (initial active 12) (6 cores per cpu, 2 threads per core) family 6 model 151 stepping 5 microcode 0x26, cx8, cmov, fxsr, ht, mmx, 3dnowpref, sse, sse2, sse3, ssse3, sse4.1, sse4.2, popcnt, lzcnt, tsc, tscinvbit, avx, avx2, aes, erms, clmul, bmi1, bmi2, adx, sha, fma, vzeroupper, clflush, clflushopt, clwb, serialize, rdtscp, rdpid, fsrm, f16c, pku, cet_ibt, cet_ss
Processor Information for all 12 processors :
  Max Mhz: 2500, Current Mhz: 2500, Mhz Limit: 2500

Memory: 4k page, system-wide physical 16225M (712M free)
TotalPageFile size 32609M (AvailPageFile size 45M)
current process WorkingSet (physical memory assigned to process): 385M, peak: 385M
current process commit charge ("private bytes"): 427M, peak: 489M

vm_info: Java HotSpot(TM) 64-Bit Server VM (21.0.9+7-LTS-338) for windows-amd64 JRE (21.0.9+7-LTS-338), built on 2025-09-26T06:33:49Z by "mach5run" with MS VC++ 17.6 (VS2022)

END.
