#
# There is insufficient memory for the Java Runtime Environment to continue.
# Native memory allocation (malloc) failed to allocate 572176 bytes for Chunk::new
# Possible reasons:
#   The system is out of physical RAM or swap space
#   The process is running with CompressedOops enabled, and the Java Heap may be blocking the growth of the native heap
# Possible solutions:
#   Reduce memory load on the system
#   Increase physical memory or swap space
#   Check if swap backing store is full
#   Decrease Java heap size (-Xmx/-Xms)
#   Decrease number of Java threads
#   Decrease Java thread stack sizes (-Xss)
#   Set larger code cache with -XX:ReservedCodeCacheSize=
#   JVM is running with Unscaled Compressed Oops mode in which the Java heap is
#     placed in the first 4GB address space. The Java Heap base address is the
#     maximum limit for the native heap growth. Please use -XX:HeapBaseMinAddress
#     to set the Java Heap base and to place the Java Heap above 4GB virtual address.
# This output file may be truncated or incomplete.
#
#  Out of Memory Error (arena.cpp:168), pid=12468, tid=13416
#
# JRE version: Java(TM) SE Runtime Environment (21.0.9+7) (build 21.0.9+7-LTS-338)
# Java VM: Java HotSpot(TM) 64-Bit Server VM (21.0.9+7-LTS-338, mixed mode, sharing, tiered, compressed oops, compressed class ptrs, g1 gc, windows-amd64)
# No core dump will be written. Minidumps are not enabled by default on client versions of Windows
#

---------------  S U M M A R Y ------------

Command Line: -Dorg.gradle.internal.worker.tmpdir=C:\TheCareer\NextEnterBack\build\tmp\test\work -Xmx512m -Dfile.encoding=UTF-8 -Duser.country=KR -Duser.language=ko -Duser.variant -ea worker.org.gradle.process.internal.worker.GradleWorkerMain 'Gradle Test Executor 1'

Host: 12th Gen Intel(R) Core(TM) i5-12400F, 12 cores, 15G,  Windows 10 , 64 bit Build 19041 (10.0.19041.2546)
Time: Sat Jan 31 07:35:17 2026 elapsed time: 0.646581 seconds (0d 0h 0m 0s)

---------------  T H R E A D  ---------------

Current thread (0x000002377ed9cd40):  JavaThread "C2 CompilerThread2" daemon [_thread_in_native, id=13416, stack(0x000000b576900000,0x000000b576a00000) (1024K)]


Current CompileTask:
C2:    646 1794       4       java.lang.invoke.MethodType::methodType (69 bytes)

Stack: [0x000000b576900000,0x000000b576a00000]
Native frames: (J=compiled Java code, j=interpreted, Vv=VM code, C=native code)
V  [jvm.dll+0x6cbf89]
V  [jvm.dll+0x858421]
V  [jvm.dll+0x85a94e]
V  [jvm.dll+0x85b023]
V  [jvm.dll+0x27ebc6]
V  [jvm.dll+0xc4f4d]
V  [jvm.dll+0xc5483]
V  [jvm.dll+0x2f1f8d]
V  [jvm.dll+0x5f6cea]
V  [jvm.dll+0x2506d2]
V  [jvm.dll+0x249153]
V  [jvm.dll+0x246b14]
V  [jvm.dll+0x1c7a3e]
V  [jvm.dll+0x256329]
V  [jvm.dll+0x2548ba]
V  [jvm.dll+0x3efdee]
V  [jvm.dll+0x80265b]
V  [jvm.dll+0x6ca66d]
C  [ucrtbase.dll+0x21bb2]
C  [KERNEL32.DLL+0x17614]
C  [ntdll.dll+0x526a1]


---------------  P R O C E S S  ---------------

Threads class SMR info:
_java_thread_list=0x000002377f5866b0, length=16, elements={
0x0000023763ba9890, 0x000002377ed8ed60, 0x000002377ed8fa80, 0x000002377ed914f0,
0x000002377ed91f50, 0x000002377ed92d10, 0x000002377ed95780, 0x000002377ed992a0,
0x000002377ed9b8d0, 0x000002377f058b90, 0x000002377f085200, 0x000002377ed9a460,
0x000002377ed9cd40, 0x000002374771c880, 0x000002377f658960, 0x00000237476c3d90
}

Java Threads: ( => current thread )
  0x0000023763ba9890 JavaThread "Test worker"                       [_thread_in_vm, id=15528, stack(0x000000b575600000,0x000000b575700000) (1024K)]
  0x000002377ed8ed60 JavaThread "Reference Handler"          daemon [_thread_blocked, id=23916, stack(0x000000b575e00000,0x000000b575f00000) (1024K)]
  0x000002377ed8fa80 JavaThread "Finalizer"                  daemon [_thread_blocked, id=11388, stack(0x000000b575f00000,0x000000b576000000) (1024K)]
  0x000002377ed914f0 JavaThread "Signal Dispatcher"          daemon [_thread_blocked, id=6312, stack(0x000000b576000000,0x000000b576100000) (1024K)]
  0x000002377ed91f50 JavaThread "Attach Listener"            daemon [_thread_blocked, id=10616, stack(0x000000b576100000,0x000000b576200000) (1024K)]
  0x000002377ed92d10 JavaThread "Service Thread"             daemon [_thread_blocked, id=16480, stack(0x000000b576200000,0x000000b576300000) (1024K)]
  0x000002377ed95780 JavaThread "Monitor Deflation Thread"   daemon [_thread_blocked, id=15792, stack(0x000000b576300000,0x000000b576400000) (1024K)]
  0x000002377ed992a0 JavaThread "C2 CompilerThread0"         daemon [_thread_blocked, id=25248, stack(0x000000b576400000,0x000000b576500000) (1024K)]
  0x000002377ed9b8d0 JavaThread "C1 CompilerThread0"         daemon [_thread_blocked, id=22568, stack(0x000000b576500000,0x000000b576600000) (1024K)]
  0x000002377f058b90 JavaThread "Notification Thread"        daemon [_thread_blocked, id=13180, stack(0x000000b576600000,0x000000b576700000) (1024K)]
  0x000002377f085200 JavaThread "Common-Cleaner"             daemon [_thread_blocked, id=7988, stack(0x000000b576700000,0x000000b576800000) (1024K)]
  0x000002377ed9a460 JavaThread "C2 CompilerThread1"         daemon [_thread_in_native, id=4212, stack(0x000000b576800000,0x000000b576900000) (1024K)]
=>0x000002377ed9cd40 JavaThread "C2 CompilerThread2"         daemon [_thread_in_native, id=13416, stack(0x000000b576900000,0x000000b576a00000) (1024K)]
  0x000002374771c880 JavaThread "/127.0.0.1:10712 to /127.0.0.1:10709 workers"        [_thread_blocked, id=8176, stack(0x000000b576b00000,0x000000b576c00000) (1024K)]
  0x000002377f658960 JavaThread "/127.0.0.1:10712 to /127.0.0.1:10709 workers Thread 2"        [_thread_blocked, id=23384, stack(0x000000b576c00000,0x000000b576d00000) (1024K)]
  0x00000237476c3d90 JavaThread "/127.0.0.1:10712 to /127.0.0.1:10709 workers Thread 3"        [_thread_in_native, id=11920, stack(0x000000b576d00000,0x000000b576e00000) (1024K)]
Total: 16

Other Threads:
  0x000002377ed74430 VMThread "VM Thread"                           [id=23560, stack(0x000000b575d00000,0x000000b575e00000) (1024K)]
  0x000002377ed60270 WatcherThread "VM Periodic Task Thread"        [id=15228, stack(0x000000b575c00000,0x000000b575d00000) (1024K)]
  0x0000023765d2feb0 WorkerThread "GC Thread#0"                     [id=6912, stack(0x000000b575700000,0x000000b575800000) (1024K)]
  0x0000023747554370 WorkerThread "GC Thread#1"                     [id=13056, stack(0x000000b576e00000,0x000000b576f00000) (1024K)]
  0x00000237476c51a0 WorkerThread "GC Thread#2"                     [id=1072, stack(0x000000b576f00000,0x000000b577000000) (1024K)]
  0x00000237473690c0 WorkerThread "GC Thread#3"                     [id=9580, stack(0x000000b577000000,0x000000b577100000) (1024K)]
  0x0000023747369470 WorkerThread "GC Thread#4"                     [id=19620, stack(0x000000b577100000,0x000000b577200000) (1024K)]
  0x0000023747369c30 WorkerThread "GC Thread#5"                     [id=724, stack(0x000000b577200000,0x000000b577300000) (1024K)]
  0x000002377f945c20 WorkerThread "GC Thread#6"                     [id=23148, stack(0x000000b577300000,0x000000b577400000) (1024K)]
  0x000002377f9469f0 WorkerThread "GC Thread#7"                     [id=18976, stack(0x000000b577400000,0x000000b577500000) (1024K)]
  0x000002374709a370 WorkerThread "GC Thread#8"                     [id=17172, stack(0x000000b577500000,0x000000b577600000) (1024K)]
  0x000002374709ae80 WorkerThread "GC Thread#9"                     [id=15088, stack(0x000000b577600000,0x000000b577700000) (1024K)]
  0x0000023765d35050 ConcurrentGCThread "G1 Main Marker"            [id=23028, stack(0x000000b575800000,0x000000b575900000) (1024K)]
  0x0000023765d35b60 WorkerThread "G1 Conc#0"                       [id=11116, stack(0x000000b575900000,0x000000b575a00000) (1024K)]
  0x000002377ec321d0 ConcurrentGCThread "G1 Refine#0"               [id=4292, stack(0x000000b575a00000,0x000000b575b00000) (1024K)]
  0x000002377ec34a10 ConcurrentGCThread "G1 Service"                [id=12200, stack(0x000000b575b00000,0x000000b575c00000) (1024K)]
Total: 16

Threads with active compile tasks:
C2 CompilerThread1      655 1789       4       java.lang.invoke.MethodType::makeImpl (109 bytes)
C2 CompilerThread2      655 1794       4       java.lang.invoke.MethodType::methodType (69 bytes)
Total: 2

VM state: not at safepoint (normal execution)

VM Mutex/Monitor currently owned by a thread: None

Heap address: 0x00000000e0000000, size: 512 MB, Compressed Oops mode: 32-bit

CDS archive(s) mapped at: [0x0000023702000000-0x0000023702c90000-0x0000023702c90000), size 13172736, SharedBaseAddress: 0x0000023702000000, ArchiveRelocationMode: 1.
Compressed class space mapped at: 0x0000023703000000-0x0000023743000000, reserved size: 1073741824
Narrow klass base: 0x0000023702000000, Narrow klass shift: 0, Narrow klass range: 0x100000000

GC Precious Log:
 CardTable entry size: 512
 Card Set container configuration: InlinePtr #cards 5 size 8 Array Of Cards #cards 12 size 40 Howl #buckets 4 coarsen threshold 1843 Howl Bitmap #cards 512 size 80 coarsen threshold 460 Card regions per heap region 1 cards per card region 2048
 CPUs: 12 total, 12 available
 Memory: 16225M
 Large Page Support: Disabled
 NUMA Support: Disabled
 Compressed Oops: Enabled (32-bit)
 Heap Region Size: 1M
 Heap Min Capacity: 8M
 Heap Initial Capacity: 254M
 Heap Max Capacity: 512M
 Pre-touch: Disabled
 Parallel Workers: 10
 Concurrent Workers: 3
 Concurrent Refinement Workers: 10
 Periodic GC: Disabled

Heap:
 garbage-first heap   total 260096K, used 15070K [0x00000000e0000000, 0x0000000100000000)
  region size 1024K, 5 young (5120K), 2 survivors (2048K)
 Metaspace       used 11642K, committed 11968K, reserved 1114112K
  class space    used 1526K, committed 1728K, reserved 1048576K

Heap Regions: E=young(eden), S=young(survivor), O=old, HS=humongous(starts), HC=humongous(continues), CS=collection set, F=free, TAMS=top-at-mark-start, PB=parsable bottom
|   0|0x00000000e0000000, 0x00000000e0100000, 0x00000000e0100000|100%|HS|  |TAMS 0x00000000e0000000| PB 0x00000000e0000000| Complete 
|   1|0x00000000e0100000, 0x00000000e0200000, 0x00000000e0200000|100%|HS|  |TAMS 0x00000000e0100000| PB 0x00000000e0100000| Complete 
|   2|0x00000000e0200000, 0x00000000e0300000, 0x00000000e0300000|100%| O|  |TAMS 0x00000000e0200000| PB 0x00000000e0200000| Untracked 
|   3|0x00000000e0300000, 0x00000000e0400000, 0x00000000e0400000|100%| O|  |TAMS 0x00000000e0300000| PB 0x00000000e0300000| Untracked 
|   4|0x00000000e0400000, 0x00000000e0500000, 0x00000000e0500000|100%| O|  |TAMS 0x00000000e0400000| PB 0x00000000e0400000| Untracked 
|   5|0x00000000e0500000, 0x00000000e0600000, 0x00000000e0600000|100%| O|  |TAMS 0x00000000e0500000| PB 0x00000000e0500000| Untracked 
|   6|0x00000000e0600000, 0x00000000e0700000, 0x00000000e0700000|100%| O|  |TAMS 0x00000000e0600000| PB 0x00000000e0600000| Untracked 
|   7|0x00000000e0700000, 0x00000000e0800000, 0x00000000e0800000|100%| O|  |TAMS 0x00000000e0700000| PB 0x00000000e0700000| Untracked 
|   8|0x00000000e0800000, 0x00000000e0900000, 0x00000000e0900000|100%| O|  |TAMS 0x00000000e0800000| PB 0x00000000e0800000| Untracked 
|   9|0x00000000e0900000, 0x00000000e0a00000, 0x00000000e0a00000|100%| O|  |TAMS 0x00000000e0900000| PB 0x00000000e0900000| Untracked 
|  10|0x00000000e0a00000, 0x00000000e0ae2b00, 0x00000000e0b00000| 88%| O|  |TAMS 0x00000000e0a00000| PB 0x00000000e0a00000| Untracked 
|  11|0x00000000e0b00000, 0x00000000e0b00000, 0x00000000e0c00000|  0%| F|  |TAMS 0x00000000e0b00000| PB 0x00000000e0b00000| Untracked 
|  12|0x00000000e0c00000, 0x00000000e0c00000, 0x00000000e0d00000|  0%| F|  |TAMS 0x00000000e0c00000| PB 0x00000000e0c00000| Untracked 
|  13|0x00000000e0d00000, 0x00000000e0d00000, 0x00000000e0e00000|  0%| F|  |TAMS 0x00000000e0d00000| PB 0x00000000e0d00000| Untracked 
|  14|0x00000000e0e00000, 0x00000000e0e00000, 0x00000000e0f00000|  0%| F|  |TAMS 0x00000000e0e00000| PB 0x00000000e0e00000| Untracked 
|  15|0x00000000e0f00000, 0x00000000e0f00000, 0x00000000e1000000|  0%| F|  |TAMS 0x00000000e0f00000| PB 0x00000000e0f00000| Untracked 
|  16|0x00000000e1000000, 0x00000000e1000000, 0x00000000e1100000|  0%| F|  |TAMS 0x00000000e1000000| PB 0x00000000e1000000| Untracked 
|  17|0x00000000e1100000, 0x00000000e1100000, 0x00000000e1200000|  0%| F|  |TAMS 0x00000000e1100000| PB 0x00000000e1100000| Untracked 
|  18|0x00000000e1200000, 0x00000000e1200000, 0x00000000e1300000|  0%| F|  |TAMS 0x00000000e1200000| PB 0x00000000e1200000| Untracked 
|  19|0x00000000e1300000, 0x00000000e1300000, 0x00000000e1400000|  0%| F|  |TAMS 0x00000000e1300000| PB 0x00000000e1300000| Untracked 
|  20|0x00000000e1400000, 0x00000000e1400000, 0x00000000e1500000|  0%| F|  |TAMS 0x00000000e1400000| PB 0x00000000e1400000| Untracked 
|  21|0x00000000e1500000, 0x00000000e1500000, 0x00000000e1600000|  0%| F|  |TAMS 0x00000000e1500000| PB 0x00000000e1500000| Untracked 
|  22|0x00000000e1600000, 0x00000000e1600000, 0x00000000e1700000|  0%| F|  |TAMS 0x00000000e1600000| PB 0x00000000e1600000| Untracked 
|  23|0x00000000e1700000, 0x00000000e1700000, 0x00000000e1800000|  0%| F|  |TAMS 0x00000000e1700000| PB 0x00000000e1700000| Untracked 
|  24|0x00000000e1800000, 0x00000000e1800000, 0x00000000e1900000|  0%| F|  |TAMS 0x00000000e1800000| PB 0x00000000e1800000| Untracked 
|  25|0x00000000e1900000, 0x00000000e1900000, 0x00000000e1a00000|  0%| F|  |TAMS 0x00000000e1900000| PB 0x00000000e1900000| Untracked 
|  26|0x00000000e1a00000, 0x00000000e1a00000, 0x00000000e1b00000|  0%| F|  |TAMS 0x00000000e1a00000| PB 0x00000000e1a00000| Untracked 
|  27|0x00000000e1b00000, 0x00000000e1b00000, 0x00000000e1c00000|  0%| F|  |TAMS 0x00000000e1b00000| PB 0x00000000e1b00000| Untracked 
|  28|0x00000000e1c00000, 0x00000000e1c00000, 0x00000000e1d00000|  0%| F|  |TAMS 0x00000000e1c00000| PB 0x00000000e1c00000| Untracked 
|  29|0x00000000e1d00000, 0x00000000e1d00000, 0x00000000e1e00000|  0%| F|  |TAMS 0x00000000e1d00000| PB 0x00000000e1d00000| Untracked 
|  30|0x00000000e1e00000, 0x00000000e1e00000, 0x00000000e1f00000|  0%| F|  |TAMS 0x00000000e1e00000| PB 0x00000000e1e00000| Untracked 
|  31|0x00000000e1f00000, 0x00000000e1f00000, 0x00000000e2000000|  0%| F|  |TAMS 0x00000000e1f00000| PB 0x00000000e1f00000| Untracked 
|  32|0x00000000e2000000, 0x00000000e2000000, 0x00000000e2100000|  0%| F|  |TAMS 0x00000000e2000000| PB 0x00000000e2000000| Untracked 
|  33|0x00000000e2100000, 0x00000000e2100000, 0x00000000e2200000|  0%| F|  |TAMS 0x00000000e2100000| PB 0x00000000e2100000| Untracked 
|  34|0x00000000e2200000, 0x00000000e2200000, 0x00000000e2300000|  0%| F|  |TAMS 0x00000000e2200000| PB 0x00000000e2200000| Untracked 
|  35|0x00000000e2300000, 0x00000000e2300000, 0x00000000e2400000|  0%| F|  |TAMS 0x00000000e2300000| PB 0x00000000e2300000| Untracked 
|  36|0x00000000e2400000, 0x00000000e2400000, 0x00000000e2500000|  0%| F|  |TAMS 0x00000000e2400000| PB 0x00000000e2400000| Untracked 
|  37|0x00000000e2500000, 0x00000000e2500000, 0x00000000e2600000|  0%| F|  |TAMS 0x00000000e2500000| PB 0x00000000e2500000| Untracked 
|  38|0x00000000e2600000, 0x00000000e2600000, 0x00000000e2700000|  0%| F|  |TAMS 0x00000000e2600000| PB 0x00000000e2600000| Untracked 
|  39|0x00000000e2700000, 0x00000000e2700000, 0x00000000e2800000|  0%| F|  |TAMS 0x00000000e2700000| PB 0x00000000e2700000| Untracked 
|  40|0x00000000e2800000, 0x00000000e2800000, 0x00000000e2900000|  0%| F|  |TAMS 0x00000000e2800000| PB 0x00000000e2800000| Untracked 
|  41|0x00000000e2900000, 0x00000000e2900000, 0x00000000e2a00000|  0%| F|  |TAMS 0x00000000e2900000| PB 0x00000000e2900000| Untracked 
|  42|0x00000000e2a00000, 0x00000000e2a00000, 0x00000000e2b00000|  0%| F|  |TAMS 0x00000000e2a00000| PB 0x00000000e2a00000| Untracked 
|  43|0x00000000e2b00000, 0x00000000e2b00000, 0x00000000e2c00000|  0%| F|  |TAMS 0x00000000e2b00000| PB 0x00000000e2b00000| Untracked 
|  44|0x00000000e2c00000, 0x00000000e2c00000, 0x00000000e2d00000|  0%| F|  |TAMS 0x00000000e2c00000| PB 0x00000000e2c00000| Untracked 
|  45|0x00000000e2d00000, 0x00000000e2d00000, 0x00000000e2e00000|  0%| F|  |TAMS 0x00000000e2d00000| PB 0x00000000e2d00000| Untracked 
|  46|0x00000000e2e00000, 0x00000000e2e00000, 0x00000000e2f00000|  0%| F|  |TAMS 0x00000000e2e00000| PB 0x00000000e2e00000| Untracked 
|  47|0x00000000e2f00000, 0x00000000e2f00000, 0x00000000e3000000|  0%| F|  |TAMS 0x00000000e2f00000| PB 0x00000000e2f00000| Untracked 
|  48|0x00000000e3000000, 0x00000000e3000000, 0x00000000e3100000|  0%| F|  |TAMS 0x00000000e3000000| PB 0x00000000e3000000| Untracked 
|  49|0x00000000e3100000, 0x00000000e3100000, 0x00000000e3200000|  0%| F|  |TAMS 0x00000000e3100000| PB 0x00000000e3100000| Untracked 
|  50|0x00000000e3200000, 0x00000000e3200000, 0x00000000e3300000|  0%| F|  |TAMS 0x00000000e3200000| PB 0x00000000e3200000| Untracked 
|  51|0x00000000e3300000, 0x00000000e3300000, 0x00000000e3400000|  0%| F|  |TAMS 0x00000000e3300000| PB 0x00000000e3300000| Untracked 
|  52|0x00000000e3400000, 0x00000000e3400000, 0x00000000e3500000|  0%| F|  |TAMS 0x00000000e3400000| PB 0x00000000e3400000| Untracked 
|  53|0x00000000e3500000, 0x00000000e3500000, 0x00000000e3600000|  0%| F|  |TAMS 0x00000000e3500000| PB 0x00000000e3500000| Untracked 
|  54|0x00000000e3600000, 0x00000000e3600000, 0x00000000e3700000|  0%| F|  |TAMS 0x00000000e3600000| PB 0x00000000e3600000| Untracked 
|  55|0x00000000e3700000, 0x00000000e3700000, 0x00000000e3800000|  0%| F|  |TAMS 0x00000000e3700000| PB 0x00000000e3700000| Untracked 
|  56|0x00000000e3800000, 0x00000000e3800000, 0x00000000e3900000|  0%| F|  |TAMS 0x00000000e3800000| PB 0x00000000e3800000| Untracked 
|  57|0x00000000e3900000, 0x00000000e3900000, 0x00000000e3a00000|  0%| F|  |TAMS 0x00000000e3900000| PB 0x00000000e3900000| Untracked 
|  58|0x00000000e3a00000, 0x00000000e3a00000, 0x00000000e3b00000|  0%| F|  |TAMS 0x00000000e3a00000| PB 0x00000000e3a00000| Untracked 
|  59|0x00000000e3b00000, 0x00000000e3b00000, 0x00000000e3c00000|  0%| F|  |TAMS 0x00000000e3b00000| PB 0x00000000e3b00000| Untracked 
|  60|0x00000000e3c00000, 0x00000000e3c00000, 0x00000000e3d00000|  0%| F|  |TAMS 0x00000000e3c00000| PB 0x00000000e3c00000| Untracked 
|  61|0x00000000e3d00000, 0x00000000e3d00000, 0x00000000e3e00000|  0%| F|  |TAMS 0x00000000e3d00000| PB 0x00000000e3d00000| Untracked 
|  62|0x00000000e3e00000, 0x00000000e3e00000, 0x00000000e3f00000|  0%| F|  |TAMS 0x00000000e3e00000| PB 0x00000000e3e00000| Untracked 
|  63|0x00000000e3f00000, 0x00000000e3f00000, 0x00000000e4000000|  0%| F|  |TAMS 0x00000000e3f00000| PB 0x00000000e3f00000| Untracked 
|  64|0x00000000e4000000, 0x00000000e4000000, 0x00000000e4100000|  0%| F|  |TAMS 0x00000000e4000000| PB 0x00000000e4000000| Untracked 
|  65|0x00000000e4100000, 0x00000000e4100000, 0x00000000e4200000|  0%| F|  |TAMS 0x00000000e4100000| PB 0x00000000e4100000| Untracked 
|  66|0x00000000e4200000, 0x00000000e4200000, 0x00000000e4300000|  0%| F|  |TAMS 0x00000000e4200000| PB 0x00000000e4200000| Untracked 
|  67|0x00000000e4300000, 0x00000000e4300000, 0x00000000e4400000|  0%| F|  |TAMS 0x00000000e4300000| PB 0x00000000e4300000| Untracked 
|  68|0x00000000e4400000, 0x00000000e4400000, 0x00000000e4500000|  0%| F|  |TAMS 0x00000000e4400000| PB 0x00000000e4400000| Untracked 
|  69|0x00000000e4500000, 0x00000000e4500000, 0x00000000e4600000|  0%| F|  |TAMS 0x00000000e4500000| PB 0x00000000e4500000| Untracked 
|  70|0x00000000e4600000, 0x00000000e4600000, 0x00000000e4700000|  0%| F|  |TAMS 0x00000000e4600000| PB 0x00000000e4600000| Untracked 
|  71|0x00000000e4700000, 0x00000000e4700000, 0x00000000e4800000|  0%| F|  |TAMS 0x00000000e4700000| PB 0x00000000e4700000| Untracked 
|  72|0x00000000e4800000, 0x00000000e4800000, 0x00000000e4900000|  0%| F|  |TAMS 0x00000000e4800000| PB 0x00000000e4800000| Untracked 
|  73|0x00000000e4900000, 0x00000000e4900000, 0x00000000e4a00000|  0%| F|  |TAMS 0x00000000e4900000| PB 0x00000000e4900000| Untracked 
|  74|0x00000000e4a00000, 0x00000000e4a00000, 0x00000000e4b00000|  0%| F|  |TAMS 0x00000000e4a00000| PB 0x00000000e4a00000| Untracked 
|  75|0x00000000e4b00000, 0x00000000e4b00000, 0x00000000e4c00000|  0%| F|  |TAMS 0x00000000e4b00000| PB 0x00000000e4b00000| Untracked 
|  76|0x00000000e4c00000, 0x00000000e4c00000, 0x00000000e4d00000|  0%| F|  |TAMS 0x00000000e4c00000| PB 0x00000000e4c00000| Untracked 
|  77|0x00000000e4d00000, 0x00000000e4d00000, 0x00000000e4e00000|  0%| F|  |TAMS 0x00000000e4d00000| PB 0x00000000e4d00000| Untracked 
|  78|0x00000000e4e00000, 0x00000000e4e00000, 0x00000000e4f00000|  0%| F|  |TAMS 0x00000000e4e00000| PB 0x00000000e4e00000| Untracked 
|  79|0x00000000e4f00000, 0x00000000e4f00000, 0x00000000e5000000|  0%| F|  |TAMS 0x00000000e4f00000| PB 0x00000000e4f00000| Untracked 
|  80|0x00000000e5000000, 0x00000000e5000000, 0x00000000e5100000|  0%| F|  |TAMS 0x00000000e5000000| PB 0x00000000e5000000| Untracked 
|  81|0x00000000e5100000, 0x00000000e5100000, 0x00000000e5200000|  0%| F|  |TAMS 0x00000000e5100000| PB 0x00000000e5100000| Untracked 
|  82|0x00000000e5200000, 0x00000000e5200000, 0x00000000e5300000|  0%| F|  |TAMS 0x00000000e5200000| PB 0x00000000e5200000| Untracked 
|  83|0x00000000e5300000, 0x00000000e5300000, 0x00000000e5400000|  0%| F|  |TAMS 0x00000000e5300000| PB 0x00000000e5300000| Untracked 
|  84|0x00000000e5400000, 0x00000000e5400000, 0x00000000e5500000|  0%| F|  |TAMS 0x00000000e5400000| PB 0x00000000e5400000| Untracked 
|  85|0x00000000e5500000, 0x00000000e5500000, 0x00000000e5600000|  0%| F|  |TAMS 0x00000000e5500000| PB 0x00000000e5500000| Untracked 
|  86|0x00000000e5600000, 0x00000000e5600000, 0x00000000e5700000|  0%| F|  |TAMS 0x00000000e5600000| PB 0x00000000e5600000| Untracked 
|  87|0x00000000e5700000, 0x00000000e5700000, 0x00000000e5800000|  0%| F|  |TAMS 0x00000000e5700000| PB 0x00000000e5700000| Untracked 
|  88|0x00000000e5800000, 0x00000000e5800000, 0x00000000e5900000|  0%| F|  |TAMS 0x00000000e5800000| PB 0x00000000e5800000| Untracked 
|  89|0x00000000e5900000, 0x00000000e5900000, 0x00000000e5a00000|  0%| F|  |TAMS 0x00000000e5900000| PB 0x00000000e5900000| Untracked 
|  90|0x00000000e5a00000, 0x00000000e5a00000, 0x00000000e5b00000|  0%| F|  |TAMS 0x00000000e5a00000| PB 0x00000000e5a00000| Untracked 
|  91|0x00000000e5b00000, 0x00000000e5b00000, 0x00000000e5c00000|  0%| F|  |TAMS 0x00000000e5b00000| PB 0x00000000e5b00000| Untracked 
|  92|0x00000000e5c00000, 0x00000000e5c00000, 0x00000000e5d00000|  0%| F|  |TAMS 0x00000000e5c00000| PB 0x00000000e5c00000| Untracked 
|  93|0x00000000e5d00000, 0x00000000e5d00000, 0x00000000e5e00000|  0%| F|  |TAMS 0x00000000e5d00000| PB 0x00000000e5d00000| Untracked 
|  94|0x00000000e5e00000, 0x00000000e5e00000, 0x00000000e5f00000|  0%| F|  |TAMS 0x00000000e5e00000| PB 0x00000000e5e00000| Untracked 
|  95|0x00000000e5f00000, 0x00000000e5f00000, 0x00000000e6000000|  0%| F|  |TAMS 0x00000000e5f00000| PB 0x00000000e5f00000| Untracked 
|  96|0x00000000e6000000, 0x00000000e6000000, 0x00000000e6100000|  0%| F|  |TAMS 0x00000000e6000000| PB 0x00000000e6000000| Untracked 
|  97|0x00000000e6100000, 0x00000000e6100000, 0x00000000e6200000|  0%| F|  |TAMS 0x00000000e6100000| PB 0x00000000e6100000| Untracked 
|  98|0x00000000e6200000, 0x00000000e6200000, 0x00000000e6300000|  0%| F|  |TAMS 0x00000000e6200000| PB 0x00000000e6200000| Untracked 
|  99|0x00000000e6300000, 0x00000000e6300000, 0x00000000e6400000|  0%| F|  |TAMS 0x00000000e6300000| PB 0x00000000e6300000| Untracked 
| 100|0x00000000e6400000, 0x00000000e6400000, 0x00000000e6500000|  0%| F|  |TAMS 0x00000000e6400000| PB 0x00000000e6400000| Untracked 
| 101|0x00000000e6500000, 0x00000000e6500000, 0x00000000e6600000|  0%| F|  |TAMS 0x00000000e6500000| PB 0x00000000e6500000| Untracked 
| 102|0x00000000e6600000, 0x00000000e6600000, 0x00000000e6700000|  0%| F|  |TAMS 0x00000000e6600000| PB 0x00000000e6600000| Untracked 
| 103|0x00000000e6700000, 0x00000000e6700000, 0x00000000e6800000|  0%| F|  |TAMS 0x00000000e6700000| PB 0x00000000e6700000| Untracked 
| 104|0x00000000e6800000, 0x00000000e6800000, 0x00000000e6900000|  0%| F|  |TAMS 0x00000000e6800000| PB 0x00000000e6800000| Untracked 
| 105|0x00000000e6900000, 0x00000000e6900000, 0x00000000e6a00000|  0%| F|  |TAMS 0x00000000e6900000| PB 0x00000000e6900000| Untracked 
| 106|0x00000000e6a00000, 0x00000000e6a00000, 0x00000000e6b00000|  0%| F|  |TAMS 0x00000000e6a00000| PB 0x00000000e6a00000| Untracked 
| 107|0x00000000e6b00000, 0x00000000e6b00000, 0x00000000e6c00000|  0%| F|  |TAMS 0x00000000e6b00000| PB 0x00000000e6b00000| Untracked 
| 108|0x00000000e6c00000, 0x00000000e6c00000, 0x00000000e6d00000|  0%| F|  |TAMS 0x00000000e6c00000| PB 0x00000000e6c00000| Untracked 
| 109|0x00000000e6d00000, 0x00000000e6d00000, 0x00000000e6e00000|  0%| F|  |TAMS 0x00000000e6d00000| PB 0x00000000e6d00000| Untracked 
| 110|0x00000000e6e00000, 0x00000000e6e00000, 0x00000000e6f00000|  0%| F|  |TAMS 0x00000000e6e00000| PB 0x00000000e6e00000| Untracked 
| 111|0x00000000e6f00000, 0x00000000e6f00000, 0x00000000e7000000|  0%| F|  |TAMS 0x00000000e6f00000| PB 0x00000000e6f00000| Untracked 
| 112|0x00000000e7000000, 0x00000000e7000000, 0x00000000e7100000|  0%| F|  |TAMS 0x00000000e7000000| PB 0x00000000e7000000| Untracked 
| 113|0x00000000e7100000, 0x00000000e7100000, 0x00000000e7200000|  0%| F|  |TAMS 0x00000000e7100000| PB 0x00000000e7100000| Untracked 
| 114|0x00000000e7200000, 0x00000000e7200000, 0x00000000e7300000|  0%| F|  |TAMS 0x00000000e7200000| PB 0x00000000e7200000| Untracked 
| 115|0x00000000e7300000, 0x00000000e7300000, 0x00000000e7400000|  0%| F|  |TAMS 0x00000000e7300000| PB 0x00000000e7300000| Untracked 
| 116|0x00000000e7400000, 0x00000000e7400000, 0x00000000e7500000|  0%| F|  |TAMS 0x00000000e7400000| PB 0x00000000e7400000| Untracked 
| 117|0x00000000e7500000, 0x00000000e7500000, 0x00000000e7600000|  0%| F|  |TAMS 0x00000000e7500000| PB 0x00000000e7500000| Untracked 
| 118|0x00000000e7600000, 0x00000000e7600000, 0x00000000e7700000|  0%| F|  |TAMS 0x00000000e7600000| PB 0x00000000e7600000| Untracked 
| 119|0x00000000e7700000, 0x00000000e7700000, 0x00000000e7800000|  0%| F|  |TAMS 0x00000000e7700000| PB 0x00000000e7700000| Untracked 
| 120|0x00000000e7800000, 0x00000000e7800000, 0x00000000e7900000|  0%| F|  |TAMS 0x00000000e7800000| PB 0x00000000e7800000| Untracked 
| 121|0x00000000e7900000, 0x00000000e7900000, 0x00000000e7a00000|  0%| F|  |TAMS 0x00000000e7900000| PB 0x00000000e7900000| Untracked 
| 122|0x00000000e7a00000, 0x00000000e7a00000, 0x00000000e7b00000|  0%| F|  |TAMS 0x00000000e7a00000| PB 0x00000000e7a00000| Untracked 
| 123|0x00000000e7b00000, 0x00000000e7b00000, 0x00000000e7c00000|  0%| F|  |TAMS 0x00000000e7b00000| PB 0x00000000e7b00000| Untracked 
| 124|0x00000000e7c00000, 0x00000000e7c00000, 0x00000000e7d00000|  0%| F|  |TAMS 0x00000000e7c00000| PB 0x00000000e7c00000| Untracked 
| 125|0x00000000e7d00000, 0x00000000e7d00000, 0x00000000e7e00000|  0%| F|  |TAMS 0x00000000e7d00000| PB 0x00000000e7d00000| Untracked 
| 126|0x00000000e7e00000, 0x00000000e7e00000, 0x00000000e7f00000|  0%| F|  |TAMS 0x00000000e7e00000| PB 0x00000000e7e00000| Untracked 
| 127|0x00000000e7f00000, 0x00000000e7f00000, 0x00000000e8000000|  0%| F|  |TAMS 0x00000000e7f00000| PB 0x00000000e7f00000| Untracked 
| 128|0x00000000e8000000, 0x00000000e8000000, 0x00000000e8100000|  0%| F|  |TAMS 0x00000000e8000000| PB 0x00000000e8000000| Untracked 
| 129|0x00000000e8100000, 0x00000000e8100000, 0x00000000e8200000|  0%| F|  |TAMS 0x00000000e8100000| PB 0x00000000e8100000| Untracked 
| 130|0x00000000e8200000, 0x00000000e8200000, 0x00000000e8300000|  0%| F|  |TAMS 0x00000000e8200000| PB 0x00000000e8200000| Untracked 
| 131|0x00000000e8300000, 0x00000000e8300000, 0x00000000e8400000|  0%| F|  |TAMS 0x00000000e8300000| PB 0x00000000e8300000| Untracked 
| 132|0x00000000e8400000, 0x00000000e8400000, 0x00000000e8500000|  0%| F|  |TAMS 0x00000000e8400000| PB 0x00000000e8400000| Untracked 
| 133|0x00000000e8500000, 0x00000000e8500000, 0x00000000e8600000|  0%| F|  |TAMS 0x00000000e8500000| PB 0x00000000e8500000| Untracked 
| 134|0x00000000e8600000, 0x00000000e8600000, 0x00000000e8700000|  0%| F|  |TAMS 0x00000000e8600000| PB 0x00000000e8600000| Untracked 
| 135|0x00000000e8700000, 0x00000000e8700000, 0x00000000e8800000|  0%| F|  |TAMS 0x00000000e8700000| PB 0x00000000e8700000| Untracked 
| 136|0x00000000e8800000, 0x00000000e8800000, 0x00000000e8900000|  0%| F|  |TAMS 0x00000000e8800000| PB 0x00000000e8800000| Untracked 
| 137|0x00000000e8900000, 0x00000000e8900000, 0x00000000e8a00000|  0%| F|  |TAMS 0x00000000e8900000| PB 0x00000000e8900000| Untracked 
| 138|0x00000000e8a00000, 0x00000000e8a00000, 0x00000000e8b00000|  0%| F|  |TAMS 0x00000000e8a00000| PB 0x00000000e8a00000| Untracked 
| 139|0x00000000e8b00000, 0x00000000e8b00000, 0x00000000e8c00000|  0%| F|  |TAMS 0x00000000e8b00000| PB 0x00000000e8b00000| Untracked 
| 140|0x00000000e8c00000, 0x00000000e8c00000, 0x00000000e8d00000|  0%| F|  |TAMS 0x00000000e8c00000| PB 0x00000000e8c00000| Untracked 
| 141|0x00000000e8d00000, 0x00000000e8d00000, 0x00000000e8e00000|  0%| F|  |TAMS 0x00000000e8d00000| PB 0x00000000e8d00000| Untracked 
| 142|0x00000000e8e00000, 0x00000000e8e00000, 0x00000000e8f00000|  0%| F|  |TAMS 0x00000000e8e00000| PB 0x00000000e8e00000| Untracked 
| 143|0x00000000e8f00000, 0x00000000e8f00000, 0x00000000e9000000|  0%| F|  |TAMS 0x00000000e8f00000| PB 0x00000000e8f00000| Untracked 
| 144|0x00000000e9000000, 0x00000000e9000000, 0x00000000e9100000|  0%| F|  |TAMS 0x00000000e9000000| PB 0x00000000e9000000| Untracked 
| 145|0x00000000e9100000, 0x00000000e9100000, 0x00000000e9200000|  0%| F|  |TAMS 0x00000000e9100000| PB 0x00000000e9100000| Untracked 
| 146|0x00000000e9200000, 0x00000000e9200000, 0x00000000e9300000|  0%| F|  |TAMS 0x00000000e9200000| PB 0x00000000e9200000| Untracked 
| 147|0x00000000e9300000, 0x00000000e9300000, 0x00000000e9400000|  0%| F|  |TAMS 0x00000000e9300000| PB 0x00000000e9300000| Untracked 
| 148|0x00000000e9400000, 0x00000000e9400000, 0x00000000e9500000|  0%| F|  |TAMS 0x00000000e9400000| PB 0x00000000e9400000| Untracked 
| 149|0x00000000e9500000, 0x00000000e9500000, 0x00000000e9600000|  0%| F|  |TAMS 0x00000000e9500000| PB 0x00000000e9500000| Untracked 
| 150|0x00000000e9600000, 0x00000000e9600000, 0x00000000e9700000|  0%| F|  |TAMS 0x00000000e9600000| PB 0x00000000e9600000| Untracked 
| 151|0x00000000e9700000, 0x00000000e9700000, 0x00000000e9800000|  0%| F|  |TAMS 0x00000000e9700000| PB 0x00000000e9700000| Untracked 
| 152|0x00000000e9800000, 0x00000000e9800000, 0x00000000e9900000|  0%| F|  |TAMS 0x00000000e9800000| PB 0x00000000e9800000| Untracked 
| 153|0x00000000e9900000, 0x00000000e9900000, 0x00000000e9a00000|  0%| F|  |TAMS 0x00000000e9900000| PB 0x00000000e9900000| Untracked 
| 154|0x00000000e9a00000, 0x00000000e9a00000, 0x00000000e9b00000|  0%| F|  |TAMS 0x00000000e9a00000| PB 0x00000000e9a00000| Untracked 
| 155|0x00000000e9b00000, 0x00000000e9b00000, 0x00000000e9c00000|  0%| F|  |TAMS 0x00000000e9b00000| PB 0x00000000e9b00000| Untracked 
| 156|0x00000000e9c00000, 0x00000000e9c00000, 0x00000000e9d00000|  0%| F|  |TAMS 0x00000000e9c00000| PB 0x00000000e9c00000| Untracked 
| 157|0x00000000e9d00000, 0x00000000e9d00000, 0x00000000e9e00000|  0%| F|  |TAMS 0x00000000e9d00000| PB 0x00000000e9d00000| Untracked 
| 158|0x00000000e9e00000, 0x00000000e9e00000, 0x00000000e9f00000|  0%| F|  |TAMS 0x00000000e9e00000| PB 0x00000000e9e00000| Untracked 
| 159|0x00000000e9f00000, 0x00000000e9f00000, 0x00000000ea000000|  0%| F|  |TAMS 0x00000000e9f00000| PB 0x00000000e9f00000| Untracked 
| 160|0x00000000ea000000, 0x00000000ea000000, 0x00000000ea100000|  0%| F|  |TAMS 0x00000000ea000000| PB 0x00000000ea000000| Untracked 
| 161|0x00000000ea100000, 0x00000000ea100000, 0x00000000ea200000|  0%| F|  |TAMS 0x00000000ea100000| PB 0x00000000ea100000| Untracked 
| 162|0x00000000ea200000, 0x00000000ea200000, 0x00000000ea300000|  0%| F|  |TAMS 0x00000000ea200000| PB 0x00000000ea200000| Untracked 
| 163|0x00000000ea300000, 0x00000000ea300000, 0x00000000ea400000|  0%| F|  |TAMS 0x00000000ea300000| PB 0x00000000ea300000| Untracked 
| 164|0x00000000ea400000, 0x00000000ea400000, 0x00000000ea500000|  0%| F|  |TAMS 0x00000000ea400000| PB 0x00000000ea400000| Untracked 
| 165|0x00000000ea500000, 0x00000000ea500000, 0x00000000ea600000|  0%| F|  |TAMS 0x00000000ea500000| PB 0x00000000ea500000| Untracked 
| 166|0x00000000ea600000, 0x00000000ea600000, 0x00000000ea700000|  0%| F|  |TAMS 0x00000000ea600000| PB 0x00000000ea600000| Untracked 
| 167|0x00000000ea700000, 0x00000000ea700000, 0x00000000ea800000|  0%| F|  |TAMS 0x00000000ea700000| PB 0x00000000ea700000| Untracked 
| 168|0x00000000ea800000, 0x00000000ea800000, 0x00000000ea900000|  0%| F|  |TAMS 0x00000000ea800000| PB 0x00000000ea800000| Untracked 
| 169|0x00000000ea900000, 0x00000000ea900000, 0x00000000eaa00000|  0%| F|  |TAMS 0x00000000ea900000| PB 0x00000000ea900000| Untracked 
| 170|0x00000000eaa00000, 0x00000000eaa00000, 0x00000000eab00000|  0%| F|  |TAMS 0x00000000eaa00000| PB 0x00000000eaa00000| Untracked 
| 171|0x00000000eab00000, 0x00000000eab00000, 0x00000000eac00000|  0%| F|  |TAMS 0x00000000eab00000| PB 0x00000000eab00000| Untracked 
| 172|0x00000000eac00000, 0x00000000eac00000, 0x00000000ead00000|  0%| F|  |TAMS 0x00000000eac00000| PB 0x00000000eac00000| Untracked 
| 173|0x00000000ead00000, 0x00000000ead00000, 0x00000000eae00000|  0%| F|  |TAMS 0x00000000ead00000| PB 0x00000000ead00000| Untracked 
| 174|0x00000000eae00000, 0x00000000eae00000, 0x00000000eaf00000|  0%| F|  |TAMS 0x00000000eae00000| PB 0x00000000eae00000| Untracked 
| 175|0x00000000eaf00000, 0x00000000eaf00000, 0x00000000eb000000|  0%| F|  |TAMS 0x00000000eaf00000| PB 0x00000000eaf00000| Untracked 
| 176|0x00000000eb000000, 0x00000000eb000000, 0x00000000eb100000|  0%| F|  |TAMS 0x00000000eb000000| PB 0x00000000eb000000| Untracked 
| 177|0x00000000eb100000, 0x00000000eb100000, 0x00000000eb200000|  0%| F|  |TAMS 0x00000000eb100000| PB 0x00000000eb100000| Untracked 
| 178|0x00000000eb200000, 0x00000000eb200000, 0x00000000eb300000|  0%| F|  |TAMS 0x00000000eb200000| PB 0x00000000eb200000| Untracked 
| 179|0x00000000eb300000, 0x00000000eb300000, 0x00000000eb400000|  0%| F|  |TAMS 0x00000000eb300000| PB 0x00000000eb300000| Untracked 
| 180|0x00000000eb400000, 0x00000000eb400000, 0x00000000eb500000|  0%| F|  |TAMS 0x00000000eb400000| PB 0x00000000eb400000| Untracked 
| 181|0x00000000eb500000, 0x00000000eb500000, 0x00000000eb600000|  0%| F|  |TAMS 0x00000000eb500000| PB 0x00000000eb500000| Untracked 
| 182|0x00000000eb600000, 0x00000000eb600000, 0x00000000eb700000|  0%| F|  |TAMS 0x00000000eb600000| PB 0x00000000eb600000| Untracked 
| 183|0x00000000eb700000, 0x00000000eb700000, 0x00000000eb800000|  0%| F|  |TAMS 0x00000000eb700000| PB 0x00000000eb700000| Untracked 
| 184|0x00000000eb800000, 0x00000000eb800000, 0x00000000eb900000|  0%| F|  |TAMS 0x00000000eb800000| PB 0x00000000eb800000| Untracked 
| 185|0x00000000eb900000, 0x00000000eb900000, 0x00000000eba00000|  0%| F|  |TAMS 0x00000000eb900000| PB 0x00000000eb900000| Untracked 
| 186|0x00000000eba00000, 0x00000000eba00000, 0x00000000ebb00000|  0%| F|  |TAMS 0x00000000eba00000| PB 0x00000000eba00000| Untracked 
| 187|0x00000000ebb00000, 0x00000000ebb00000, 0x00000000ebc00000|  0%| F|  |TAMS 0x00000000ebb00000| PB 0x00000000ebb00000| Untracked 
| 188|0x00000000ebc00000, 0x00000000ebc00000, 0x00000000ebd00000|  0%| F|  |TAMS 0x00000000ebc00000| PB 0x00000000ebc00000| Untracked 
| 189|0x00000000ebd00000, 0x00000000ebd00000, 0x00000000ebe00000|  0%| F|  |TAMS 0x00000000ebd00000| PB 0x00000000ebd00000| Untracked 
| 190|0x00000000ebe00000, 0x00000000ebe00000, 0x00000000ebf00000|  0%| F|  |TAMS 0x00000000ebe00000| PB 0x00000000ebe00000| Untracked 
| 191|0x00000000ebf00000, 0x00000000ebf00000, 0x00000000ec000000|  0%| F|  |TAMS 0x00000000ebf00000| PB 0x00000000ebf00000| Untracked 
| 192|0x00000000ec000000, 0x00000000ec000000, 0x00000000ec100000|  0%| F|  |TAMS 0x00000000ec000000| PB 0x00000000ec000000| Untracked 
| 193|0x00000000ec100000, 0x00000000ec100000, 0x00000000ec200000|  0%| F|  |TAMS 0x00000000ec100000| PB 0x00000000ec100000| Untracked 
| 194|0x00000000ec200000, 0x00000000ec200000, 0x00000000ec300000|  0%| F|  |TAMS 0x00000000ec200000| PB 0x00000000ec200000| Untracked 
| 195|0x00000000ec300000, 0x00000000ec300000, 0x00000000ec400000|  0%| F|  |TAMS 0x00000000ec300000| PB 0x00000000ec300000| Untracked 
| 196|0x00000000ec400000, 0x00000000ec400000, 0x00000000ec500000|  0%| F|  |TAMS 0x00000000ec400000| PB 0x00000000ec400000| Untracked 
| 197|0x00000000ec500000, 0x00000000ec500000, 0x00000000ec600000|  0%| F|  |TAMS 0x00000000ec500000| PB 0x00000000ec500000| Untracked 
| 198|0x00000000ec600000, 0x00000000ec600000, 0x00000000ec700000|  0%| F|  |TAMS 0x00000000ec600000| PB 0x00000000ec600000| Untracked 
| 199|0x00000000ec700000, 0x00000000ec700000, 0x00000000ec800000|  0%| F|  |TAMS 0x00000000ec700000| PB 0x00000000ec700000| Untracked 
| 200|0x00000000ec800000, 0x00000000ec800000, 0x00000000ec900000|  0%| F|  |TAMS 0x00000000ec800000| PB 0x00000000ec800000| Untracked 
| 201|0x00000000ec900000, 0x00000000ec900000, 0x00000000eca00000|  0%| F|  |TAMS 0x00000000ec900000| PB 0x00000000ec900000| Untracked 
| 202|0x00000000eca00000, 0x00000000eca00000, 0x00000000ecb00000|  0%| F|  |TAMS 0x00000000eca00000| PB 0x00000000eca00000| Untracked 
| 203|0x00000000ecb00000, 0x00000000ecb00000, 0x00000000ecc00000|  0%| F|  |TAMS 0x00000000ecb00000| PB 0x00000000ecb00000| Untracked 
| 204|0x00000000ecc00000, 0x00000000ecc00000, 0x00000000ecd00000|  0%| F|  |TAMS 0x00000000ecc00000| PB 0x00000000ecc00000| Untracked 
| 205|0x00000000ecd00000, 0x00000000ecd00000, 0x00000000ece00000|  0%| F|  |TAMS 0x00000000ecd00000| PB 0x00000000ecd00000| Untracked 
| 206|0x00000000ece00000, 0x00000000ece00000, 0x00000000ecf00000|  0%| F|  |TAMS 0x00000000ece00000| PB 0x00000000ece00000| Untracked 
| 207|0x00000000ecf00000, 0x00000000ecf00000, 0x00000000ed000000|  0%| F|  |TAMS 0x00000000ecf00000| PB 0x00000000ecf00000| Untracked 
| 208|0x00000000ed000000, 0x00000000ed000000, 0x00000000ed100000|  0%| F|  |TAMS 0x00000000ed000000| PB 0x00000000ed000000| Untracked 
| 209|0x00000000ed100000, 0x00000000ed100000, 0x00000000ed200000|  0%| F|  |TAMS 0x00000000ed100000| PB 0x00000000ed100000| Untracked 
| 210|0x00000000ed200000, 0x00000000ed200000, 0x00000000ed300000|  0%| F|  |TAMS 0x00000000ed200000| PB 0x00000000ed200000| Untracked 
| 211|0x00000000ed300000, 0x00000000ed300000, 0x00000000ed400000|  0%| F|  |TAMS 0x00000000ed300000| PB 0x00000000ed300000| Untracked 
| 212|0x00000000ed400000, 0x00000000ed400000, 0x00000000ed500000|  0%| F|  |TAMS 0x00000000ed400000| PB 0x00000000ed400000| Untracked 
| 213|0x00000000ed500000, 0x00000000ed500000, 0x00000000ed600000|  0%| F|  |TAMS 0x00000000ed500000| PB 0x00000000ed500000| Untracked 
| 214|0x00000000ed600000, 0x00000000ed600000, 0x00000000ed700000|  0%| F|  |TAMS 0x00000000ed600000| PB 0x00000000ed600000| Untracked 
| 215|0x00000000ed700000, 0x00000000ed700000, 0x00000000ed800000|  0%| F|  |TAMS 0x00000000ed700000| PB 0x00000000ed700000| Untracked 
| 216|0x00000000ed800000, 0x00000000ed800000, 0x00000000ed900000|  0%| F|  |TAMS 0x00000000ed800000| PB 0x00000000ed800000| Untracked 
| 217|0x00000000ed900000, 0x00000000ed900000, 0x00000000eda00000|  0%| F|  |TAMS 0x00000000ed900000| PB 0x00000000ed900000| Untracked 
| 218|0x00000000eda00000, 0x00000000eda00000, 0x00000000edb00000|  0%| F|  |TAMS 0x00000000eda00000| PB 0x00000000eda00000| Untracked 
| 219|0x00000000edb00000, 0x00000000edb00000, 0x00000000edc00000|  0%| F|  |TAMS 0x00000000edb00000| PB 0x00000000edb00000| Untracked 
| 220|0x00000000edc00000, 0x00000000edc00000, 0x00000000edd00000|  0%| F|  |TAMS 0x00000000edc00000| PB 0x00000000edc00000| Untracked 
| 221|0x00000000edd00000, 0x00000000edd00000, 0x00000000ede00000|  0%| F|  |TAMS 0x00000000edd00000| PB 0x00000000edd00000| Untracked 
| 222|0x00000000ede00000, 0x00000000ede00000, 0x00000000edf00000|  0%| F|  |TAMS 0x00000000ede00000| PB 0x00000000ede00000| Untracked 
| 223|0x00000000edf00000, 0x00000000edf00000, 0x00000000ee000000|  0%| F|  |TAMS 0x00000000edf00000| PB 0x00000000edf00000| Untracked 
| 224|0x00000000ee000000, 0x00000000ee000000, 0x00000000ee100000|  0%| F|  |TAMS 0x00000000ee000000| PB 0x00000000ee000000| Untracked 
| 225|0x00000000ee100000, 0x00000000ee100000, 0x00000000ee200000|  0%| F|  |TAMS 0x00000000ee100000| PB 0x00000000ee100000| Untracked 
| 226|0x00000000ee200000, 0x00000000ee2d4d80, 0x00000000ee300000| 83%| S|CS|TAMS 0x00000000ee200000| PB 0x00000000ee200000| Complete 
| 227|0x00000000ee300000, 0x00000000ee400000, 0x00000000ee400000|100%| S|CS|TAMS 0x00000000ee300000| PB 0x00000000ee300000| Complete 
| 228|0x00000000ee400000, 0x00000000ee400000, 0x00000000ee500000|  0%| F|  |TAMS 0x00000000ee400000| PB 0x00000000ee400000| Untracked 
| 229|0x00000000ee500000, 0x00000000ee500000, 0x00000000ee600000|  0%| F|  |TAMS 0x00000000ee500000| PB 0x00000000ee500000| Untracked 
| 230|0x00000000ee600000, 0x00000000ee600000, 0x00000000ee700000|  0%| F|  |TAMS 0x00000000ee600000| PB 0x00000000ee600000| Untracked 
| 231|0x00000000ee700000, 0x00000000ee700000, 0x00000000ee800000|  0%| F|  |TAMS 0x00000000ee700000| PB 0x00000000ee700000| Untracked 
| 232|0x00000000ee800000, 0x00000000ee800000, 0x00000000ee900000|  0%| F|  |TAMS 0x00000000ee800000| PB 0x00000000ee800000| Untracked 
| 233|0x00000000ee900000, 0x00000000ee900000, 0x00000000eea00000|  0%| F|  |TAMS 0x00000000ee900000| PB 0x00000000ee900000| Untracked 
| 234|0x00000000eea00000, 0x00000000eea00000, 0x00000000eeb00000|  0%| F|  |TAMS 0x00000000eea00000| PB 0x00000000eea00000| Untracked 
| 235|0x00000000eeb00000, 0x00000000eeb00000, 0x00000000eec00000|  0%| F|  |TAMS 0x00000000eeb00000| PB 0x00000000eeb00000| Untracked 
| 236|0x00000000eec00000, 0x00000000eec00000, 0x00000000eed00000|  0%| F|  |TAMS 0x00000000eec00000| PB 0x00000000eec00000| Untracked 
| 237|0x00000000eed00000, 0x00000000eed00000, 0x00000000eee00000|  0%| F|  |TAMS 0x00000000eed00000| PB 0x00000000eed00000| Untracked 
| 238|0x00000000eee00000, 0x00000000eee00000, 0x00000000eef00000|  0%| F|  |TAMS 0x00000000eee00000| PB 0x00000000eee00000| Untracked 
| 239|0x00000000eef00000, 0x00000000eef00000, 0x00000000ef000000|  0%| F|  |TAMS 0x00000000eef00000| PB 0x00000000eef00000| Untracked 
| 240|0x00000000ef000000, 0x00000000ef000000, 0x00000000ef100000|  0%| F|  |TAMS 0x00000000ef000000| PB 0x00000000ef000000| Untracked 
| 241|0x00000000ef100000, 0x00000000ef100000, 0x00000000ef200000|  0%| F|  |TAMS 0x00000000ef100000| PB 0x00000000ef100000| Untracked 
| 242|0x00000000ef200000, 0x00000000ef200000, 0x00000000ef300000|  0%| F|  |TAMS 0x00000000ef200000| PB 0x00000000ef200000| Untracked 
| 243|0x00000000ef300000, 0x00000000ef300000, 0x00000000ef400000|  0%| F|  |TAMS 0x00000000ef300000| PB 0x00000000ef300000| Untracked 
| 244|0x00000000ef400000, 0x00000000ef400000, 0x00000000ef500000|  0%| F|  |TAMS 0x00000000ef400000| PB 0x00000000ef400000| Untracked 
| 245|0x00000000ef500000, 0x00000000ef500000, 0x00000000ef600000|  0%| F|  |TAMS 0x00000000ef500000| PB 0x00000000ef500000| Untracked 
| 246|0x00000000ef600000, 0x00000000ef600000, 0x00000000ef700000|  0%| F|  |TAMS 0x00000000ef600000| PB 0x00000000ef600000| Untracked 
| 247|0x00000000ef700000, 0x00000000ef700000, 0x00000000ef800000|  0%| F|  |TAMS 0x00000000ef700000| PB 0x00000000ef700000| Untracked 
| 248|0x00000000ef800000, 0x00000000ef800000, 0x00000000ef900000|  0%| F|  |TAMS 0x00000000ef800000| PB 0x00000000ef800000| Untracked 
| 249|0x00000000ef900000, 0x00000000ef900000, 0x00000000efa00000|  0%| F|  |TAMS 0x00000000ef900000| PB 0x00000000ef900000| Untracked 
| 250|0x00000000efa00000, 0x00000000efa00000, 0x00000000efb00000|  0%| F|  |TAMS 0x00000000efa00000| PB 0x00000000efa00000| Untracked 
| 251|0x00000000efb00000, 0x00000000efbecd50, 0x00000000efc00000| 92%| E|  |TAMS 0x00000000efb00000| PB 0x00000000efb00000| Complete 
| 252|0x00000000efc00000, 0x00000000efd00000, 0x00000000efd00000|100%| E|CS|TAMS 0x00000000efc00000| PB 0x00000000efc00000| Complete 
| 253|0x00000000efd00000, 0x00000000efe00000, 0x00000000efe00000|100%| E|CS|TAMS 0x00000000efd00000| PB 0x00000000efd00000| Complete 

Card table byte_map: [0x000002377d800000,0x000002377d900000] _byte_map_base: 0x000002377d100000

Marking Bits: (CMBitMap*) 0x0000023765d305c0
 Bits: [0x000002377d900000, 0x000002377e100000)

Polling page: 0x0000023763d10000

Metaspace:

Usage:
  Non-class:      9.94 MB used.
      Class:      1.50 MB used.
       Both:     11.44 MB used.

Virtual space:
  Non-class space:       64.00 MB reserved,      10.06 MB ( 16%) committed,  1 nodes.
      Class space:        1.00 GB reserved,       1.69 MB ( <1%) committed,  1 nodes.
             Both:        1.06 GB reserved,      11.75 MB (  1%) committed. 

Chunk freelists:
   Non-Class:  5.11 MB
       Class:  14.36 MB
        Both:  19.47 MB

MaxMetaspaceSize: unlimited
CompressedClassSpaceSize: 1.00 GB
Initial GC threshold: 21.00 MB
Current GC threshold: 21.00 MB
CDS: on
 - commit_granule_bytes: 65536.
 - commit_granule_words: 8192.
 - virtual_space_node_default_size: 8388608.
 - enlarge_chunks_in_place: 1.
 - use_allocation_guard: 0.


Internal statistics:

num_allocs_failed_limit: 0.
num_arena_births: 280.
num_arena_deaths: 0.
num_vsnodes_births: 2.
num_vsnodes_deaths: 0.
num_space_committed: 189.
num_space_uncommitted: 0.
num_chunks_returned_to_freelist: 0.
num_chunks_taken_from_freelist: 706.
num_chunk_merges: 0.
num_chunk_splits: 418.
num_chunks_enlarged: 242.
num_inconsistent_stats: 0.

CodeHeap 'non-profiled nmethods': size=120000Kb used=788Kb max_used=788Kb free=119211Kb
 bounds [0x0000023775c80000, 0x0000023775ef0000, 0x000002377d1b0000]
CodeHeap 'profiled nmethods': size=120000Kb used=3464Kb max_used=3464Kb free=116535Kb
 bounds [0x000002376e1b0000, 0x000002376e520000, 0x00000237756e0000]
CodeHeap 'non-nmethods': size=5760Kb used=1410Kb max_used=1442Kb free=4349Kb
 bounds [0x00000237756e0000, 0x0000023775950000, 0x0000023775c80000]
 total_blobs=2337 nmethods=1832 adapters=410
 compilation: enabled
              stopped_count=0, restarted_count=0
 full_count=0

Compilation events (20 events):
Event: 0.639 Thread 0x000002377ed9b8d0 nmethod 1818 0x000002376e50cd90 code [0x000002376e50cf20, 0x000002376e50d030]
Event: 0.639 Thread 0x000002377ed9b8d0 1819       3       org.springframework.util.ConcurrentReferenceHashMap$Segment::restructureIfNecessary (56 bytes)
Event: 0.639 Thread 0x000002377ed992a0 nmethod 1795 0x0000023775d42910 code [0x0000023775d42b40, 0x0000023775d43460]
Event: 0.639 Thread 0x000002377ed992a0 1801       4       java.lang.StringConcatHelper::newArray (40 bytes)
Event: 0.639 Thread 0x000002377ed9b8d0 nmethod 1819 0x000002376e50d090 code [0x000002376e50d280, 0x000002376e50d778]
Event: 0.639 Thread 0x000002377ed9b8d0 1820       3       org.springframework.util.ConcurrentReferenceHashMap$ReferenceManager::pollForPurge (11 bytes)
Event: 0.639 Thread 0x000002377ed9b8d0 nmethod 1820 0x000002376e50d910 code [0x000002376e50dac0, 0x000002376e50dda0]
Event: 0.639 Thread 0x000002377ed9b8d0 1821       3       jdk.internal.loader.AbstractClassLoaderValue::<init> (5 bytes)
Event: 0.639 Thread 0x000002377ed9b8d0 nmethod 1821 0x000002376e50de90 code [0x000002376e50e040, 0x000002376e50e1a8]
Event: 0.640 Thread 0x000002377ed992a0 nmethod 1801 0x0000023775d43990 code [0x0000023775d43b20, 0x0000023775d43c58]
Event: 0.642 Thread 0x000002377ed9b8d0 1822       3       java.nio.ByteBuffer::limit (8 bytes)
Event: 0.642 Thread 0x000002377ed9b8d0 nmethod 1822 0x000002376e50e290 code [0x000002376e50e440, 0x000002376e50e590]
Event: 0.642 Thread 0x000002377ed9b8d0 1823       3       jdk.internal.loader.AbstractClassLoaderValue::sub (10 bytes)
Event: 0.642 Thread 0x000002377ed9b8d0 nmethod 1823 0x000002376e50e610 code [0x000002376e50e7c0, 0x000002376e50eaf8]
Event: 0.642 Thread 0x000002377ed9b8d0 1824       3       jdk.internal.loader.AbstractClassLoaderValue$Sub::<init> (15 bytes)
Event: 0.642 Thread 0x000002377ed9b8d0 nmethod 1824 0x000002376e50ec10 code [0x000002376e50edc0, 0x000002376e50f040]
Event: 0.642 Thread 0x000002377ed9b8d0 1825       1       java.security.PermissionCollection::isReadOnly (5 bytes)
Event: 0.643 Thread 0x000002377ed9b8d0 nmethod 1825 0x0000023775d43d10 code [0x0000023775d43ea0, 0x0000023775d43f70]
Event: 0.645 Thread 0x000002377ed9b8d0 1826       3       org.springframework.core.annotation.PackagesAnnotationFilter::matches (42 bytes)
Event: 0.645 Thread 0x000002377ed9b8d0 nmethod 1826 0x000002376e50f110 code [0x000002376e50f2e0, 0x000002376e50f5e0]

GC Heap History (4 events):
Event: 0.352 GC heap before
{Heap before GC invocations=0 (full 0):
 garbage-first heap   total 260096K, used 24576K [0x00000000e0000000, 0x0000000100000000)
  region size 1024K, 23 young (23552K), 0 survivors (0K)
 Metaspace       used 5676K, committed 5952K, reserved 1114112K
  class space    used 707K, committed 832K, reserved 1048576K
}
Event: 0.355 GC heap after
{Heap after GC invocations=1 (full 0):
 garbage-first heap   total 260096K, used 10904K [0x00000000e0000000, 0x0000000100000000)
  region size 1024K, 3 young (3072K), 3 survivors (3072K)
 Metaspace       used 5676K, committed 5952K, reserved 1114112K
  class space    used 707K, committed 832K, reserved 1048576K
}
Event: 0.625 GC heap before
{Heap before GC invocations=1 (full 0):
 garbage-first heap   total 260096K, used 34456K [0x00000000e0000000, 0x0000000100000000)
  region size 1024K, 26 young (26624K), 3 survivors (3072K)
 Metaspace       used 11138K, committed 11456K, reserved 1114112K
  class space    used 1443K, committed 1600K, reserved 1048576K
}
Event: 0.627 GC heap after
{Heap after GC invocations=2 (full 0):
 garbage-first heap   total 260096K, used 13022K [0x00000000e0000000, 0x0000000100000000)
  region size 1024K, 2 young (2048K), 2 survivors (2048K)
 Metaspace       used 11138K, committed 11456K, reserved 1114112K
  class space    used 1443K, committed 1600K, reserved 1048576K
}

Dll operation events (9 events):
Event: 0.003 Loaded shared library C:\Program Files\Java\jdk-21\bin\java.dll
Event: 0.032 Loaded shared library C:\Program Files\Java\jdk-21\bin\jsvml.dll
Event: 0.074 Loaded shared library C:\Program Files\Java\jdk-21\bin\net.dll
Event: 0.075 Loaded shared library C:\Program Files\Java\jdk-21\bin\nio.dll
Event: 0.079 Loaded shared library C:\Program Files\Java\jdk-21\bin\zip.dll
Event: 0.128 Loaded shared library C:\Program Files\Java\jdk-21\bin\jimage.dll
Event: 0.281 Loaded shared library C:\Program Files\Java\jdk-21\bin\extnet.dll
Event: 0.322 Loaded shared library C:\Program Files\Java\jdk-21\bin\sunmscapi.dll
Event: 0.347 Loaded shared library C:\Program Files\Java\jdk-21\bin\verify.dll

Deoptimization events (20 events):
Event: 0.610 Thread 0x0000023763ba9890 Uncommon trap: trap_request=0xffffffde fr.pc=0x0000023775cb3948 relative=0x00000000000001a8
Event: 0.610 Thread 0x0000023763ba9890 Uncommon trap: reason=class_check action=maybe_recompile pc=0x0000023775cb3948 method=java.lang.String.equals(Ljava/lang/Object;)Z @ 8 c2
Event: 0.610 Thread 0x0000023763ba9890 DEOPT PACKING pc=0x0000023775cb3948 sp=0x000000b5756fc320
Event: 0.610 Thread 0x0000023763ba9890 DEOPT UNPACKING pc=0x00000237757346a2 sp=0x000000b5756fc2b8 mode 2
Event: 0.611 Thread 0x0000023763ba9890 Uncommon trap: trap_request=0xffffffde fr.pc=0x0000023775cb3948 relative=0x00000000000001a8
Event: 0.611 Thread 0x0000023763ba9890 Uncommon trap: reason=class_check action=maybe_recompile pc=0x0000023775cb3948 method=java.lang.String.equals(Ljava/lang/Object;)Z @ 8 c2
Event: 0.611 Thread 0x0000023763ba9890 DEOPT PACKING pc=0x0000023775cb3948 sp=0x000000b5756fc230
Event: 0.611 Thread 0x0000023763ba9890 DEOPT UNPACKING pc=0x00000237757346a2 sp=0x000000b5756fc1c8 mode 2
Event: 0.611 Thread 0x0000023763ba9890 Uncommon trap: trap_request=0xffffffde fr.pc=0x0000023775cb3948 relative=0x00000000000001a8
Event: 0.611 Thread 0x0000023763ba9890 Uncommon trap: reason=class_check action=maybe_recompile pc=0x0000023775cb3948 method=java.lang.String.equals(Ljava/lang/Object;)Z @ 8 c2
Event: 0.611 Thread 0x0000023763ba9890 DEOPT PACKING pc=0x0000023775cb3948 sp=0x000000b5756fc230
Event: 0.611 Thread 0x0000023763ba9890 DEOPT UNPACKING pc=0x00000237757346a2 sp=0x000000b5756fc1c8 mode 2
Event: 0.623 Thread 0x0000023763ba9890 Uncommon trap: trap_request=0xffffff45 fr.pc=0x0000023775d17200 relative=0x00000000000003a0
Event: 0.623 Thread 0x0000023763ba9890 Uncommon trap: reason=unstable_if action=reinterpret pc=0x0000023775d17200 method=java.lang.Integer.getChars(II[B)I @ 25 c2
Event: 0.623 Thread 0x0000023763ba9890 DEOPT PACKING pc=0x0000023775d17200 sp=0x000000b5756fbcd0
Event: 0.623 Thread 0x0000023763ba9890 DEOPT UNPACKING pc=0x00000237757346a2 sp=0x000000b5756fbbf8 mode 2
Event: 0.642 Thread 0x0000023763ba9890 Uncommon trap: trap_request=0xffffffde fr.pc=0x0000023775d43344 relative=0x0000000000000804
Event: 0.642 Thread 0x0000023763ba9890 Uncommon trap: reason=class_check action=maybe_recompile pc=0x0000023775d43344 method=java.util.HashMap.putVal(ILjava/lang/Object;Ljava/lang/Object;ZZ)Ljava/lang/Object; @ 91 c2
Event: 0.642 Thread 0x0000023763ba9890 DEOPT PACKING pc=0x0000023775d43344 sp=0x000000b5756fc690
Event: 0.642 Thread 0x0000023763ba9890 DEOPT UNPACKING pc=0x00000237757346a2 sp=0x000000b5756fc620 mode 2

Classes loaded (20 events):
Event: 0.595 Loading class java/lang/invoke/VarHandleReferences$Array
Event: 0.596 Loading class java/lang/invoke/VarHandleReferences$Array done
Event: 0.622 Loading class java/time/ZonedDateTime
Event: 0.622 Loading class java/time/chrono/ChronoZonedDateTime
Event: 0.622 Loading class java/time/chrono/ChronoZonedDateTime done
Event: 0.622 Loading class java/time/ZonedDateTime done
Event: 0.622 Loading class java/time/ZonedDateTime$1
Event: 0.622 Loading class java/time/ZonedDateTime$1 done
Event: 0.624 Loading class java/nio/charset/CharacterCodingException
Event: 0.624 Loading class java/nio/charset/CharacterCodingException done
Event: 0.632 Loading class java/lang/FunctionalInterface
Event: 0.632 Loading class java/lang/FunctionalInterface done
Event: 0.633 Loading class java/lang/Deprecated
Event: 0.633 Loading class java/lang/Deprecated done
Event: 0.635 Loading class java/util/EventListener
Event: 0.635 Loading class java/util/EventListener done
Event: 0.644 Loading class java/util/Collections$ReverseComparator
Event: 0.644 Loading class java/util/Collections$ReverseComparator done
Event: 0.644 Loading class java/util/Collections$ReverseComparator2
Event: 0.644 Loading class java/util/Collections$ReverseComparator2 done

Classes unloaded (0 events):
No events

Classes redefined (0 events):
No events

Internal exceptions (20 events):
Event: 0.459 Thread 0x0000023763ba9890 Exception <a 'java/lang/NoSuchMethodError'{0x00000000ef58c6a8}: 'java.lang.Object java.lang.invoke.DirectMethodHandle$Holder.invokeInterface(java.lang.Object, java.lang.Object, java.lang.Object)'> (0x00000000ef58c6a8) 
thrown [s\open\src\hotspot\share\interpreter\linkResolver.cpp, line 773]
Event: 0.471 Thread 0x0000023763ba9890 Exception <a 'java/lang/NoSuchMethodError'{0x00000000ef43d978}: 'java.lang.Object java.lang.invoke.DirectMethodHandle$Holder.newInvokeSpecial(java.lang.Object, java.lang.Object, java.lang.Object, java.lang.Object, java.lang.Object, java.lang.Object)'> (0x00000000ef43d978) 
thrown [s\open\src\hotspot\share\interpreter\linkResolver.cpp, line 773]
Event: 0.475 Thread 0x0000023763ba9890 Exception <a 'java/lang/NoSuchMethodError'{0x00000000ef4872b8}: 'void java.lang.invoke.DirectMethodHandle$Holder.invokeInterface(java.lang.Object, java.lang.Object, java.lang.Object, java.lang.Object, java.lang.Object)'> (0x00000000ef4872b8) 
thrown [s\open\src\hotspot\share\interpreter\linkResolver.cpp, line 773]
Event: 0.476 Thread 0x0000023763ba9890 Exception <a 'java/lang/IncompatibleClassChangeError'{0x00000000ef48af68}: Found class java.lang.Object, but interface was expected> (0x00000000ef48af68) 
thrown [s\open\src\hotspot\share\interpreter\linkResolver.cpp, line 840]
Event: 0.479 Thread 0x0000023763ba9890 Exception <a 'java/lang/IncompatibleClassChangeError'{0x00000000ef4b8310}: Found class java.lang.Object, but interface was expected> (0x00000000ef4b8310) 
thrown [s\open\src\hotspot\share\interpreter\linkResolver.cpp, line 840]
Event: 0.484 Thread 0x0000023763ba9890 Exception <a 'java/lang/NoSuchMethodError'{0x00000000ef318370}: 'void java.lang.invoke.DirectMethodHandle$Holder.invokeSpecial(java.lang.Object, java.lang.Object, java.lang.Object, java.lang.Object, java.lang.Object)'> (0x00000000ef318370) 
thrown [s\open\src\hotspot\share\interpreter\linkResolver.cpp, line 773]
Event: 0.490 Thread 0x0000023763ba9890 Exception <a 'java/lang/NoSuchMethodError'{0x00000000ef393788}: 'void java.lang.invoke.DirectMethodHandle$Holder.invokeInterface(java.lang.Object, java.lang.Object, java.lang.Object, java.lang.Object)'> (0x00000000ef393788) 
thrown [s\open\src\hotspot\share\interpreter\linkResolver.cpp, line 773]
Event: 0.490 Thread 0x0000023763ba9890 Exception <a 'java/lang/IncompatibleClassChangeError'{0x00000000ef397090}: Found class java.lang.Object, but interface was expected> (0x00000000ef397090) 
thrown [s\open\src\hotspot\share\interpreter\linkResolver.cpp, line 840]
Event: 0.492 Thread 0x0000023763ba9890 Exception <a 'java/lang/NoSuchMethodError'{0x00000000ef3b6a28}: 'void java.lang.invoke.DirectMethodHandle$Holder.invokeStatic(java.lang.Object, java.lang.Object, java.lang.Object, java.lang.Object)'> (0x00000000ef3b6a28) 
thrown [s\open\src\hotspot\share\interpreter\linkResolver.cpp, line 773]
Event: 0.498 Thread 0x0000023763ba9890 Exception <a 'java/lang/NoSuchMethodError'{0x00000000ef23e7f0}: 'java.lang.Object java.lang.invoke.Invokers$Holder.invokeExact_MT(java.lang.Object, java.lang.Object, java.lang.Object, java.lang.Object, java.lang.Object, java.lang.Object)'> (0x00000000ef23e7f0) 
thrown [s\open\src\hotspot\share\interpreter\linkResolver.cpp, line 773]
Event: 0.499 Thread 0x0000023763ba9890 Exception <a 'java/lang/NoSuchMethodError'{0x00000000ef24c0a8}: 'int java.lang.invoke.DirectMethodHandle$Holder.invokeStatic(java.lang.Object, java.lang.Object, java.lang.Object, java.lang.Object, java.lang.Object)'> (0x00000000ef24c0a8) 
thrown [s\open\src\hotspot\share\interpreter\linkResolver.cpp, line 773]
Event: 0.504 Thread 0x0000023763ba9890 Exception <a 'java/lang/NoSuchMethodError'{0x00000000ef2a1b38}: 'void java.lang.invoke.DirectMethodHandle$Holder.invokeStaticInit(java.lang.Object)'> (0x00000000ef2a1b38) 
thrown [s\open\src\hotspot\share\interpreter\linkResolver.cpp, line 773]
Event: 0.515 Thread 0x0000023763ba9890 Exception <a 'java/lang/NoSuchMethodError'{0x00000000ef188268}: 'void java.lang.invoke.DirectMethodHandle$Holder.invokeStaticInit(java.lang.Object, java.lang.Object, java.lang.Object, java.lang.Object)'> (0x00000000ef188268) 
thrown [s\open\src\hotspot\share\interpreter\linkResolver.cpp, line 773]
Event: 0.559 Thread 0x0000023763ba9890 Exception <a 'java/lang/NoSuchMethodError'{0x00000000eedd41e0}: 'java.lang.Object java.lang.invoke.DirectMethodHandle$Holder.invokeSpecial(java.lang.Object, java.lang.Object, java.lang.Object, long, java.lang.Object)'> (0x00000000eedd41e0) 
thrown [s\open\src\hotspot\share\interpreter\linkResolver.cpp, line 773]
Event: 0.559 Thread 0x0000023763ba9890 Exception <a 'java/lang/NoSuchMethodError'{0x00000000eedd80a0}: 'java.lang.Object java.lang.invoke.Invokers$Holder.linkToTargetMethod(java.lang.Object, long, java.lang.Object, java.lang.Object)'> (0x00000000eedd80a0) 
thrown [s\open\src\hotspot\share\interpreter\linkResolver.cpp, line 773]
Event: 0.568 Thread 0x0000023763ba9890 Implicit null exception at 0x0000023775cf2e6d to 0x0000023775cf3684
Event: 0.568 Thread 0x0000023763ba9890 Implicit null exception at 0x0000023775ce9d3d to 0x0000023775ce9dc1
Event: 0.600 Thread 0x0000023763ba9890 Exception <a 'java/lang/NoSuchMethodError'{0x00000000ee9d4140}: 'int java.lang.invoke.DirectMethodHandle$Holder.invokeStaticInit(java.lang.Object, java.lang.Object, java.lang.Object)'> (0x00000000ee9d4140) 
thrown [s\open\src\hotspot\share\interpreter\linkResolver.cpp, line 773]
Event: 0.611 Thread 0x0000023763ba9890 Exception <a 'java/lang/NoSuchMethodError'{0x00000000ee8d4a78}: 'int java.lang.invoke.DirectMethodHandle$Holder.invokeInterface(java.lang.Object, java.lang.Object)'> (0x00000000ee8d4a78) 
thrown [s\open\src\hotspot\share\interpreter\linkResolver.cpp, line 773]
Event: 0.635 Thread 0x0000023763ba9890 Exception <a 'java/lang/NoSuchMethodError'{0x00000000efd8cbc0}: 'int java.lang.invoke.DirectMethodHandle$Holder.invokeVirtual(java.lang.Object, java.lang.Object, java.lang.Object)'> (0x00000000efd8cbc0) 
thrown [s\open\src\hotspot\share\interpreter\linkResolver.cpp, line 773]

ZGC Phase Switch (0 events):
No events

VM Operations (20 events):
Event: 0.324 Executing VM operation: HandshakeAllThreads (Deoptimize)
Event: 0.325 Executing VM operation: HandshakeAllThreads (Deoptimize) done
Event: 0.327 Executing VM operation: ICBufferFull
Event: 0.327 Executing VM operation: ICBufferFull done
Event: 0.340 Executing VM operation: HandshakeAllThreads (Deoptimize)
Event: 0.340 Executing VM operation: HandshakeAllThreads (Deoptimize) done
Event: 0.352 Executing VM operation: G1CollectForAllocation (G1 Evacuation Pause)
Event: 0.355 Executing VM operation: G1CollectForAllocation (G1 Evacuation Pause) done
Event: 0.364 Executing VM operation: HandshakeAllThreads (Deoptimize)
Event: 0.364 Executing VM operation: HandshakeAllThreads (Deoptimize) done
Event: 0.389 Executing VM operation: HandshakeAllThreads (Deoptimize)
Event: 0.389 Executing VM operation: HandshakeAllThreads (Deoptimize) done
Event: 0.389 Executing VM operation: HandshakeAllThreads (Deoptimize)
Event: 0.389 Executing VM operation: HandshakeAllThreads (Deoptimize) done
Event: 0.427 Executing VM operation: HandshakeAllThreads (Deoptimize)
Event: 0.427 Executing VM operation: HandshakeAllThreads (Deoptimize) done
Event: 0.486 Executing VM operation: HandshakeAllThreads (Deoptimize)
Event: 0.486 Executing VM operation: HandshakeAllThreads (Deoptimize) done
Event: 0.624 Executing VM operation: G1CollectForAllocation (G1 Evacuation Pause)
Event: 0.627 Executing VM operation: G1CollectForAllocation (G1 Evacuation Pause) done

Events (16 events):
Event: 0.014 Thread 0x0000023763ba9890 Thread added: 0x0000023763ba9890
Event: 0.031 Thread 0x000002377ed8ed60 Thread added: 0x000002377ed8ed60
Event: 0.031 Thread 0x000002377ed8fa80 Thread added: 0x000002377ed8fa80
Event: 0.031 Thread 0x000002377ed914f0 Thread added: 0x000002377ed914f0
Event: 0.031 Thread 0x000002377ed91f50 Thread added: 0x000002377ed91f50
Event: 0.031 Thread 0x000002377ed92d10 Thread added: 0x000002377ed92d10
Event: 0.031 Thread 0x000002377ed95780 Thread added: 0x000002377ed95780
Event: 0.031 Thread 0x000002377ed992a0 Thread added: 0x000002377ed992a0
Event: 0.031 Thread 0x000002377ed9b8d0 Thread added: 0x000002377ed9b8d0
Event: 0.071 Thread 0x000002377f058b90 Thread added: 0x000002377f058b90
Event: 0.073 Thread 0x000002377f085200 Thread added: 0x000002377f085200
Event: 0.089 Thread 0x000002377ed9a460 Thread added: 0x000002377ed9a460
Event: 0.090 Thread 0x000002377ed9cd40 Thread added: 0x000002377ed9cd40
Event: 0.315 Thread 0x000002374771c880 Thread added: 0x000002374771c880
Event: 0.350 Thread 0x000002377f658960 Thread added: 0x000002377f658960
Event: 0.350 Thread 0x00000237476c3d90 Thread added: 0x00000237476c3d90


Dynamic libraries:
0x00007ff789e90000 - 0x00007ff789ea0000 	C:\Program Files\Java\jdk-21\bin\java.exe
0x00007fff4d2b0000 - 0x00007fff4d4a8000 	C:\windows\SYSTEM32\ntdll.dll
0x00007fff4c940000 - 0x00007fff4c9ff000 	C:\windows\System32\KERNEL32.DLL
0x00007fff4acd0000 - 0x00007fff4afa2000 	C:\windows\System32\KERNELBASE.dll
0x00007fff4ab60000 - 0x00007fff4ac60000 	C:\windows\System32\ucrtbase.dll
0x00007fff471c0000 - 0x00007fff471db000 	C:\Program Files\Java\jdk-21\bin\VCRUNTIME140.dll
0x00007fff471e0000 - 0x00007fff471f9000 	C:\Program Files\Java\jdk-21\bin\jli.dll
0x00007fff4cab0000 - 0x00007fff4cb5e000 	C:\windows\System32\ADVAPI32.dll
0x00007fff4c410000 - 0x00007fff4c4ae000 	C:\windows\System32\msvcrt.dll
0x00007fff4c120000 - 0x00007fff4c1bc000 	C:\windows\System32\sechost.dll
0x00007fff4c1c0000 - 0x00007fff4c2e5000 	C:\windows\System32\RPCRT4.dll
0x00007fff4bf70000 - 0x00007fff4c111000 	C:\windows\System32\USER32.dll
0x00007fff378d0000 - 0x00007fff37b6a000 	C:\windows\WinSxS\amd64_microsoft.windows.common-controls_6595b64144ccf1df_6.0.19041.1110_none_60b5254171f9507e\COMCTL32.dll
0x00007fff4afb0000 - 0x00007fff4afd2000 	C:\windows\System32\win32u.dll
0x00007fff4ca00000 - 0x00007fff4ca2b000 	C:\windows\System32\GDI32.dll
0x00007fff4b120000 - 0x00007fff4b22f000 	C:\windows\System32\gdi32full.dll
0x00007fff4b260000 - 0x00007fff4b2fd000 	C:\windows\System32\msvcp_win.dll
0x00007fff45190000 - 0x00007fff4519a000 	C:\windows\SYSTEM32\VERSION.dll
0x00007fff4cc10000 - 0x00007fff4cc40000 	C:\windows\System32\IMM32.DLL
0x00007fff47220000 - 0x00007fff4722c000 	C:\Program Files\Java\jdk-21\bin\vcruntime140_1.dll
0x00007fff37000000 - 0x00007fff3708e000 	C:\Program Files\Java\jdk-21\bin\msvcp140.dll
0x00007ffec7fe0000 - 0x00007ffec8cfd000 	C:\Program Files\Java\jdk-21\bin\server\jvm.dll
0x00007fff4c4b0000 - 0x00007fff4c51b000 	C:\windows\System32\WS2_32.dll
0x00007fff49f30000 - 0x00007fff49f7b000 	C:\windows\SYSTEM32\POWRPROF.dll
0x00007fff44f50000 - 0x00007fff44f77000 	C:\windows\SYSTEM32\WINMM.dll
0x00007fff49df0000 - 0x00007fff49e02000 	C:\windows\SYSTEM32\UMPDC.dll
0x00007fff48890000 - 0x00007fff488a2000 	C:\windows\SYSTEM32\kernel.appcore.dll
0x00007fff471b0000 - 0x00007fff471ba000 	C:\Program Files\Java\jdk-21\bin\jimage.dll
0x00007fff429a0000 - 0x00007fff42b84000 	C:\windows\SYSTEM32\DBGHELP.DLL
0x00007fff352f0000 - 0x00007fff35325000 	C:\windows\SYSTEM32\dbgcore.DLL
0x00007fff4b090000 - 0x00007fff4b112000 	C:\windows\System32\bcryptPrimitives.dll
0x00007fff45f80000 - 0x00007fff45f9f000 	C:\Program Files\Java\jdk-21\bin\java.dll
0x00007fff4b3d0000 - 0x00007fff4bb15000 	C:\windows\System32\SHELL32.dll
0x00007fff48a90000 - 0x00007fff49222000 	C:\windows\SYSTEM32\windows.storage.dll
0x00007fff4bb20000 - 0x00007fff4be75000 	C:\windows\System32\combase.dll
0x00007fff4a410000 - 0x00007fff4a440000 	C:\windows\SYSTEM32\Wldp.dll
0x00007fff4cb60000 - 0x00007fff4cc0d000 	C:\windows\System32\SHCORE.dll
0x00007fff4c5f0000 - 0x00007fff4c645000 	C:\windows\System32\shlwapi.dll
0x00007fff4a8f0000 - 0x00007fff4a90f000 	C:\windows\SYSTEM32\profapi.dll
0x00007fff23320000 - 0x00007fff233f7000 	C:\Program Files\Java\jdk-21\bin\jsvml.dll
0x00007fff45180000 - 0x00007fff45190000 	C:\Program Files\Java\jdk-21\bin\net.dll
0x00007fff44e10000 - 0x00007fff44f1a000 	C:\windows\SYSTEM32\WINHTTP.dll
0x00007fff4a170000 - 0x00007fff4a1da000 	C:\windows\system32\mswsock.dll
0x00007fff45160000 - 0x00007fff45176000 	C:\Program Files\Java\jdk-21\bin\nio.dll
0x00007fff450b0000 - 0x00007fff450c8000 	C:\Program Files\Java\jdk-21\bin\zip.dll
0x00007fff43730000 - 0x00007fff43739000 	C:\Program Files\Java\jdk-21\bin\extnet.dll
0x00007fff436d0000 - 0x00007fff436de000 	C:\Program Files\Java\jdk-21\bin\sunmscapi.dll
0x00007fff4a9b0000 - 0x00007fff4ab06000 	C:\windows\System32\CRYPT32.dll
0x00007fff4a480000 - 0x00007fff4a4a7000 	C:\windows\SYSTEM32\ncrypt.dll
0x00007fff4a440000 - 0x00007fff4a47b000 	C:\windows\SYSTEM32\NTASN1.dll
0x00007fff20ea0000 - 0x00007fff20ea7000 	C:\windows\system32\wshunix.dll
0x00007fff4a360000 - 0x00007fff4a378000 	C:\windows\SYSTEM32\CRYPTSP.dll
0x00007fff49a20000 - 0x00007fff49a54000 	C:\windows\system32\rsaenh.dll
0x00007fff4b230000 - 0x00007fff4b257000 	C:\windows\System32\bcrypt.dll
0x00007fff4a870000 - 0x00007fff4a89e000 	C:\windows\SYSTEM32\USERENV.dll
0x00007fff4a380000 - 0x00007fff4a38c000 	C:\windows\SYSTEM32\CRYPTBASE.dll
0x00007fff49e10000 - 0x00007fff49e4b000 	C:\windows\SYSTEM32\IPHLPAPI.DLL
0x00007fff4ca90000 - 0x00007fff4ca98000 	C:\windows\System32\NSI.dll
0x00007fff43750000 - 0x00007fff43760000 	C:\Program Files\Java\jdk-21\bin\verify.dll

dbghelp: loaded successfully - version: 4.0.5 - missing functions: none
symbol engine: initialized successfully - sym options: 0x614 - pdb path: .;C:\Program Files\Java\jdk-21\bin;C:\windows\SYSTEM32;C:\windows\WinSxS\amd64_microsoft.windows.common-controls_6595b64144ccf1df_6.0.19041.1110_none_60b5254171f9507e;C:\Program Files\Java\jdk-21\bin\server

VM Arguments:
jvm_args: -Dorg.gradle.internal.worker.tmpdir=C:\TheCareer\NextEnterBack\build\tmp\test\work -Xmx512m -Dfile.encoding=UTF-8 -Duser.country=KR -Duser.language=ko -Duser.variant -ea 
java_command: worker.org.gradle.process.internal.worker.GradleWorkerMain 'Gradle Test Executor 1'
java_class_path (initial): C:\\Users\\Administrator\\.gradle\\caches\\9.2.1\\workerMain\\gradle-worker.jar;C:\\TheCareer\\NextEnterBack\\build\\classes\\java\\test;C:\\TheCareer\\NextEnterBack\\build\\classes\\java\\main;C:\\TheCareer\\NextEnterBack\\build\\resources\\main;C:\\Users\\Administrator\\.gradle\\caches\\modules-2\\files-2.1\\org.springframework.boot\\spring-boot-starter-websocket\\3.5.6\\f4b8149bfb0edd2580dbb3353bf1be16ba7938fb\\spring-boot-starter-websocket-3.5.6.jar;C:\\Users\\Administrator\\.gradle\\caches\\modules-2\\files-2.1\\org.springframework.boot\\spring-boot-starter-web\\3.5.6\\83d6174983b3d6649525a272222af212728a9892\\spring-boot-starter-web-3.5.6.jar;C:\\Users\\Administrator\\.gradle\\caches\\modules-2\\files-2.1\\org.springframework.boot\\spring-boot-starter-thymeleaf\\3.5.6\\bf2ac97c9df1ffe9449758b680a663c3bb1eeee6\\spring-boot-starter-thymeleaf-3.5.6.jar;C:\\Users\\Administrator\\.gradle\\caches\\modules-2\\files-2.1\\org.springframework.boot\\spring-boot-starter-data-jpa\\3.5.6\\ec77fd4b025ff3401e80be68a8a3dfbe45c7dcfa\\spring-boot-starter-data-jpa-3.5.6.jar;C:\\Users\\Administrator\\.gradle\\caches\\modules-2\\files-2.1\\org.springframework.boot\\spring-boot-starter-security\\3.5.6\\f784752820b4e59f1e144e6d208d04fa27da9\\spring-boot-starter-security-3.5.6.jar;C:\\Users\\Administrator\\.gradle\\caches\\modules-2\\files-2.1\\org.springframework.boot\\spring-boot-starter-validation\\3.5.6\\2ec647ae8e16b09a4aee4a17c0e7736f6214aacc\\spring-boot-starter-validation-3.5.6.jar;C:\\Users\\Administrator\\.gradle\\caches\\modules-2\\files-2.1\\org.springdoc\\springdoc-openapi-starter-webmvc-ui\\2.3.0\\b4af31e9d40539c94f8debbf760134d961333c24\\springdoc-openapi-starter-webmvc-ui-2.3.0.jar;C:\\Users\\Administrator\\.gradle\\caches\\modules-2\\files-2.1\\org.springframework.boot\\spring-boot-starter-oauth2-client\\3.5.6\\67978575443284979cf403638d2bf9b299fe02ec\\spring-boot-starter-oauth2-client-3.5.6.jar;C:\\Users\\Administrator\\.gradle\\caches\\modules-2\\files-2.1\\org.springframework.boot\\spring-boot-starter-aop\\3.5.6\\a4892435751062086f3b204bb6dacc963f65f138\\spring-boot-starter-aop-3.5.6.jar;C:\\Users\\Administrator\\.gradle\\caches\\modules-2\\files-2.1\\org.springframework.boot\\spring-boot-starter-mail\\3.5.6\\3eb538d7fd28516e08908d9b9b912a8d8ec5cc8e\\spring-boot-starter-mail-3.5.6.jar;C:\\Users\\Administrator\\.gradle\\caches\\modules-2\\files-2.1\\io.jsonwebtoken\\jjwt-impl\\0.12.3\\e850d2b3f53bd82355cd9ee1c471054aa602b320\\jjwt-impl-0.12.3.jar;C:\\Users\\Administrator\\.gradle\\caches\\modules-2\\files-2.1\\io.jsonwebtoken\\jjwt-jackson\\0.12.3\\5e6d0e45441547d892d3273a4ce5dd042e91d162\\jjwt-jackson-0.12.3.jar;C:\\Users\\Administrator\\.gradle\\caches\\modules-2\\files-2.1\\io.jsonwebtoken\\jjwt-api\\0.12.3\\30b7de9176d17fa347eef14b85480825dab76b58\\jjwt-api-0.12.3.jar;C:\\Users\\Administrator\\.gradle\\caches\\modules-2\\files-2.1\\com.google.code.gson\\gson\\2.10.1\\b3add478d4382b78ea20b1671390a858002feb6c\\gson-2.10.1.jar;C:\\Users\\Administrator\\.gradle\\caches\\modules-2\\files-2.1\\org.springframework.boot\\spring-boot-starter-json\\3.5.6\\62143e29dbac1e72759da7dd85fb8f85a3d582f7\\spring-boot-starter-json-3.5.6.jar;C:\\Users\\Administrator\\.gradle\\caches\\modules-2\\files-2.1\\org.springdoc\\springdoc-openapi-starter-webmvc-api\\2.3.0\\e8e6e46e2b7875c1789782d3820536bb2d868b17\\springdoc-openapi-starter-webmvc-api-2.3.0.jar;C:\\Users\\Administrator\\.gradle\\caches\\modules-2\\files-2.1\\org.springdoc\\springdoc-openapi-starter-common\\2.3.0\\acf3654082b3e000d5b59cc9733227702aa57f75\\springdoc-openapi-starter-common-2.3.0.jar;C:\\Users\\Administrator\\.gradle\\caches\\modules-2\\files-2.1\\io.swagger.core.v3\\swagger-core-jakarta\\2.2.19\\1bbc09fba4c0ac2375da7563cb03dfd0f3e07100\\swagger-core-jakarta-2.2.19.jar;C:\\Users\\Administrator\\.gradle\\caches\\modules-2\\files-2.1\\com.fasterxml.jackson.datatype\\jackson-datatype-jsr310\\2.19.2\\72e73f048b36d9df82aef146bf8b2ae63b2e28e2\\jackson-datatype-jsr310-2.19.2.jar;C:\\Users\\Administrator\\.gradle\\caches\\modules-2\\files-2.1\\io.swagger.core.v3\\swagger-models-jakarta\\2.2.19\\72b8a8ba29654ba31d951311081c33d464cee138\\swagger-models-jakarta-2.2.19.jar;C:\\Users\\Administrator\\.gradle\\caches\\modules-2\\files-2.1\\com.fasterxml.jackson.core\\jackson-annotations\\2.19.2\\c5381f11988ae3d424b197a26087d86067b6d7d\\jackson-annotations-2.19.2.jar;C:\\Users\\Administrator\\.gradle\\caches\\modules-2\\files-2.1\\com.fasterxml.jackson.datatype\\jackson-datatype-jdk8\\2.19.2\\a720d3946c3a1ab04b780f3b3163d62eee6948a0\\jackson-datatype-jdk8-2.19.2.jar;C:\\Users\\Administrator\\.gradle\\caches\\modules-2\\files-2.1\\com.fasterxml.jackson.module\\jackson-module-parameter-names\\2.19.2\\3c4ce467c11364c72ec4967c570fd5a2d1be1d0b\\jackson-module-parameter-names-2.19.2.jar;C:\\Users\\Administrator\\.gradle\\caches\\modules-2\\files-2.1\\com.fasterxml.jackson.dataformat\\jackson-dataformat-yaml\\2.19.2\\ba1079940daa609061e46c80b72c5546c4718401\\jackson-dataformat-yaml-2.19.2.jar;C:\\Users\\Administrator\\.gradle\\caches\\modules-2\\files-2.1\\com.fasterxml.jackson.core\\jackson-core\\2.19.2\\50f3b4bd59b9ff51a0ed493e7b5abaf5c39709bf\\jackson-core-2.19.2.jar;C:\\Users\\Administrator\\.gradle\\caches\\modules-2\\files-2.1\\com.fasterxml.jackson.core\\jackson-databind\\2.19.2\\46509399d28f57ca32c6bb4b0d4e10e8f062051e\\jackson-databind-2.19.2.jar;C:\\Users\\Administrator\\.gradle\\caches\\modules-2\\files-2.1\\com.mysql\\mysql-connector-j\\9.4.0\\8f6c66269048fbd2316b7b45d75898ebee44986f\\mysql-connector-j-9.4.0.jar;C:\\Users\\Administrator\\.gradle\\caches\\modules-2\\files-2.1\\com.h2database\\h2\\2.3.232\\4fcc05d966ccdb2812ae8b9a718f69226c0cf4e2\\h2-2.3.232.jar;C:\\Users\\Administrator\\.gradle\\caches\\modules-2\\files-2.1\\org.springframework.boot\\spring-boot-starter-test\\3.5.6\\a9d9c8bbd492d33c359a8d5b32a80396b2bc212f\\spring-boot-starter-test-3.5.6.jar;C:\\Users\\Administrator\\.gradle\\caches\\modules-2\\files-2.1\\org.springframework.security\\spring-security-test\\6.5.5\\623eb0a5830e6b07f43481fc765c02fdf9a7de95\\spring-security-test-6.5.5.jar;C:\\Users\\Administrator\\.gradle\\caches\\modules-2\\files-2.1\\org.junit.jupiter\\junit-jupiter\\5.12.2\\64d3ec64ae06517bc14b7faaaec7c996b0d05bea\\junit-jupiter-5.12.2.jar;C:\\Users\\Administrator\\.gradle\\caches\\modules-2\\files-2.1\\org.junit.jupiter\\junit-jupiter-engine\\5.12.2\\b8df7575b8cd3a94dbe27b481d1cd52c57864559\\junit-jupiter-engine-5.12.2.jar;C:\\Users\\Administrator\\.gradle\\caches\\modules-2\\files-2.1\\org.junit.platform\\junit-platform-engine\\1.12.2\\8519ece93f91b8115705d36be2c36d49808935cd\\junit-platform-engine-1.12.2.jar;C:\\Users\\Administrator\\.gradle\\caches\\modules-2\\files-2.1\\org.mockito\\mockito-junit-jupiter\\5.17.0\\4399e19e3fb5b55230027583323e4c883d5da07d\\mockito-junit-jupiter-5.17.0.jar;C:\\Users\\Administrator\\.gradle\\caches\\modules-2\\files-2.1\\org.junit.jupiter\\junit-jupiter-params\\5.12.2\\ff1434a66d1fb84c2c709cde2e2d56d5c8f4fad3\\junit-jupiter-params-5.12.2.jar;C:\\Users\\Administrator\\.gradle\\caches\\modules-2\\files-2.1\\org.junit.jupiter\\junit-jupiter-api\\5.12.2\\6de3a3256c5d90f4a439edcb6c2e8dc5180907b0\\junit-jupiter-api-5.12.2.jar;C:\\Users\\Administrator\\.gradle\\caches\\modules-2\\files-2.1\\org.junit.platform\\junit-platform-commons\\1.12.2\\b89e88a89ee009937374a4c96912e007b34c8e35\\junit-platform-commons-1.12.2.jar;C:\\Users\\Administrator\\.gradle\\caches\\modules-2\\files-2.1\\org.junit.platform\\junit-platform-launcher\\1.12.2\\79d49ad13017c67a8bf76e10ba5ac8937d811772\\junit-platform-launcher-1.12.2.jar;C:\\Users\\Administrator\\.gradle\\caches\\modules-2\\files-2.1\\org.springframework.boot\\spring-boot-starter-jdbc\\3.5.6\\812d2dc9a662d9ab640bea01b383e82d881fc586\\spring-boot-starter-jdbc-3.5.6.jar;C:\\Users\\Administrator\\.gradle\\caches\\modules-2\\files-2.1\\org.springframework.boot\\spring-boot-starter\\3.5.6\\2a2de314809a7c4c9b7303063c1313e03fe31ad3\\spring-boot-starter-3.5.6.jar;C:\\Users\\Administrator\\.gradle\\caches\\modules-2\\files-2.1\\org.springframework.boot\\spring-boot-starter-tomcat\\3.5.6\\9384211e92c82344e23b00a580cc769724ea9a0c\\spring-boot-starter-tomcat-3.5.6.jar;C:\\Users\\Administrator\\.gradle\\caches\\modules-2\\files-2.1\\org.springframework\\spring-webmvc\\6.2.11\\3313fe95e06c1d3c94d00301cbed56ed1a9d2a86\\spring-webmvc-6.2.11.jar;C:\\Users\\Administrator\\.gradle\\caches\\modules-2\\files-2.1\\org.springframework.security\\spring-security-oauth2-client\\6.5.5\\1851fa9a375384beb1ced4ee83d638036428bfe6\\spring-security-oauth2-client-6.5.5.jar;C:\\Users\\Administrator\\.gradle\\caches\\modules-2\\files-2.1\\org.springframework.security\\spring-security-web\\6.5.5\\53362443076c948cf1fbdd078802ef58917b5938\\spring-security-web-6.5.5.jar;C:\\Users\\Administrator\\.gradle\\caches\\modules-2\\files-2.1\\org.springframework\\spring-websocket\\6.2.11\\f0d6ad3b49e734182f3acfa3d535ec557e2e837e\\spring-websocket-6.2.11.jar;C:\\Users\\Administrator\\.gradle\\caches\\modules-2\\files-2.1\\org.springframework.security\\spring-security-oauth2-jose\\6.5.5\\66dd75153e25b4d490badb21acfb11f26c7ac34\\spring-security-oauth2-jose-6.5.5.jar;C:\\Users\\Administrator\\.gradle\\caches\\modules-2\\files-2.1\\org.springframework.security\\spring-security-oauth2-core\\6.5.5\\963e00e9f1b7207ce806a6ddbf67fcbd327a4cd3\\spring-security-oauth2-core-6.5.5.jar;C:\\Users\\Administrator\\.gradle\\caches\\modules-2\\files-2.1\\org.springframework\\spring-web\\6.2.11\\e590ac3e1aaea2d34a5ccb5c25ad84acbada8468\\spring-web-6.2.11.jar;C:\\Users\\Administrator\\.gradle\\caches\\modules-2\\files-2.1\\org.thymeleaf\\thymeleaf-spring6\\3.1.3.RELEASE\\4b276ea2bd536a18e44b40ff1d9f4848965ff59c\\thymeleaf-spring6-3.1.3.RELEASE.jar;C:\\Users\\Administrator\\.gradle\\caches\\modules-2\\files-2.1\\org.hibernate.orm\\hibernate-core\\6.6.29.Final\\d12db68bb867e2fe6e68740b3fba3d1d633f77ff\\hibernate-core-6.6.29.Final.jar;C:\\Users\\Administrator\\.gradle\\caches\\modules-2\\files-2.1\\org.springframework.data\\spring-data-jpa\\3.5.4\\abd37141d1bd52283aac0d962d6efa1d4d72424b\\spring-data-jpa-3.5.4.jar;C:\\Users\\Administrator\\.gradle\\caches\\modules-2\\files-2.1\\org.springframework\\spring-aspects\\6.2.11\\e02d582f1595b101c7fa53778e91ddb71d62974e\\spring-aspects-6.2.11.jar;C:\\Users\\Administrator\\.gradle\\caches\\modules-2\\files-2.1\\org.springframework.security\\spring-security-config\\6.5.5\\e647f8334d2d4578f7b553e705a409017ac37be1\\spring-security-config-6.5.5.jar;C:\\Users\\Administrator\\.gradle\\caches\\modules-2\\files-2.1\\org.springframework.security\\spring-security-core\\6.5.5\\b4010d71d6b53cae574ba3d5c15629ed782f3318\\spring-security-core-6.5.5.jar;C:\\Users\\Administrator\\.gradle\\caches\\modules-2\\files-2.1\\org.springframework\\spring-context-support\\6.2.11\\b092cbb9c21eab6fbbbf57b21eaef8da6d3a96a6\\spring-context-support-6.2.11.jar;C:\\Users\\Administrator\\.gradle\\caches\\modules-2\\files-2.1\\org.springframework.boot\\spring-boot-test-autoconfigure\\3.5.6\\8dfdf84b445d7ad945814be8dcb0034fe2a4444a\\spring-boot-test-autoconfigure-3.5.6.jar;C:\\Users\\Administrator\\.gradle\\caches\\modules-2\\files-2.1\\org.springframework.boot\\spring-boot-test\\3.5.6\\62818d688e88efe1e34b292c39a54b34524d6e04\\spring-boot-test-3.5.6.jar;C:\\Users\\Administrator\\.gradle\\caches\\modules-2\\files-2.1\\org.springframework.boot\\spring-boot-autoconfigure\\3.5.6\\6b8fc2519774de4e82b0dbb5651093ce2ca20836\\spring-boot-autoconfigure-3.5.6.jar;C:\\Users\\Administrator\\.gradle\\caches\\modules-2\\files-2.1\\org.springframework.boot\\spring-boot\\3.5.6\\a02f486ab700dad1f81e54cb37651d92a3f9d700\\spring-boot-3.5.6.jar;C:\\Users\\Administrator\\.gradle\\caches\\modules-2\\files-2.1\\org.springframework\\spring-context\\6.2.11\\bbfb4d55385b2b65ecaf04937d209cf467eaba2f\\spring-context-6.2.11.jar;C:\\Users\\Administrator\\.gradle\\caches\\modules-2\\files-2.1\\org.springframework\\spring-aop\\6.2.11\\1e970383810700506d646c2fa8943725f123f000\\spring-aop-6.2.11.jar;C:\\Users\\Administrator\\.gradle\\caches\\modules-2\\files-2.1\\org.springframework\\spring-messaging\\6.2.11\\74df574d43104cdb0e9bf60bb6bef787ec05c8b6\\spring-messaging-6.2.11.jar;C:\\Users\\Administrator\\.gradle\\caches\\modules-2\\files-2.1\\org.apache.tomcat.embed\\tomcat-embed-el\\10.1.46\\e1fc6986d030e791415535e28fd21c0be11810de\\tomcat-embed-el-10.1.46.jar;C:\\Users\\Administrator\\.gradle\\caches\\modules-2\\files-2.1\\org.hibernate.validator\\hibernate-validator\\8.0.3.Final\\4425f554297a1c5ba03a3f30e559a9fd91048cf8\\hibernate-validator-8.0.3.Final.jar;C:\\Users\\Administrator\\.gradle\\caches\\modules-2\\files-2.1\\org.webjars\\swagger-ui\\5.10.3\\744ae2862cc79c137020f2ce6e07de2f1d6a2657\\swagger-ui-5.10.3.jar;C:\\Users\\Administrator\\.gradle\\caches\\modules-2\\files-2.1\\org.aspectj\\aspectjweaver\\1.9.24\\9b5aeb0cea9f958b9c57fb80e62996e95a3e9379\\aspectjweaver-1.9.24.jar;C:\\Users\\Administrator\\.gradle\\caches\\modules-2\\files-2.1\\org.eclipse.angus\\jakarta.mail\\2.0.4\\c9186aca3267c1ee38ada22acfb12d7ef5c73593\\jakarta.mail-2.0.4.jar;C:\\Users\\Administrator\\.gradle\\caches\\modules-2\\files-2.1\\com.jayway.jsonpath\\json-path\\2.9.0\\37fe2217f577b0b68b18e62c4d17a8858ecf9b69\\json-path-2.9.0.jar;C:\\Users\\Administrator\\.gradle\\caches\\modules-2\\files-2.1\\org.glassfish.jaxb\\jaxb-runtime\\4.0.5\\ca84c2a7169b5293e232b9d00d1e4e36d4c3914a\\jaxb-runtime-4.0.5.jar;C:\\Users\\Administrator\\.gradle\\caches\\modules-2\\files-2.1\\org.glassfish.jaxb\\jaxb-core\\4.0.5\\7b4b11ea5542eea4ad55e1080b23be436795b3\\jaxb-core-4.0.5.jar;C:\\Users\\Administrator\\.gradle\\caches\\modules-2\\files-2.1\\jakarta.xml.bind\\jakarta.xml.bind-api\\4.0.2\\6cd5a999b834b63238005b7144136379dc36cad2\\jakarta.xml.bind-api-4.0.2.jar;C:\\Users\\Administrator\\.gradle\\caches\\modules-2\\files-2.1\\com.nimbusds\\oauth2-oidc-sdk\\9.43.6\\a1842456e236f53e30946b2cb0bdeb17a44cdfd3\\oauth2-oidc-sdk-9.43.6.jar;C:\\Users\\Administrator\\.gradle\\caches\\modules-2\\files-2.1\\net.minidev\\json-smart\\2.5.2\\95d166b18f95907be0f46cdb9e1c0695eed03387\\json-smart-2.5.2.jar;C:\\Users\\Administrator\\.gradle\\caches\\modules-2\\files-2.1\\org.assertj\\assertj-core\\3.27.4\\65e62575f7e422df6d290dc1cb15f3c97108b2b1\\assertj-core-3.27.4.jar;C:\\Users\\Administrator\\.gradle\\caches\\modules-2\\files-2.1\\org.awaitility\\awaitility\\4.2.2\\7336242073ebf83fe034e42b46a403c5501b63c9\\awaitility-4.2.2.jar;C:\\Users\\Administrator\\.gradle\\caches\\modules-2\\files-2.1\\org.hamcrest\\hamcrest\\3.0\\8fd9b78a8e6a6510a078a9e30e9e86a6035cfaf7\\hamcrest-3.0.jar;C:\\Users\\Administrator\\.gradle\\caches\\modules-2\\files-2.1\\org.mockito\\mockito-core\\5.17.0\\f5fe5a2f94eb65f4f83ca0607bfe13ec0d9c6f3b\\mockito-core-5.17.0.jar;C:\\Users\\Administrator\\.gradle\\caches\\modules-2\\files-2.1\\org.skyscreamer\\jsonassert\\1.5.3\\aaa43e0823d2a0e106e8754d6a9c4ab24e05e9bc\\jsonassert-1.5.3.jar;C:\\Users\\Administrator\\.gradle\\caches\\modules-2\\files-2.1\\org.springframework\\spring-test\\6.2.11\\ed6016f9407fff2dd272018e5d5c32105dd929\\spring-test-6.2.11.jar;C:\\Users\\Administrator\\.gradle\\caches\\modules-2\\files-2.1\\org.springframework\\spring-orm\\6.2.11\\d14df2d6ecddd2984ef5590d73c5178d7df25c11\\spring-orm-6.2.11.jar;C:\\Users\\Administrator\\.gradle\\caches\\modules-2\\files-2.1\\org.springframework\\spring-jdbc\\6.2.11\\8aadfc8bed1630563c65bb5628e2175ecd508998\\spring-jdbc-6.2.11.jar;C:\\Users\\Administrator\\.gradle\\caches\\modules-2\\files-2.1\\org.springframework.data\\spring-data-commons\\3.5.4\\b61f6528cb8b39b471775a4b27f0437f6646f1e6\\spring-data-commons-3.5.4.jar;C:\\Users\\Administrator\\.gradle\\caches\\modules-2\\files-2.1\\org.springframework\\spring-tx\\6.2.11\\f2b8bef65f6682019002c12a628886637e596261\\spring-tx-6.2.11.jar;C:\\Users\\Administrator\\.gradle\\caches\\modules-2\\files-2.1\\org.springframework\\spring-beans\\6.2.11\\8d92eb837b70094d7316f6a07770eefd360bc53c\\spring-beans-6.2.11.jar;C:\\Users\\Administrator\\.gradle\\caches\\modules-2\\files-2.1\\org.springframework\\spring-expression\\6.2.11\\7190c1c69576516efef1a061d956dccf17cb0b86\\spring-expression-6.2.11.jar;C:\\Users\\Administrator\\.gradle\\caches\\modules-2\\files-2.1\\org.springframework\\spring-core\\6.2.11\\f4860eb6ea92abb8ae6c5e82e2e7efc395cef8d\\spring-core-6.2.11.jar;C:\\Users\\Administrator\\.gradle\\caches\\modules-2\\files-2.1\\org.xmlunit\\xmlunit-core\\2.10.4\\eff1eddcdb52fdeaa7e28ca68301db49361d8bec\\xmlunit-core-2.10.4.jar;C:\\Users\\Administrator\\.gradle\\caches\\modules-2\\files-2.1\\org.springframework.boot\\spring-boot-starter-logging\\3.5.6\\61717f15cb53d2a0cce6428b29adbdc2ed5f2f25\\spring-boot-starter-logging-3.5.6.jar;C:\\Users\\Administrator\\.gradle\\caches\\modules-2\\files-2.1\\jakarta.annotation\\jakarta.annotation-api\\2.1.1\\48b9bda22b091b1f48b13af03fe36db3be6e1ae3\\jakarta.annotation-api-2.1.1.jar;C:\\Users\\Administrator\\.gradle\\caches\\modules-2\\files-2.1\\org.yaml\\snakeyaml\\2.4\\e0666b825b796f85521f02360e77f4c92c5a7a07\\snakeyaml-2.4.jar;C:\\Users\\Administrator\\.gradle\\caches\\modules-2\\files-2.1\\org.apache.tomcat.embed\\tomcat-embed-websocket\\10.1.46\\e98da6e2f659ec02062d2c84a07b7262e82d8b74\\tomcat-embed-websocket-10.1.46.jar;C:\\Users\\Administrator\\.gradle\\caches\\modules-2\\files-2.1\\org.apache.tomcat.embed\\tomcat-embed-core\\10.1.46\\64d4eee6e42eb61492a7b84d458327bfb1c1d957\\tomcat-embed-core-10.1.46.jar;C:\\Users\\Administrator\\.gradle\\caches\\modules-2\\files-2.1\\io.micrometer\\micrometer-observation\\1.15.4\\8cd0aed0ff098a7937f2f8f81705840f2d60a432\\micrometer-observation-1.15.4.jar;C:\\Users\\Administrator\\.gradle\\caches\\modules-2\\files-2.1\\org.thymeleaf\\thymeleaf\\3.1.3.RELEASE\\51474f2a90b282ee97dabcd159c7faf24790f373\\thymeleaf-3.1.3.RELEASE.jar;C:\\Users\\Administrator\\.gradle\\caches\\modules-2\\files-2.1\\com.zaxxer\\HikariCP\\6.3.3\\7c5aec1e47a97ff40977e0193018865304ea9585\\HikariCP-6.3.3.jar;C:\\Users\\Administrator\\.gradle\\caches\\modules-2\\files-2.1\\ch.qos.logback\\logback-classic\\1.5.18\\fc371f3fc97a639de2d67947cffb7518ec5e3d40\\logback-classic-1.5.18.jar;C:\\Users\\Administrator\\.gradle\\caches\\modules-2\\files-2.1\\org.apache.logging.log4j\\log4j-to-slf4j\\2.24.3\\da1143e2a2531ee1c2d90baa98eb50a28a39d5a7\\log4j-to-slf4j-2.24.3.jar;C:\\Users\\Administrator\\.gradle\\caches\\modules-2\\files-2.1\\org.slf4j\\jul-to-slf4j\\2.0.17\\524cb6ccc2b68a57604750e1ab8b13b5a786a6aa\\jul-to-slf4j-2.0.17.jar;C:\\Users\\Administrator\\.gradle\\caches\\modules-2\\files-2.1\\org.slf4j\\slf4j-api\\2.0.17\\d9e58ac9c7779ba3bf8142aff6c830617a7fe60f\\slf4j-api-2.0.17.jar;C:\\Users\\Administrator\\.gradle\\caches\\modules-2\\files-2.1\\jakarta.persistence\\jakarta.persistence-api\\3.1.0\\66901fa1c373c6aff65c13791cc11da72060a8d6\\jakarta.persistence-api-3.1.0.jar;C:\\Users\\Administrator\\.gradle\\caches\\modules-2\\files-2.1\\jakarta.transaction\\jakarta.transaction-api\\2.0.1\\51a520e3fae406abb84e2e1148e6746ce3f80a1a\\jakarta.transaction-api-2.0.1.jar;C:\\Users\\Administrator\\.gradle\\caches\\modules-2\\files-2.1\\org.jboss.logging\\jboss-logging\\3.6.1.Final\\886afbb445b4016a37c8960a7aef6ebd769ce7e5\\jboss-logging-3.6.1.Final.jar;C:\\Users\\Administrator\\.gradle\\caches\\modules-2\\files-2.1\\org.hibernate.common\\hibernate-commons-annotations\\7.0.3.Final\\e183c4be8bb41d12e9f19b374e00c34a0a85f439\\hibernate-commons-annotations-7.0.3.Final.jar;C:\\Users\\Administrator\\.gradle\\caches\\modules-2\\files-2.1\\io.smallrye\\jandex\\3.2.0\\f17ad860f62a08487b9edabde608f8ac55c62fa7\\jandex-3.2.0.jar;C:\\Users\\Administrator\\.gradle\\caches\\modules-2\\files-2.1\\com.fasterxml\\classmate\\1.7.0\\e98374da1f2143ac8e6e0a95036994bb19137a3\\classmate-1.7.0.jar;C:\\Users\\Administrator\\.gradle\\caches\\modules-2\\files-2.1\\net.bytebuddy\\byte-buddy\\1.17.7\\3856bfab61beb23e099a0d6629f2ba8de4b98ace\\byte-buddy-1.17.7.jar;C:\\Users\\Administrator\\.gradle\\caches\\modules-2\\files-2.1\\jakarta.inject\\jakarta.inject-api\\2.0.1\\4c28afe1991a941d7702fe1362c365f0a8641d1e\\jakarta.inject-api-2.0.1.jar;C:\\Users\\Administrator\\.gradle\\caches\\modules-2\\files-2.1\\org.antlr\\antlr4-runtime\\4.13.0\\5a02e48521624faaf5ff4d99afc88b01686af655\\antlr4-runtime-4.13.0.jar;C:\\Users\\Administrator\\.gradle\\caches\\modules-2\\files-2.1\\jakarta.validation\\jakarta.validation-api\\3.0.2\\92b6631659ba35ca09e44874d3eb936edfeee532\\jakarta.validation-api-3.0.2.jar;C:\\Users\\Administrator\\.gradle\\caches\\modules-2\\files-2.1\\org.springframework.security\\spring-security-crypto\\6.5.5\\83f9ebdd4706d23d697a7012aa946b64b54476f6\\spring-security-crypto-6.5.5.jar;C:\\Users\\Administrator\\.gradle\\caches\\modules-2\\files-2.1\\com.nimbusds\\nimbus-jose-jwt\\9.37.4\\3d680c5ea93472186fda6d0d920d7975d3f4e15c\\nimbus-jose-jwt-9.37.4.jar;C:\\Users\\Administrator\\.gradle\\caches\\modules-2\\files-2.1\\org.eclipse.angus\\angus-activation\\2.0.2\\41f1e0ddd157c856926ed149ab837d110955a9fc\\angus-activation-2.0.2.jar;C:\\Users\\Administrator\\.gradle\\caches\\modules-2\\files-2.1\\jakarta.activation\\jakarta.activation-api\\2.1.4\\9e5c2a0d75dde71a0bedc4dbdbe47b78a5dc50f8\\jakarta.activation-api-2.1.4.jar;C:\\Users\\Administrator\\.gradle\\caches\\modules-2\\files-2.1\\net.minidev\\accessors-smart\\2.5.2\\ce16fd235cfee48e67eda33e684423bba09f7d07\\accessors-smart-2.5.2.jar;C:\\Users\\Administrator\\.gradle\\caches\\modules-2\\files-2.1\\net.bytebuddy\\byte-buddy-agent\\1.17.7\\fbf3d6d649ed37fc9e9c59480a05be0a26e3c2da\\byte-buddy-agent-1.17.7.jar;C:\\Users\\Administrator\\.gradle\\caches\\modules-2\\files-2.1\\org.objenesis\\objenesis\\3.3\\1049c09f1de4331e8193e579448d0916d75b7631\\objenesis-3.3.jar;C:\\Users\\Administrator\\.gradle\\caches\\modules-2\\files-2.1\\com.vaadin.external.google\\android-json\\0.0.20131108.vaadin1\\fa26d351fe62a6a17f5cda1287c1c6110dec413f\\android-json-0.0.20131108.vaadin1.jar;C:\\Users\\Administrator\\.gradle\\caches\\modules-2\\files-2.1\\org.springframework\\spring-jcl\\6.2.11\\819fc7e968ac07d4b042be7cfb8d99c267142ac7\\spring-jcl-6.2.11.jar;C:\\Users\\Administrator\\.gradle\\caches\\modules-2\\files-2.1\\org.opentest4j\\opentest4j\\1.3.0\\152ea56b3a72f655d4fd677fc0ef2596c3dd5e6e\\opentest4j-1.3.0.jar;C:\\Users\\Administrator\\.gradle\\caches\\modules-2\\files-2.1\\io.micrometer\\micrometer-commons\\1.15.4\\f73f10deeee5700b15c2f0f41ae79e2689b39613\\micrometer-commons-1.15.4.jar;C:\\Users\\Administrator\\.gradle\\caches\\modules-2\\files-2.1\\org.attoparser\\attoparser\\2.0.7.RELEASE\\e5d0e988d9124139d645bb5872b24dfa23e283cc\\attoparser-2.0.7.RELEASE.jar;C:\\Users\\Administrator\\.gradle\\caches\\modules-2\\files-2.1\\org.unbescape\\unbescape\\1.1.6.RELEASE\\7b90360afb2b860e09e8347112800d12c12b2a13\\unbescape-1.1.6.RELEASE.jar;C:\\Users\\Administrator\\.gradle\\caches\\modules-2\\files-2.1\\com.github.stephenc.jcip\\jcip-annotations\\1.0-1\\ef31541dd28ae2cefdd17c7ebf352d93e9058c63\\jcip-annotations-1.0-1.jar;C:\\Users\\Administrator\\.gradle\\caches\\modules-2\\files-2.1\\com.nimbusds\\content-type\\2.2\\9a894bce7646dd4086652d85b88013229f23724b\\content-type-2.2.jar;C:\\Users\\Administrator\\.gradle\\caches\\modules-2\\files-2.1\\com.nimbusds\\lang-tag\\1.7\\97c73ecd70bc7e8eefb26c5eea84f251a63f1031\\lang-tag-1.7.jar;C:\\Users\\Administrator\\.gradle\\caches\\modules-2\\files-2.1\\org.ow2.asm\\asm\\9.7.1\\f0ed132a49244b042cd0e15702ab9f2ce3cc8436\\asm-9.7.1.jar;C:\\Users\\Administrator\\.gradle\\caches\\modules-2\\files-2.1\\ch.qos.logback\\logback-core\\1.5.18\\6c0375624f6f36b4e089e2488ba21334a11ef13f\\logback-core-1.5.18.jar;C:\\Users\\Administrator\\.gradle\\caches\\modules-2\\files-2.1\\org.apache.logging.log4j\\log4j-api\\2.24.3\\b02c125db8b6d295adf72ae6e71af5d83bce2370\\log4j-api-2.24.3.jar;C:\\Users\\Administrator\\.gradle\\caches\\modules-2\\files-2.1\\org.glassfish.jaxb\\txw2\\4.0.5\\f36a4ef12120a9bb06d766d6a0e54b144fd7ed98\\txw2-4.0.5.jar;C:\\Users\\Administrator\\.gradle\\caches\\modules-2\\files-2.1\\com.sun.istack\\istack-commons-runtime\\4.1.2\\18ec117c85f3ba0ac65409136afa8e42bc74e739\\istack-commons-runtime-4.1.2.jar;C:\\Users\\Administrator\\.gradle\\caches\\modules-2\\files-2.1\\org.apache.commons\\commons-lang3\\3.17.0\\b17d2136f0460dcc0d2016ceefca8723bdf4ee70\\commons-lang3-3.17.0.jar;C:\\Users\\Administrator\\.gradle\\caches\\modules-2\\files-2.1\\io.swagger.core.v3\\swagger-annotations-jakarta\\2.2.19\\c180d87c78d367771bbd954ebceba1b6c576fb52\\swagger-annotations-jakarta-2.2.19.jar
Launcher Type: SUN_STANDARD

[Global flags]
     intx CICompilerCount                          = 4                                         {product} {ergonomic}
     uint ConcGCThreads                            = 3                                         {product} {ergonomic}
     uint G1ConcRefinementThreads                  = 10                                        {product} {ergonomic}
   size_t G1HeapRegionSize                         = 1048576                                   {product} {ergonomic}
    uintx GCDrainStackTargetSize                   = 64                                        {product} {ergonomic}
   size_t InitialHeapSize                          = 266338304                                 {product} {ergonomic}
   size_t MarkStackSize                            = 4194304                                   {product} {ergonomic}
   size_t MaxHeapSize                              = 536870912                                 {product} {command line}
   size_t MaxNewSize                               = 321912832                                 {product} {ergonomic}
   size_t MinHeapDeltaBytes                        = 1048576                                   {product} {ergonomic}
   size_t MinHeapSize                              = 8388608                                   {product} {ergonomic}
    uintx NonNMethodCodeHeapSize                   = 5839372                                {pd product} {ergonomic}
    uintx NonProfiledCodeHeapSize                  = 122909434                              {pd product} {ergonomic}
    uintx ProfiledCodeHeapSize                     = 122909434                              {pd product} {ergonomic}
    uintx ReservedCodeCacheSize                    = 251658240                              {pd product} {ergonomic}
     bool SegmentedCodeCache                       = true                                      {product} {ergonomic}
   size_t SoftMaxHeapSize                          = 536870912                              {manageable} {ergonomic}
     bool UseCompressedOops                        = true                           {product lp64_product} {ergonomic}
     bool UseG1GC                                  = true                                      {product} {ergonomic}
     bool UseLargePagesIndividualAllocation        = false                                  {pd product} {ergonomic}

Logging:
Log output configuration:
 #0: stdout all=warning uptime,level,tags foldmultilines=false
 #1: stderr all=off uptime,level,tags foldmultilines=false

Environment Variables:
PATH=C:\Python\Scripts\;C:\Python\;C:\Program Files\Common Files\Oracle\Java\javapath;C:\windows\system32;C:\windows;C:\windows\System32\Wbem;C:\windows\System32\WindowsPowerShell\v1.0\;C:\windows\System32\OpenSSH\;C:\Program Files\Bandizip\;C:\Program Files\dotnet\;C:\Program Files (x86)\NVIDIA Corporation\PhysX\Common;C:\Program Files\Git\cmd;C:\NodeJS\;C:\Users\Administrator\AppData\Local\Microsoft\WindowsApps;C:\Users\Administrator\AppData\Local\gitkraken\bin;C:\Users\Administrator\AppData\Local\Programs\Antigravity\bin;C:\Users\Administrator\AppData\Roaming\npm;c:\Users\Administrator\.antigravity\extensions\vscjava.vscode-java-debug-0.58.5-universal\bundled\scripts\noConfigScripts
USERNAME=Administrator
LANG=en_US.UTF-8
OS=Windows_NT
PROCESSOR_IDENTIFIER=Intel64 Family 6 Model 151 Stepping 5, GenuineIntel
TMP=C:\Users\Administrator\AppData\Local\Temp
TEMP=C:\Users\Administrator\AppData\Local\Temp




Periodic native trim disabled

---------------  S Y S T E M  ---------------

OS:
 Windows 10 , 64 bit Build 19041 (10.0.19041.2546)
OS uptime: 0 days 7:42 hours

CPU: total 12 (initial active 12) (6 cores per cpu, 2 threads per core) family 6 model 151 stepping 5 microcode 0x26, cx8, cmov, fxsr, ht, mmx, 3dnowpref, sse, sse2, sse3, ssse3, sse4.1, sse4.2, popcnt, lzcnt, tsc, tscinvbit, avx, avx2, aes, erms, clmul, bmi1, bmi2, adx, sha, fma, vzeroupper, clflush, clflushopt, clwb, serialize, rdtscp, rdpid, fsrm, f16c, pku, cet_ibt, cet_ss
Processor Information for all 12 processors :
  Max Mhz: 2500, Current Mhz: 2500, Mhz Limit: 2500

Memory: 4k page, system-wide physical 16225M (845M free)
TotalPageFile size 32609M (AvailPageFile size 5M)
current process WorkingSet (physical memory assigned to process): 116M, peak: 116M
current process commit charge ("private bytes"): 380M, peak: 380M

vm_info: Java HotSpot(TM) 64-Bit Server VM (21.0.9+7-LTS-338) for windows-amd64 JRE (21.0.9+7-LTS-338), built on 2025-09-26T06:33:49Z by "mach5run" with MS VC++ 17.6 (VS2022)

END.
