#
# There is insufficient memory for the Java Runtime Environment to continue.
# Native memory allocation (mmap) failed to map 266338304 bytes for G1 virtual space
# Possible reasons:
#   The system is out of physical RAM or swap space
#   The process is running with CompressedOops enabled, and the Java Heap may be blocking the growth of the native heap
# Possible solutions:
#   Reduce memory load on the system
#   Increase physical memory or swap space
#   Check if swap backing store is full
#   Decrease Java heap size (-Xmx/-Xms)
#   Decrease number of Java threads
#   Decrease Java thread stack sizes (-Xss)
#   Set larger code cache with -XX:ReservedCodeCacheSize=
#   JVM is running with Zero Based Compressed Oops mode in which the Java heap is
#     placed in the first 32GB address space. The Java Heap base address is the
#     maximum limit for the native heap growth. Please use -XX:HeapBaseMinAddress
#     to set the Java Heap base and to place the Java Heap above 32GB virtual address.
# This output file may be truncated or incomplete.
#
#  Out of Memory Error (os_windows.cpp:3603), pid=13660, tid=20304
#
# JRE version:  (21.0.9+7) (build )
# Java VM: Java HotSpot(TM) 64-Bit Server VM (21.0.9+7-LTS-338, mixed mode, sharing, tiered, compressed oops, compressed class ptrs, g1 gc, windows-amd64)
# No core dump will be written. Minidumps are not enabled by default on client versions of Windows
#

---------------  S U M M A R Y ------------

Command Line: -Dnet.bytebuddy.agent.attacher.dump= net.bytebuddy.agent.Attacher com.sun.tools.attach.VirtualMachine 15664 C:\Users\Administrator\.gradle\caches\modules-2\files-2.1\net.bytebuddy\byte-buddy-agent\1.17.7\fbf3d6d649ed37fc9e9c59480a05be0a26e3c2da\byte-buddy-agent-1.17.7.jar false 

Host: 12th Gen Intel(R) Core(TM) i5-12400F, 12 cores, 15G,  Windows 10 , 64 bit Build 19041 (10.0.19041.2546)
Time: Sat Jan 31 07:36:33 2026 elapsed time: 0.005003 seconds (0d 0h 0m 0s)

---------------  T H R E A D  ---------------

Current thread (0x000001b22337d550):  JavaThread "Unknown thread" [_thread_in_vm, id=20304, stack(0x00000071e8200000,0x00000071e8300000) (1024K)]

Stack: [0x00000071e8200000,0x00000071e8300000]
Native frames: (J=compiled Java code, j=interpreted, Vv=VM code, C=native code)
V  [jvm.dll+0x6cbf89]
V  [jvm.dll+0x858421]
V  [jvm.dll+0x85a94e]
V  [jvm.dll+0x85b023]
V  [jvm.dll+0x27ebc6]
V  [jvm.dll+0x6c8705]
V  [jvm.dll+0x6bd26a]
V  [jvm.dll+0x354a0a]
V  [jvm.dll+0x35c686]
V  [jvm.dll+0x3af79e]
V  [jvm.dll+0x3afa48]
V  [jvm.dll+0x328d1c]
V  [jvm.dll+0x32987b]
V  [jvm.dll+0x821739]
V  [jvm.dll+0x3bc481]
V  [jvm.dll+0x80a9b8]
V  [jvm.dll+0x45166e]
V  [jvm.dll+0x453261]
C  [jli.dll+0x52a3]
C  [ucrtbase.dll+0x21bb2]
C  [KERNEL32.DLL+0x17614]
C  [ntdll.dll+0x526a1]


---------------  P R O C E S S  ---------------

Threads class SMR info:
_java_thread_list=0x00007ffec8bafc08, length=0, elements={
}

Java Threads: ( => current thread )
Total: 0

Other Threads:
  0x000001b2254e93d0 WorkerThread "GC Thread#0"                     [id=11096, stack(0x00000071e8300000,0x00000071e8400000) (1024K)]
  0x000001b2254fdf40 ConcurrentGCThread "G1 Main Marker"            [id=20996, stack(0x00000071e8400000,0x00000071e8500000) (1024K)]
  0x000001b2254ffa00 WorkerThread "G1 Conc#0"                       [id=25180, stack(0x00000071e8500000,0x00000071e8600000) (1024K)]

[error occurred during error reporting (printing all threads), id 0xc0000005, EXCEPTION_ACCESS_VIOLATION (0xc0000005) at pc=0x00007ffec831b4a7]
VM state: not at safepoint (not fully initialized)

VM Mutex/Monitor currently owned by a thread:  ([mutex/lock_event])
[0x00007ffec8c20ef0] Heap_lock - owner thread: 0x000001b22337d550

Heap address: 0x0000000702600000, size: 4058 MB, Compressed Oops mode: Zero based, Oop shift amount: 3

CDS archive(s) mapped at: [0x0000000000000000-0x0000000000000000-0x0000000000000000), size 0, SharedBaseAddress: 0x0000000800000000, ArchiveRelocationMode: 1.
Narrow klass base: 0x0000000000000000, Narrow klass shift: 0, Narrow klass range: 0x0

GC Precious Log:
 CardTable entry size: 512
 Card Set container configuration: InlinePtr #cards 4 size 8 Array Of Cards #cards 16 size 48 Howl #buckets 8 coarsen threshold 3686 Howl Bitmap #cards 512 size 80 coarsen threshold 460 Card regions per heap region 1 cards per card region 4096

Heap:
 garbage-first heap   total 0K, used 0K [0x0000000702600000, 0x0000000800000000)
  region size 2048K, 0 young (0K), 0 survivors (0K)

[error occurred during error reporting (printing heap information), id 0xc0000005, EXCEPTION_ACCESS_VIOLATION (0xc0000005) at pc=0x00007ffec8704ff9]
GC Heap History (0 events):
No events

Dll operation events (1 events):
Event: 0.002 Loaded shared library C:\Program Files\Java\jdk-21\bin\java.dll

Deoptimization events (0 events):
No events

Classes loaded (0 events):
No events

Classes unloaded (0 events):
No events

Classes redefined (0 events):
No events

Internal exceptions (0 events):
No events

ZGC Phase Switch (0 events):
No events

VM Operations (0 events):
No events

Events (0 events):
No events


Dynamic libraries:
0x00007ff789e90000 - 0x00007ff789ea0000 	C:\Program Files\Java\jdk-21\bin\java.exe
0x00007fff4d2b0000 - 0x00007fff4d4a8000 	C:\windows\SYSTEM32\ntdll.dll
0x00007fff4c940000 - 0x00007fff4c9ff000 	C:\windows\System32\KERNEL32.DLL
0x00007fff4acd0000 - 0x00007fff4afa2000 	C:\windows\System32\KERNELBASE.dll
0x00007fff4ab60000 - 0x00007fff4ac60000 	C:\windows\System32\ucrtbase.dll
0x00007fff471e0000 - 0x00007fff471f9000 	C:\Program Files\Java\jdk-21\bin\jli.dll
0x00007fff471c0000 - 0x00007fff471db000 	C:\Program Files\Java\jdk-21\bin\VCRUNTIME140.dll
0x00007fff4cab0000 - 0x00007fff4cb5e000 	C:\windows\System32\ADVAPI32.dll
0x00007fff4c410000 - 0x00007fff4c4ae000 	C:\windows\System32\msvcrt.dll
0x00007fff4c120000 - 0x00007fff4c1bc000 	C:\windows\System32\sechost.dll
0x00007fff4c1c0000 - 0x00007fff4c2e5000 	C:\windows\System32\RPCRT4.dll
0x00007fff4bf70000 - 0x00007fff4c111000 	C:\windows\System32\USER32.dll
0x00007fff4afb0000 - 0x00007fff4afd2000 	C:\windows\System32\win32u.dll
0x00007fff378d0000 - 0x00007fff37b6a000 	C:\windows\WinSxS\amd64_microsoft.windows.common-controls_6595b64144ccf1df_6.0.19041.1110_none_60b5254171f9507e\COMCTL32.dll
0x00007fff4ca00000 - 0x00007fff4ca2b000 	C:\windows\System32\GDI32.dll
0x00007fff4b120000 - 0x00007fff4b22f000 	C:\windows\System32\gdi32full.dll
0x00007fff4b260000 - 0x00007fff4b2fd000 	C:\windows\System32\msvcp_win.dll
0x00007fff45190000 - 0x00007fff4519a000 	C:\windows\SYSTEM32\VERSION.dll
0x00007fff4cc10000 - 0x00007fff4cc40000 	C:\windows\System32\IMM32.DLL
0x00007fff47220000 - 0x00007fff4722c000 	C:\Program Files\Java\jdk-21\bin\vcruntime140_1.dll
0x00007fff37000000 - 0x00007fff3708e000 	C:\Program Files\Java\jdk-21\bin\msvcp140.dll
0x00007ffec7fe0000 - 0x00007ffec8cfd000 	C:\Program Files\Java\jdk-21\bin\server\jvm.dll
0x00007fff4c4b0000 - 0x00007fff4c51b000 	C:\windows\System32\WS2_32.dll
0x00007fff49f30000 - 0x00007fff49f7b000 	C:\windows\SYSTEM32\POWRPROF.dll
0x00007fff44f50000 - 0x00007fff44f77000 	C:\windows\SYSTEM32\WINMM.dll
0x00007fff49df0000 - 0x00007fff49e02000 	C:\windows\SYSTEM32\UMPDC.dll
0x00007fff48890000 - 0x00007fff488a2000 	C:\windows\SYSTEM32\kernel.appcore.dll
0x00007fff471b0000 - 0x00007fff471ba000 	C:\Program Files\Java\jdk-21\bin\jimage.dll
0x00007fff429a0000 - 0x00007fff42b84000 	C:\windows\SYSTEM32\DBGHELP.DLL
0x00007fff352f0000 - 0x00007fff35325000 	C:\windows\SYSTEM32\dbgcore.DLL
0x00007fff4b090000 - 0x00007fff4b112000 	C:\windows\System32\bcryptPrimitives.dll
0x00007fff45f80000 - 0x00007fff45f9f000 	C:\Program Files\Java\jdk-21\bin\java.dll

dbghelp: loaded successfully - version: 4.0.5 - missing functions: none
symbol engine: initialized successfully - sym options: 0x614 - pdb path: .;C:\Program Files\Java\jdk-21\bin;C:\windows\SYSTEM32;C:\windows\WinSxS\amd64_microsoft.windows.common-controls_6595b64144ccf1df_6.0.19041.1110_none_60b5254171f9507e;C:\Program Files\Java\jdk-21\bin\server

VM Arguments:
jvm_args: -Dnet.bytebuddy.agent.attacher.dump= 
java_command: net.bytebuddy.agent.Attacher com.sun.tools.attach.VirtualMachine 15664 C:\Users\Administrator\.gradle\caches\modules-2\files-2.1\net.bytebuddy\byte-buddy-agent\1.17.7\fbf3d6d649ed37fc9e9c59480a05be0a26e3c2da\byte-buddy-agent-1.17.7.jar false 
java_class_path (initial): C:\Users\Administrator\.gradle\caches\modules-2\files-2.1\net.bytebuddy\byte-buddy-agent\1.17.7\fbf3d6d649ed37fc9e9c59480a05be0a26e3c2da\byte-buddy-agent-1.17.7.jar
Launcher Type: SUN_STANDARD

[Global flags]
     intx CICompilerCount                          = 4                                         {product} {ergonomic}
     uint ConcGCThreads                            = 3                                         {product} {ergonomic}
     uint G1ConcRefinementThreads                  = 10                                        {product} {ergonomic}
   size_t G1HeapRegionSize                         = 2097152                                   {product} {ergonomic}
    uintx GCDrainStackTargetSize                   = 64                                        {product} {ergonomic}
   size_t InitialHeapSize                          = 266338304                                 {product} {ergonomic}
   size_t MarkStackSize                            = 4194304                                   {product} {ergonomic}
   size_t MaxHeapSize                              = 4255121408                                {product} {ergonomic}
   size_t MinHeapDeltaBytes                        = 2097152                                   {product} {ergonomic}
   size_t MinHeapSize                              = 8388608                                   {product} {ergonomic}
    uintx NonNMethodCodeHeapSize                   = 5839372                                {pd product} {ergonomic}
    uintx NonProfiledCodeHeapSize                  = 122909434                              {pd product} {ergonomic}
    uintx ProfiledCodeHeapSize                     = 122909434                              {pd product} {ergonomic}
    uintx ReservedCodeCacheSize                    = 251658240                              {pd product} {ergonomic}
     bool SegmentedCodeCache                       = true                                      {product} {ergonomic}
   size_t SoftMaxHeapSize                          = 4255121408                             {manageable} {ergonomic}
     bool UseCompressedOops                        = true                           {product lp64_product} {ergonomic}
     bool UseG1GC                                  = true                                      {product} {ergonomic}
     bool UseLargePagesIndividualAllocation        = false                                  {pd product} {ergonomic}

Logging:
Log output configuration:
 #0: stdout all=warning uptime,level,tags foldmultilines=false
 #1: stderr all=off uptime,level,tags foldmultilines=false

Environment Variables:
PATH=C:\Python\Scripts\;C:\Python\;C:\Program Files\Common Files\Oracle\Java\javapath;C:\windows\system32;C:\windows;C:\windows\System32\Wbem;C:\windows\System32\WindowsPowerShell\v1.0\;C:\windows\System32\OpenSSH\;C:\Program Files\Bandizip\;C:\Program Files\dotnet\;C:\Program Files (x86)\NVIDIA Corporation\PhysX\Common;C:\Program Files\Git\cmd;C:\NodeJS\;C:\Users\Administrator\AppData\Local\Microsoft\WindowsApps;C:\Users\Administrator\AppData\Local\gitkraken\bin;C:\Users\Administrator\AppData\Local\Programs\Antigravity\bin;C:\Users\Administrator\AppData\Roaming\npm;c:\Users\Administrator\.antigravity\extensions\vscjava.vscode-java-debug-0.58.5-universal\bundled\scripts\noConfigScripts
USERNAME=Administrator
LANG=en_US.UTF-8
OS=Windows_NT
PROCESSOR_IDENTIFIER=Intel64 Family 6 Model 151 Stepping 5, GenuineIntel
TMP=C:\Users\Administrator\AppData\Local\Temp
TEMP=C:\Users\Administrator\AppData\Local\Temp




Periodic native trim disabled

---------------  S Y S T E M  ---------------

OS:
 Windows 10 , 64 bit Build 19041 (10.0.19041.2546)
OS uptime: 0 days 7:44 hours

CPU: total 12 (initial active 12) (6 cores per cpu, 2 threads per core) family 6 model 151 stepping 5 microcode 0x26, cx8, cmov, fxsr, ht, mmx, 3dnowpref, sse, sse2, sse3, ssse3, sse4.1, sse4.2, popcnt, lzcnt, tsc, tscinvbit, avx, avx2, aes, erms, clmul, bmi1, bmi2, adx, sha, fma, vzeroupper, clflush, clflushopt, clwb, serialize, rdtscp, rdpid, fsrm, f16c, pku, cet_ibt, cet_ss
Processor Information for all 12 processors :
  Max Mhz: 2500, Current Mhz: 2500, Mhz Limit: 2500

Memory: 4k page, system-wide physical 16225M (869M free)
TotalPageFile size 32609M (AvailPageFile size 237M)
current process WorkingSet (physical memory assigned to process): 11M, peak: 11M
current process commit charge ("private bytes"): 64M, peak: 318M

vm_info: Java HotSpot(TM) 64-Bit Server VM (21.0.9+7-LTS-338) for windows-amd64 JRE (21.0.9+7-LTS-338), built on 2025-09-26T06:33:49Z by "mach5run" with MS VC++ 17.6 (VS2022)

END.
